2X2X2 RUBIK'S CUBE CONFIGURATION GENERATION
1: QUARTER-TURN METRIC; 2: HALF-TURN METRIC; 3: SEMI-QUARTER-TURN METRIC; 4: TWO-QUARTER-TURN METRIC
1
QUARTER-TURN METRIC
1: BISECTION SEARCH IN SORTED LIST; 2: SEQUENTIAL SEARCH IN UNSORTED LIST
1
BISECTION SEARCH IN SORTED LIST
TOTAL NUMBER OF CONFIGURATIONS = 3674160
STEP          0 NEW CONFIGS          1 CUMMULATIVE CONFIGS          1
STEP          1 NEW CONFIGS          6 CUMMULATIVE CONFIGS          7 CPU TIME                0.010
DISTANCE 0 FOUND 0
DISTANCE 1 FOUND 0
SUM 6 = 6 X 1
STEP          2 NEW CONFIGS         27 CUMMULATIVE CONFIGS         34 CPU TIME                0.001
DISTANCE 0 FOUND 6
DISTANCE 1 FOUND 0
DISTANCE 2 FOUND 3
SUM 36 = 6 X 6
STEP          3 NEW CONFIGS        120 CUMMULATIVE CONFIGS        154 CPU TIME                0.001
DISTANCE 0 FOUND 0
DISTANCE 1 FOUND 30
DISTANCE 2 FOUND 0
DISTANCE 3 FOUND 12
SUM 162 = 6 X 27
STEP          4 NEW CONFIGS        534 CUMMULATIVE CONFIGS        688 CPU TIME                0.002
DISTANCE 0 FOUND 0
DISTANCE 1 FOUND 0
DISTANCE 2 FOUND 132
DISTANCE 3 FOUND 0
DISTANCE 4 FOUND 54
SUM 720 = 6 X 120
STEP          5 NEW CONFIGS       2256 CUMMULATIVE CONFIGS       2944 CPU TIME                0.008
DISTANCE 0 FOUND 0
DISTANCE 1 FOUND 0
DISTANCE 2 FOUND 0
DISTANCE 3 FOUND 588
DISTANCE 4 FOUND 0
DISTANCE 5 FOUND 360
SUM 3204 = 6 X 534
STEP          6 NEW CONFIGS       8969 CUMMULATIVE CONFIGS      11913 CPU TIME                0.086
DISTANCE 0 FOUND 0
DISTANCE 1 FOUND 0
DISTANCE 2 FOUND 0
DISTANCE 3 FOUND 0
DISTANCE 4 FOUND 2616
DISTANCE 5 FOUND 0
DISTANCE 6 FOUND 1951
SUM 13536 = 6 X 2256
STEP          7 NEW CONFIGS      33058 CUMMULATIVE CONFIGS      44971 CPU TIME                1.175
DISTANCE 0 FOUND 0
DISTANCE 1 FOUND 0
DISTANCE 2 FOUND 0
DISTANCE 3 FOUND 0
DISTANCE 4 FOUND 0
DISTANCE 5 FOUND 10920
DISTANCE 6 FOUND 0
DISTANCE 7 FOUND 9836
SUM 53814 = 6 X 8969
STEP          8 NEW CONFIGS     114149 CUMMULATIVE CONFIGS     159120 CPU TIME               15.293
DISTANCE 0 FOUND 0
DISTANCE 1 FOUND 0
DISTANCE 2 FOUND 0
DISTANCE 3 FOUND 0
DISTANCE 4 FOUND 0
DISTANCE 5 FOUND 0
DISTANCE 6 FOUND 42894
DISTANCE 7 FOUND 0
DISTANCE 8 FOUND 41305
SUM 198348 = 6 X 33058
STEP          9 NEW CONFIGS     360508 CUMMULATIVE CONFIGS     519628 CPU TIME              172.438
DISTANCE 0 FOUND 0
DISTANCE 1 FOUND 0
DISTANCE 2 FOUND 0
DISTANCE 3 FOUND 0
DISTANCE 4 FOUND 0
DISTANCE 5 FOUND 0
DISTANCE 6 FOUND 0
DISTANCE 7 FOUND 155454
DISTANCE 8 FOUND 0
DISTANCE 9 FOUND 168932
SUM 684894 = 6 X 114149
STEP         10 NEW CONFIGS     930588 CUMMULATIVE CONFIGS    1450216 CPU TIME             1301.807
DISTANCE 0 FOUND 0
DISTANCE 1 FOUND 0
DISTANCE 2 FOUND 0
DISTANCE 3 FOUND 0
DISTANCE 4 FOUND 0
DISTANCE 5 FOUND 0
DISTANCE 6 FOUND 0
DISTANCE 7 FOUND 0
DISTANCE 8 FOUND 529440
DISTANCE 9 FOUND 0
DISTANCE 10 FOUND 703020
SUM 2163048 = 6 X 360508
STEP         11 NEW CONFIGS    1350852 CUMMULATIVE CONFIGS    2801068 CPU TIME             4093.917
DISTANCE 0 FOUND 0
DISTANCE 1 FOUND 0
DISTANCE 2 FOUND 0
DISTANCE 3 FOUND 0
DISTANCE 4 FOUND 0
DISTANCE 5 FOUND 0
DISTANCE 6 FOUND 0
DISTANCE 7 FOUND 0
DISTANCE 8 FOUND 0
DISTANCE 9 FOUND 1633608
DISTANCE 10 FOUND 0
DISTANCE 11 FOUND 2599068
SUM 5583528 = 6 X 930588
STEP         12 NEW CONFIGS     782536 CUMMULATIVE CONFIGS    3583604 CPU TIME             3560.050
DISTANCE 0 FOUND 0
DISTANCE 1 FOUND 0
DISTANCE 2 FOUND 0
DISTANCE 3 FOUND 0
DISTANCE 4 FOUND 0
DISTANCE 5 FOUND 0
DISTANCE 6 FOUND 0
DISTANCE 7 FOUND 0
DISTANCE 8 FOUND 0
DISTANCE 9 FOUND 0
DISTANCE 10 FOUND 3949920
DISTANCE 11 FOUND 0
DISTANCE 12 FOUND 3372656
SUM 8105112 = 6 X 1350852
STEP         13 NEW CONFIGS      90280 CUMMULATIVE CONFIGS    3673884 CPU TIME              471.773
DISTANCE 0 FOUND 0
DISTANCE 1 FOUND 0
DISTANCE 2 FOUND 0
DISTANCE 3 FOUND 0
DISTANCE 4 FOUND 0
DISTANCE 5 FOUND 0
DISTANCE 6 FOUND 0
DISTANCE 7 FOUND 0
DISTANCE 8 FOUND 0
DISTANCE 9 FOUND 0
DISTANCE 10 FOUND 0
DISTANCE 11 FOUND 4155192
DISTANCE 12 FOUND 0
DISTANCE 13 FOUND 449744
SUM 4695216 = 6 X 782536
STEP         14 NEW CONFIGS        276 CUMMULATIVE CONFIGS    3674160 CPU TIME                1.843
DISTANCE 0 FOUND 0
DISTANCE 1 FOUND 0
DISTANCE 2 FOUND 0
DISTANCE 3 FOUND 0
DISTANCE 4 FOUND 0
DISTANCE 5 FOUND 0
DISTANCE 6 FOUND 0
DISTANCE 7 FOUND 0
DISTANCE 8 FOUND 0
DISTANCE 9 FOUND 0
DISTANCE 10 FOUND 0
DISTANCE 11 FOUND 0
DISTANCE 12 FOUND 540024
DISTANCE 13 FOUND 0
DISTANCE 14 FOUND 1380
SUM 541680 = 6 X 90280
POST-ENUMERATION ANALYSIS
RADIUS = 14
1-TURN 9250654
2-TURN 5201854
3-TURN 7755948
4-TURN 5035156
5-TURN 7243658
6-TURN 4702738
SUM 39190008
