2X2X2 RUBIK'S CUBE CONFIGURATION GENERATION
1: QUARTER-TURN METRIC; 2: HALF-TURN METRIC; 3: SEMI-QUARTER-TURN METRIC; 4: TWO-QUARTER-TURN METRIC
1
QUARTER-TURN METRIC
1: BISECTION SEARCH IN SORTED LIST; 2: SEQUENTIAL SEARCH IN UNSORTED LIST
1
BISECTION SEARCH IN SORTED LIST
TOTAL NUMBER OF CONFIGURATIONS = 3674160
STEP          0 NEW CONFIGS          1 CUMMULATIVE CONFIGS          1
STEP          1 NEW CONFIGS          6 CUMMULATIVE CONFIGS          7 CPU TIME                0.011
DISTANCE 0 FOUND 0
DISTANCE 1 FOUND 0
SUM 6 = 6 X 1
STEP          2 NEW CONFIGS         27 CUMMULATIVE CONFIGS         34 CPU TIME                0.002
DISTANCE 0 FOUND 6
DISTANCE 1 FOUND 0
DISTANCE 2 FOUND 3
SUM 36 = 6 X 6
STEP          3 NEW CONFIGS        120 CUMMULATIVE CONFIGS        154 CPU TIME                0.001
DISTANCE 0 FOUND 0
DISTANCE 1 FOUND 30
DISTANCE 2 FOUND 0
DISTANCE 3 FOUND 12
SUM 162 = 6 X 27
STEP          4 NEW CONFIGS        534 CUMMULATIVE CONFIGS        688 CPU TIME                0.002
DISTANCE 0 FOUND 0
DISTANCE 1 FOUND 0
DISTANCE 2 FOUND 132
DISTANCE 3 FOUND 0
DISTANCE 4 FOUND 54
SUM 720 = 6 X 120
STEP          5 NEW CONFIGS       2256 CUMMULATIVE CONFIGS       2944 CPU TIME                0.007
DISTANCE 0 FOUND 0
DISTANCE 1 FOUND 0
DISTANCE 2 FOUND 0
DISTANCE 3 FOUND 588
DISTANCE 4 FOUND 0
DISTANCE 5 FOUND 360
SUM 3204 = 6 X 534
STEP          6 NEW CONFIGS       8969 CUMMULATIVE CONFIGS      11913 CPU TIME                0.087
DISTANCE 0 FOUND 0
DISTANCE 1 FOUND 0
DISTANCE 2 FOUND 0
DISTANCE 3 FOUND 0
DISTANCE 4 FOUND 2616
DISTANCE 5 FOUND 0
DISTANCE 6 FOUND 1951
SUM 13536 = 6 X 2256
STEP          7 NEW CONFIGS      33058 CUMMULATIVE CONFIGS      44971 CPU TIME                1.181
DISTANCE 0 FOUND 0
DISTANCE 1 FOUND 0
DISTANCE 2 FOUND 0
DISTANCE 3 FOUND 0
DISTANCE 4 FOUND 0
DISTANCE 5 FOUND 10920
DISTANCE 6 FOUND 0
DISTANCE 7 FOUND 9836
SUM 53814 = 6 X 8969
STEP          8 NEW CONFIGS     114149 CUMMULATIVE CONFIGS     159120 CPU TIME               14.945
DISTANCE 0 FOUND 0
DISTANCE 1 FOUND 0
DISTANCE 2 FOUND 0
DISTANCE 3 FOUND 0
DISTANCE 4 FOUND 0
DISTANCE 5 FOUND 0
DISTANCE 6 FOUND 42894
DISTANCE 7 FOUND 0
DISTANCE 8 FOUND 41305
SUM 198348 = 6 X 33058
STEP          9 NEW CONFIGS     360508 CUMMULATIVE CONFIGS     519628 CPU TIME              174.595
DISTANCE 0 FOUND 0
DISTANCE 1 FOUND 0
DISTANCE 2 FOUND 0
DISTANCE 3 FOUND 0
DISTANCE 4 FOUND 0
DISTANCE 5 FOUND 0
DISTANCE 6 FOUND 0
DISTANCE 7 FOUND 155454
DISTANCE 8 FOUND 0
DISTANCE 9 FOUND 168932
SUM 684894 = 6 X 114149
STEP         10 NEW CONFIGS     930588 CUMMULATIVE CONFIGS    1450216 CPU TIME             1316.609
DISTANCE 0 FOUND 0
DISTANCE 1 FOUND 0
DISTANCE 2 FOUND 0
DISTANCE 3 FOUND 0
DISTANCE 4 FOUND 0
DISTANCE 5 FOUND 0
DISTANCE 6 FOUND 0
DISTANCE 7 FOUND 0
DISTANCE 8 FOUND 529440
DISTANCE 9 FOUND 0
DISTANCE 10 FOUND 703020
SUM 2163048 = 6 X 360508
STEP         11 NEW CONFIGS    1350852 CUMMULATIVE CONFIGS    2801068 CPU TIME             4110.589
DISTANCE 0 FOUND 0
DISTANCE 1 FOUND 0
DISTANCE 2 FOUND 0
DISTANCE 3 FOUND 0
DISTANCE 4 FOUND 0
DISTANCE 5 FOUND 0
DISTANCE 6 FOUND 0
DISTANCE 7 FOUND 0
DISTANCE 8 FOUND 0
DISTANCE 9 FOUND 1633608
DISTANCE 10 FOUND 0
DISTANCE 11 FOUND 2599068
SUM 5583528 = 6 X 930588
STEP         12 NEW CONFIGS     782536 CUMMULATIVE CONFIGS    3583604 CPU TIME             3564.555
DISTANCE 0 FOUND 0
DISTANCE 1 FOUND 0
DISTANCE 2 FOUND 0
DISTANCE 3 FOUND 0
DISTANCE 4 FOUND 0
DISTANCE 5 FOUND 0
DISTANCE 6 FOUND 0
DISTANCE 7 FOUND 0
DISTANCE 8 FOUND 0
DISTANCE 9 FOUND 0
DISTANCE 10 FOUND 3949920
DISTANCE 11 FOUND 0
DISTANCE 12 FOUND 3372656
SUM 8105112 = 6 X 1350852
STEP         13 NEW CONFIGS      90280 CUMMULATIVE CONFIGS    3673884 CPU TIME              473.066
DISTANCE 0 FOUND 0
DISTANCE 1 FOUND 0
DISTANCE 2 FOUND 0
DISTANCE 3 FOUND 0
DISTANCE 4 FOUND 0
DISTANCE 5 FOUND 0
DISTANCE 6 FOUND 0
DISTANCE 7 FOUND 0
DISTANCE 8 FOUND 0
DISTANCE 9 FOUND 0
DISTANCE 10 FOUND 0
DISTANCE 11 FOUND 4155192
DISTANCE 12 FOUND 0
DISTANCE 13 FOUND 449744
SUM 4695216 = 6 X 782536
STEP         14 NEW CONFIGS        276 CUMMULATIVE CONFIGS    3674160 CPU TIME                1.869
DISTANCE 0 FOUND 0
DISTANCE 1 FOUND 0
DISTANCE 2 FOUND 0
DISTANCE 3 FOUND 0
DISTANCE 4 FOUND 0
DISTANCE 5 FOUND 0
DISTANCE 6 FOUND 0
DISTANCE 7 FOUND 0
DISTANCE 8 FOUND 0
DISTANCE 9 FOUND 0
DISTANCE 10 FOUND 0
DISTANCE 11 FOUND 0
DISTANCE 12 FOUND 540024
DISTANCE 13 FOUND 0
DISTANCE 14 FOUND 1380
SUM 541680 = 6 X 90280
POST-ENUMERATION ANALYSIS
RADIUS = 14
DISTANCE 0
   1-TURN 0
   2-TURN 0
   3-TURN 0
   4-TURN 0
   5-TURN 0
   6-TURN 0
   SUM 0
DISTANCE 1
   1-TURN 1
   2-TURN 1
   3-TURN 1
   4-TURN 1
   5-TURN 1
   6-TURN 1
   SUM 6
DISTANCE 2
   1-TURN 10
   2-TURN 8
   3-TURN 10
   4-TURN 8
   5-TURN 10
   6-TURN 8
   SUM 54
DISTANCE 3
   1-TURN 68
   2-TURN 52
   3-TURN 68
   4-TURN 52
   5-TURN 68
   6-TURN 52
   SUM 360
DISTANCE 4
   1-TURN 408
   2-TURN 304
   3-TURN 408
   4-TURN 304
   5-TURN 408
   6-TURN 304
   SUM 2136
DISTANCE 5
   1-TURN 2203
   2-TURN 1595
   3-TURN 2184
   4-TURN 1576
   5-TURN 2165
   6-TURN 1557
   SUM 11280
DISTANCE 6
   1-TURN 10732
   2-TURN 7517
   3-TURN 10541
   4-TURN 7394
   5-TURN 10379
   6-TURN 7251
   SUM 53814
DISTANCE 7
   1-TURN 46774
   2-TURN 32110
   3-TURN 45628
   4-TURN 31487
   5-TURN 44789
   6-TURN 30618
   SUM 231406
DISTANCE 8
   1-TURN 186372
   2-TURN 126432
   3-TURN 180792
   4-TURN 123485
   5-TURN 177001
   6-TURN 119110
   SUM 913192
DISTANCE 9
   1-TURN 670103
   2-TURN 448583
   3-TURN 644397
   4-TURN 436085
   5-TURN 628231
   6-TURN 417173
   SUM 3244572
DISTANCE 10
   1-TURN 1969822
   2-TURN 1287454
   3-TURN 1853807
   4-TURN 1238554
   5-TURN 1785469
   6-TURN 1170774
   SUM 9305880
DISTANCE 11
   1-TURN 3426059
   2-TURN 2035549
   3-TURN 2954959
   4-TURN 1913387
   5-TURN 2751747
   6-TURN 1777671
   SUM 14859372
DISTANCE 12
   1-TURN 2577601
   2-TURN 1132331
   3-TURN 1831628
   4-TURN 1147394
   5-TURN 1647966
   6-TURN 1053512
   SUM 9390432
DISTANCE 13
   1-TURN 359295
   2-TURN 129493
   3-TURN 230737
   4-TURN 134990
   5-TURN 194828
   6-TURN 124297
   SUM 1173640
DISTANCE 14
   1-TURN 1206
   2-TURN 425
   3-TURN 788
   4-TURN 439
   5-TURN 596
   6-TURN 410
   SUM 3864
SUM 39190008
TOTAL
   1-TURN 9250654
   2-TURN 5201854
   3-TURN 7755948
   4-TURN 5035156
   5-TURN 7243658
   6-TURN 4702738
SUM 39190008
SUM 39190008
fort.11 CONTAINS I,LIST(I),DIST(I),TURN(I)
