2X2X2 RUBIK'S CUBE CONFIGURATION GENERATION
1: QUARTER-TURN METRIC; 2: HALF-TURN METRIC; 3: SEMI-QUARTER-TURN METRIC; 4: TWO-QUARTER-TURN METRIC
1
QUARTER-TURN METRIC
1: BISECTION SEARCH IN SORTED LIST; 2: SEQUENTIAL SEARCH IN UNSORTED LIST
1
BISECTION SEARCH IN SORTED LIST
TOTAL NUMBER OF CONFIGURATIONS = 3674160
STEP          0 NEW CONFIGS          0 CUMMULATIVE CONFIGS          1
STEP          1 NEW CONFIGS          6 CUMMULATIVE CONFIGS          7 CPU TIME                0.003
DISTANCE 0 FOUND 0
DISTANCE 1 FOUND 0
STEP          2 NEW CONFIGS         27 CUMMULATIVE CONFIGS         34 CPU TIME                0.001
DISTANCE 0 FOUND 6
DISTANCE 1 FOUND 0
DISTANCE 2 FOUND 3
STEP          3 NEW CONFIGS        120 CUMMULATIVE CONFIGS        154 CPU TIME                0.001
DISTANCE 0 FOUND 0
DISTANCE 1 FOUND 30
DISTANCE 2 FOUND 0
DISTANCE 3 FOUND 12
STEP          4 NEW CONFIGS        534 CUMMULATIVE CONFIGS        688 CPU TIME                0.001
DISTANCE 0 FOUND 0
DISTANCE 1 FOUND 0
DISTANCE 2 FOUND 132
DISTANCE 3 FOUND 0
DISTANCE 4 FOUND 54
STEP          5 NEW CONFIGS       2256 CUMMULATIVE CONFIGS       2944 CPU TIME                0.005
DISTANCE 0 FOUND 0
DISTANCE 1 FOUND 0
DISTANCE 2 FOUND 0
DISTANCE 3 FOUND 588
DISTANCE 4 FOUND 0
DISTANCE 5 FOUND 360
STEP          6 NEW CONFIGS       8969 CUMMULATIVE CONFIGS      11913 CPU TIME                0.060
DISTANCE 0 FOUND 0
DISTANCE 1 FOUND 0
DISTANCE 2 FOUND 0
DISTANCE 3 FOUND 0
DISTANCE 4 FOUND 2616
DISTANCE 5 FOUND 0
DISTANCE 6 FOUND 1951
STEP          7 NEW CONFIGS      33058 CUMMULATIVE CONFIGS      44971 CPU TIME                0.833
DISTANCE 0 FOUND 0
DISTANCE 1 FOUND 0
DISTANCE 2 FOUND 0
DISTANCE 3 FOUND 0
DISTANCE 4 FOUND 0
DISTANCE 5 FOUND 10920
DISTANCE 6 FOUND 0
DISTANCE 7 FOUND 9836
STEP          8 NEW CONFIGS     114149 CUMMULATIVE CONFIGS     159120 CPU TIME               10.201
DISTANCE 0 FOUND 0
DISTANCE 1 FOUND 0
DISTANCE 2 FOUND 0
DISTANCE 3 FOUND 0
DISTANCE 4 FOUND 0
DISTANCE 5 FOUND 0
DISTANCE 6 FOUND 42894
DISTANCE 7 FOUND 0
DISTANCE 8 FOUND 41305
    SEED CONFIGS    10000 CPU TIME                5.634
    SEED CONFIGS    20000 CPU TIME                6.843
    SEED CONFIGS    30000 CPU TIME                7.111
    SEED CONFIGS    40000 CPU TIME                8.852
    SEED CONFIGS    50000 CPU TIME                9.265
    SEED CONFIGS    60000 CPU TIME               11.295
    SEED CONFIGS    70000 CPU TIME               11.960
    SEED CONFIGS    80000 CPU TIME               12.409
    SEED CONFIGS    90000 CPU TIME               12.277
    SEED CONFIGS   100000 CPU TIME               13.551
    SEED CONFIGS   110000 CPU TIME               13.408
STEP          9 NEW CONFIGS     360508 CUMMULATIVE CONFIGS     519628 CPU TIME              118.208
DISTANCE 0 FOUND 0
DISTANCE 1 FOUND 0
DISTANCE 2 FOUND 0
DISTANCE 3 FOUND 0
DISTANCE 4 FOUND 0
DISTANCE 5 FOUND 0
DISTANCE 6 FOUND 0
DISTANCE 7 FOUND 155454
DISTANCE 8 FOUND 0
DISTANCE 9 FOUND 168932
    SEED CONFIGS    10000 CPU TIME               16.795
    SEED CONFIGS    20000 CPU TIME               17.195
    SEED CONFIGS    30000 CPU TIME               18.879
    SEED CONFIGS    40000 CPU TIME               18.317
    SEED CONFIGS    50000 CPU TIME               20.008
    SEED CONFIGS    60000 CPU TIME               19.046
    SEED CONFIGS    70000 CPU TIME               21.347
    SEED CONFIGS    80000 CPU TIME               21.245
    SEED CONFIGS    90000 CPU TIME               21.762
    SEED CONFIGS   100000 CPU TIME               22.917
    SEED CONFIGS   110000 CPU TIME               23.877
    SEED CONFIGS   120000 CPU TIME               22.970
    SEED CONFIGS   130000 CPU TIME               22.799
    SEED CONFIGS   140000 CPU TIME               23.401
    SEED CONFIGS   150000 CPU TIME               23.109
    SEED CONFIGS   160000 CPU TIME               23.954
    SEED CONFIGS   170000 CPU TIME               23.344
    SEED CONFIGS   180000 CPU TIME               25.010
    SEED CONFIGS   190000 CPU TIME               24.406
    SEED CONFIGS   200000 CPU TIME               23.656
    SEED CONFIGS   210000 CPU TIME               24.347
    SEED CONFIGS   220000 CPU TIME               24.877
    SEED CONFIGS   230000 CPU TIME               24.969
    SEED CONFIGS   240000 CPU TIME               25.622
    SEED CONFIGS   250000 CPU TIME               25.278
    SEED CONFIGS   260000 CPU TIME               25.122
    SEED CONFIGS   270000 CPU TIME               24.919
    SEED CONFIGS   280000 CPU TIME               26.152
    SEED CONFIGS   290000 CPU TIME               29.806
    SEED CONFIGS   300000 CPU TIME               30.075
    SEED CONFIGS   310000 CPU TIME               29.311
    SEED CONFIGS   320000 CPU TIME               27.815
    SEED CONFIGS   330000 CPU TIME               27.468
    SEED CONFIGS   340000 CPU TIME               29.176
    SEED CONFIGS   350000 CPU TIME               29.422
    SEED CONFIGS   360000 CPU TIME               28.809
STEP         10 NEW CONFIGS     930588 CUMMULATIVE CONFIGS    1450216 CPU TIME              868.498
DISTANCE 0 FOUND 0
DISTANCE 1 FOUND 0
DISTANCE 2 FOUND 0
DISTANCE 3 FOUND 0
DISTANCE 4 FOUND 0
DISTANCE 5 FOUND 0
DISTANCE 6 FOUND 0
DISTANCE 7 FOUND 0
DISTANCE 8 FOUND 529440
DISTANCE 9 FOUND 0
DISTANCE 10 FOUND 703020
    SEED CONFIGS    10000 CPU TIME               44.924
    SEED CONFIGS    20000 CPU TIME               42.344
    SEED CONFIGS    30000 CPU TIME               43.144
    SEED CONFIGS    40000 CPU TIME               41.542
    SEED CONFIGS    50000 CPU TIME               41.021
    SEED CONFIGS    60000 CPU TIME               41.499
    SEED CONFIGS    70000 CPU TIME               42.101
    SEED CONFIGS    80000 CPU TIME               43.147
    SEED CONFIGS    90000 CPU TIME               44.059
    SEED CONFIGS   100000 CPU TIME               41.897
    SEED CONFIGS   110000 CPU TIME               39.566
    SEED CONFIGS   120000 CPU TIME               42.060
    SEED CONFIGS   130000 CPU TIME               40.297
    SEED CONFIGS   140000 CPU TIME               41.983
    SEED CONFIGS   150000 CPU TIME               41.811
    SEED CONFIGS   160000 CPU TIME               42.439
    SEED CONFIGS   170000 CPU TIME               40.336
    SEED CONFIGS   180000 CPU TIME               38.972
    SEED CONFIGS   190000 CPU TIME               40.352
    SEED CONFIGS   200000 CPU TIME               40.629
    SEED CONFIGS   210000 CPU TIME               40.808
    SEED CONFIGS   220000 CPU TIME               40.550
    SEED CONFIGS   230000 CPU TIME               37.388
    SEED CONFIGS   240000 CPU TIME               37.904
    SEED CONFIGS   250000 CPU TIME               37.798
    SEED CONFIGS   260000 CPU TIME               37.620
    SEED CONFIGS   270000 CPU TIME               34.464
    SEED CONFIGS   280000 CPU TIME               36.822
    SEED CONFIGS   290000 CPU TIME               36.890
    SEED CONFIGS   300000 CPU TIME               37.460
    SEED CONFIGS   310000 CPU TIME               38.299
    SEED CONFIGS   320000 CPU TIME               35.677
    SEED CONFIGS   330000 CPU TIME               35.134
    SEED CONFIGS   340000 CPU TIME               36.145
    SEED CONFIGS   350000 CPU TIME               33.675
    SEED CONFIGS   360000 CPU TIME               33.240
    SEED CONFIGS   370000 CPU TIME               33.622
    SEED CONFIGS   380000 CPU TIME               34.544
    SEED CONFIGS   390000 CPU TIME               33.768
    SEED CONFIGS   400000 CPU TIME               34.972
    SEED CONFIGS   410000 CPU TIME               32.571
    SEED CONFIGS   420000 CPU TIME               32.920
    SEED CONFIGS   430000 CPU TIME               33.257
    SEED CONFIGS   440000 CPU TIME               32.618
    SEED CONFIGS   450000 CPU TIME               31.615
    SEED CONFIGS   460000 CPU TIME               32.682
    SEED CONFIGS   470000 CPU TIME               30.763
    SEED CONFIGS   480000 CPU TIME               31.646
    SEED CONFIGS   490000 CPU TIME               30.080
    SEED CONFIGS   500000 CPU TIME               30.481
    SEED CONFIGS   510000 CPU TIME               30.110
    SEED CONFIGS   520000 CPU TIME               29.906
    SEED CONFIGS   530000 CPU TIME               29.837
    SEED CONFIGS   540000 CPU TIME               29.215
    SEED CONFIGS   550000 CPU TIME               28.442
    SEED CONFIGS   560000 CPU TIME               27.150
    SEED CONFIGS   570000 CPU TIME               28.372
    SEED CONFIGS   580000 CPU TIME               28.035
    SEED CONFIGS   590000 CPU TIME               25.955
    SEED CONFIGS   600000 CPU TIME               25.072
    SEED CONFIGS   610000 CPU TIME               24.901
    SEED CONFIGS   620000 CPU TIME               24.168
    SEED CONFIGS   630000 CPU TIME               25.095
    SEED CONFIGS   640000 CPU TIME               23.336
    SEED CONFIGS   650000 CPU TIME               24.293
    SEED CONFIGS   660000 CPU TIME               22.568
    SEED CONFIGS   670000 CPU TIME               21.941
    SEED CONFIGS   680000 CPU TIME               21.829
    SEED CONFIGS   690000 CPU TIME               21.624
    SEED CONFIGS   700000 CPU TIME               20.933
    SEED CONFIGS   710000 CPU TIME               20.379
    SEED CONFIGS   720000 CPU TIME               19.039
    SEED CONFIGS   730000 CPU TIME               18.085
    SEED CONFIGS   740000 CPU TIME               18.712
    SEED CONFIGS   750000 CPU TIME               18.168
    SEED CONFIGS   760000 CPU TIME               17.332
    SEED CONFIGS   770000 CPU TIME               18.188
    SEED CONFIGS   780000 CPU TIME               16.750
    SEED CONFIGS   790000 CPU TIME               16.662
    SEED CONFIGS   800000 CPU TIME               16.341
    SEED CONFIGS   810000 CPU TIME               15.358
    SEED CONFIGS   820000 CPU TIME               14.499
    SEED CONFIGS   830000 CPU TIME               14.375
    SEED CONFIGS   840000 CPU TIME               13.574
    SEED CONFIGS   850000 CPU TIME               13.797
    SEED CONFIGS   860000 CPU TIME               13.110
    SEED CONFIGS   870000 CPU TIME               12.531
    SEED CONFIGS   880000 CPU TIME               12.311
    SEED CONFIGS   890000 CPU TIME               11.791
    SEED CONFIGS   900000 CPU TIME               11.178
    SEED CONFIGS   910000 CPU TIME               10.742
    SEED CONFIGS   920000 CPU TIME               10.673
    SEED CONFIGS   930000 CPU TIME                8.919
STEP         11 NEW CONFIGS    1350852 CUMMULATIVE CONFIGS    2801068 CPU TIME             2735.470
DISTANCE 0 FOUND 0
DISTANCE 1 FOUND 0
DISTANCE 2 FOUND 0
DISTANCE 3 FOUND 0
DISTANCE 4 FOUND 0
DISTANCE 5 FOUND 0
DISTANCE 6 FOUND 0
DISTANCE 7 FOUND 0
DISTANCE 8 FOUND 0
DISTANCE 9 FOUND 1633608
DISTANCE 10 FOUND 0
DISTANCE 11 FOUND 2599068
    SEED CONFIGS    10000 CPU TIME               55.687
    SEED CONFIGS    20000 CPU TIME               53.684
    SEED CONFIGS    30000 CPU TIME               52.960
    SEED CONFIGS    40000 CPU TIME               50.580
    SEED CONFIGS    50000 CPU TIME               50.166
    SEED CONFIGS    60000 CPU TIME               51.135
    SEED CONFIGS    70000 CPU TIME               54.345
    SEED CONFIGS    80000 CPU TIME               50.440
    SEED CONFIGS    90000 CPU TIME               48.777
    SEED CONFIGS   100000 CPU TIME               49.515
    SEED CONFIGS   110000 CPU TIME               48.532
    SEED CONFIGS   120000 CPU TIME               46.223
    SEED CONFIGS   130000 CPU TIME               47.922
    SEED CONFIGS   140000 CPU TIME               44.878
    SEED CONFIGS   150000 CPU TIME               44.881
    SEED CONFIGS   160000 CPU TIME               45.833
    SEED CONFIGS   170000 CPU TIME               41.298
    SEED CONFIGS   180000 CPU TIME               43.436
    SEED CONFIGS   190000 CPU TIME               43.744
    SEED CONFIGS   200000 CPU TIME               43.087
    SEED CONFIGS   210000 CPU TIME               41.997
    SEED CONFIGS   220000 CPU TIME               40.385
    SEED CONFIGS   230000 CPU TIME               41.647
    SEED CONFIGS   240000 CPU TIME               39.622
    SEED CONFIGS   250000 CPU TIME               40.632
    SEED CONFIGS   260000 CPU TIME               37.894
    SEED CONFIGS   270000 CPU TIME               39.076
    SEED CONFIGS   280000 CPU TIME               37.490
    SEED CONFIGS   290000 CPU TIME               36.252
    SEED CONFIGS   300000 CPU TIME               36.862
    SEED CONFIGS   310000 CPU TIME               36.999
    SEED CONFIGS   320000 CPU TIME               31.649
    SEED CONFIGS   330000 CPU TIME               31.766
    SEED CONFIGS   340000 CPU TIME               30.804
    SEED CONFIGS   350000 CPU TIME               29.080
    SEED CONFIGS   360000 CPU TIME               30.970
    SEED CONFIGS   370000 CPU TIME               29.876
    SEED CONFIGS   380000 CPU TIME               29.182
    SEED CONFIGS   390000 CPU TIME               26.998
    SEED CONFIGS   400000 CPU TIME               27.748
    SEED CONFIGS   410000 CPU TIME               26.317
    SEED CONFIGS   420000 CPU TIME               26.368
    SEED CONFIGS   430000 CPU TIME               25.178
    SEED CONFIGS   440000 CPU TIME               23.839
    SEED CONFIGS   450000 CPU TIME               23.014
    SEED CONFIGS   460000 CPU TIME               22.278
    SEED CONFIGS   470000 CPU TIME               23.040
    SEED CONFIGS   480000 CPU TIME               22.334
    SEED CONFIGS   490000 CPU TIME               21.467
    SEED CONFIGS   500000 CPU TIME               21.603
    SEED CONFIGS   510000 CPU TIME               19.887
    SEED CONFIGS   520000 CPU TIME               20.083
    SEED CONFIGS   530000 CPU TIME               20.279
    SEED CONFIGS   540000 CPU TIME               18.121
    SEED CONFIGS   550000 CPU TIME               17.839
    SEED CONFIGS   560000 CPU TIME               16.803
    SEED CONFIGS   570000 CPU TIME               16.342
    SEED CONFIGS   580000 CPU TIME               16.995
    SEED CONFIGS   590000 CPU TIME               16.636
    SEED CONFIGS   600000 CPU TIME               15.562
    SEED CONFIGS   610000 CPU TIME               14.246
    SEED CONFIGS   620000 CPU TIME               13.799
    SEED CONFIGS   630000 CPU TIME               14.192
    SEED CONFIGS   640000 CPU TIME               12.992
    SEED CONFIGS   650000 CPU TIME               12.030
    SEED CONFIGS   660000 CPU TIME               11.611
    SEED CONFIGS   670000 CPU TIME               14.561
    SEED CONFIGS   680000 CPU TIME               13.287
    SEED CONFIGS   690000 CPU TIME               12.835
    SEED CONFIGS   700000 CPU TIME               12.812
    SEED CONFIGS   710000 CPU TIME               12.327
    SEED CONFIGS   720000 CPU TIME               10.446
    SEED CONFIGS   730000 CPU TIME               10.777
    SEED CONFIGS   740000 CPU TIME               10.623
    SEED CONFIGS   750000 CPU TIME               10.484
    SEED CONFIGS   760000 CPU TIME               10.126
    SEED CONFIGS   770000 CPU TIME                9.653
    SEED CONFIGS   780000 CPU TIME                9.703
    SEED CONFIGS   790000 CPU TIME                8.591
    SEED CONFIGS   800000 CPU TIME                8.013
    SEED CONFIGS   810000 CPU TIME                7.915
    SEED CONFIGS   820000 CPU TIME                7.671
    SEED CONFIGS   830000 CPU TIME                7.200
    SEED CONFIGS   840000 CPU TIME                6.681
    SEED CONFIGS   850000 CPU TIME                6.834
    SEED CONFIGS   860000 CPU TIME                6.250
    SEED CONFIGS   870000 CPU TIME                5.998
    SEED CONFIGS   880000 CPU TIME                5.975
    SEED CONFIGS   890000 CPU TIME                5.058
    SEED CONFIGS   900000 CPU TIME                4.423
    SEED CONFIGS   910000 CPU TIME                4.684
    SEED CONFIGS   920000 CPU TIME                4.759
    SEED CONFIGS   930000 CPU TIME                4.074
    SEED CONFIGS   940000 CPU TIME                3.863
    SEED CONFIGS   950000 CPU TIME                3.641
    SEED CONFIGS   960000 CPU TIME                4.252
    SEED CONFIGS   970000 CPU TIME                4.286
    SEED CONFIGS   980000 CPU TIME                3.963
    SEED CONFIGS   990000 CPU TIME                3.728
    SEED CONFIGS  1000000 CPU TIME                3.546
    SEED CONFIGS  1010000 CPU TIME                3.471
    SEED CONFIGS  1020000 CPU TIME                2.955
    SEED CONFIGS  1030000 CPU TIME                2.863
    SEED CONFIGS  1040000 CPU TIME                2.746
    SEED CONFIGS  1050000 CPU TIME                2.769
    SEED CONFIGS  1060000 CPU TIME                2.558
    SEED CONFIGS  1070000 CPU TIME                2.499
    SEED CONFIGS  1080000 CPU TIME                2.289
    SEED CONFIGS  1090000 CPU TIME                1.867
    SEED CONFIGS  1100000 CPU TIME                1.754
    SEED CONFIGS  1110000 CPU TIME                1.789
    SEED CONFIGS  1120000 CPU TIME                1.542
    SEED CONFIGS  1130000 CPU TIME                1.616
    SEED CONFIGS  1140000 CPU TIME                1.324
    SEED CONFIGS  1150000 CPU TIME                1.090
    SEED CONFIGS  1160000 CPU TIME                1.138
    SEED CONFIGS  1170000 CPU TIME                1.117
    SEED CONFIGS  1180000 CPU TIME                1.138
    SEED CONFIGS  1190000 CPU TIME                0.966
    SEED CONFIGS  1200000 CPU TIME                0.951
    SEED CONFIGS  1210000 CPU TIME                0.732
    SEED CONFIGS  1220000 CPU TIME                0.754
    SEED CONFIGS  1230000 CPU TIME                0.642
    SEED CONFIGS  1240000 CPU TIME                0.531
    SEED CONFIGS  1250000 CPU TIME                0.563
    SEED CONFIGS  1260000 CPU TIME                0.680
    SEED CONFIGS  1270000 CPU TIME                0.547
    SEED CONFIGS  1280000 CPU TIME                0.427
    SEED CONFIGS  1290000 CPU TIME                0.408
    SEED CONFIGS  1300000 CPU TIME                0.303
    SEED CONFIGS  1310000 CPU TIME                0.306
    SEED CONFIGS  1320000 CPU TIME                0.222
    SEED CONFIGS  1330000 CPU TIME                0.214
    SEED CONFIGS  1340000 CPU TIME                0.267
    SEED CONFIGS  1350000 CPU TIME                0.142
STEP         12 NEW CONFIGS     782536 CUMMULATIVE CONFIGS    3583604 CPU TIME             2461.142
DISTANCE 0 FOUND 0
DISTANCE 1 FOUND 0
DISTANCE 2 FOUND 0
DISTANCE 3 FOUND 0
DISTANCE 4 FOUND 0
DISTANCE 5 FOUND 0
DISTANCE 6 FOUND 0
DISTANCE 7 FOUND 0
DISTANCE 8 FOUND 0
DISTANCE 9 FOUND 0
DISTANCE 10 FOUND 3949920
DISTANCE 11 FOUND 0
DISTANCE 12 FOUND 3372656
    SEED CONFIGS    10000 CPU TIME               15.009
    SEED CONFIGS    20000 CPU TIME               13.770
    SEED CONFIGS    30000 CPU TIME               14.090
    SEED CONFIGS    40000 CPU TIME               12.868
    SEED CONFIGS    50000 CPU TIME               12.586
    SEED CONFIGS    60000 CPU TIME               10.902
    SEED CONFIGS    70000 CPU TIME               10.720
    SEED CONFIGS    80000 CPU TIME               11.274
    SEED CONFIGS    90000 CPU TIME               10.867
    SEED CONFIGS   100000 CPU TIME               10.300
    SEED CONFIGS   110000 CPU TIME               10.506
    SEED CONFIGS   120000 CPU TIME                9.737
    SEED CONFIGS   130000 CPU TIME                9.025
    SEED CONFIGS   140000 CPU TIME                8.576
    SEED CONFIGS   150000 CPU TIME                8.297
    SEED CONFIGS   160000 CPU TIME                8.123
    SEED CONFIGS   170000 CPU TIME                7.856
    SEED CONFIGS   180000 CPU TIME                6.930
    SEED CONFIGS   190000 CPU TIME                7.054
    SEED CONFIGS   200000 CPU TIME                6.356
    SEED CONFIGS   210000 CPU TIME                6.259
    SEED CONFIGS   220000 CPU TIME                6.059
    SEED CONFIGS   230000 CPU TIME                5.772
    SEED CONFIGS   240000 CPU TIME                4.772
    SEED CONFIGS   250000 CPU TIME                4.899
    SEED CONFIGS   260000 CPU TIME                4.766
    SEED CONFIGS   270000 CPU TIME                4.349
    SEED CONFIGS   280000 CPU TIME                4.090
    SEED CONFIGS   290000 CPU TIME                3.593
    SEED CONFIGS   300000 CPU TIME                4.481
    SEED CONFIGS   310000 CPU TIME                4.435
    SEED CONFIGS   320000 CPU TIME                4.009
    SEED CONFIGS   330000 CPU TIME                3.789
    SEED CONFIGS   340000 CPU TIME                3.523
    SEED CONFIGS   350000 CPU TIME                3.409
    SEED CONFIGS   360000 CPU TIME                2.970
    SEED CONFIGS   370000 CPU TIME                3.072
    SEED CONFIGS   380000 CPU TIME                2.826
    SEED CONFIGS   390000 CPU TIME                2.711
    SEED CONFIGS   400000 CPU TIME                2.443
    SEED CONFIGS   410000 CPU TIME                2.487
    SEED CONFIGS   420000 CPU TIME                2.359
    SEED CONFIGS   430000 CPU TIME                1.937
    SEED CONFIGS   440000 CPU TIME                1.697
    SEED CONFIGS   450000 CPU TIME                1.714
    SEED CONFIGS   460000 CPU TIME                1.786
    SEED CONFIGS   470000 CPU TIME                1.610
    SEED CONFIGS   480000 CPU TIME                1.381
    SEED CONFIGS   490000 CPU TIME                1.188
    SEED CONFIGS   500000 CPU TIME                1.018
    SEED CONFIGS   510000 CPU TIME                1.107
    SEED CONFIGS   520000 CPU TIME                1.171
    SEED CONFIGS   530000 CPU TIME                0.978
    SEED CONFIGS   540000 CPU TIME                0.927
    SEED CONFIGS   550000 CPU TIME                0.719
    SEED CONFIGS   560000 CPU TIME                0.690
    SEED CONFIGS   570000 CPU TIME                0.668
    SEED CONFIGS   580000 CPU TIME                0.502
    SEED CONFIGS   590000 CPU TIME                0.519
    SEED CONFIGS   600000 CPU TIME                0.681
    SEED CONFIGS   610000 CPU TIME                0.548
    SEED CONFIGS   620000 CPU TIME                0.425
    SEED CONFIGS   630000 CPU TIME                0.361
    SEED CONFIGS   640000 CPU TIME                0.328
    SEED CONFIGS   650000 CPU TIME                0.229
    SEED CONFIGS   660000 CPU TIME                0.182
    SEED CONFIGS   670000 CPU TIME                0.235
    SEED CONFIGS   680000 CPU TIME                0.203
    SEED CONFIGS   690000 CPU TIME                0.163
    SEED CONFIGS   700000 CPU TIME                0.249
    SEED CONFIGS   710000 CPU TIME                0.270
    SEED CONFIGS   720000 CPU TIME                0.181
    SEED CONFIGS   730000 CPU TIME                0.164
    SEED CONFIGS   740000 CPU TIME                0.112
    SEED CONFIGS   750000 CPU TIME                0.085
    SEED CONFIGS   760000 CPU TIME                0.108
    SEED CONFIGS   770000 CPU TIME                0.065
    SEED CONFIGS   780000 CPU TIME                0.050
STEP         13 NEW CONFIGS      90280 CUMMULATIVE CONFIGS    3673884 CPU TIME              316.188
DISTANCE 0 FOUND 0
DISTANCE 1 FOUND 0
DISTANCE 2 FOUND 0
DISTANCE 3 FOUND 0
DISTANCE 4 FOUND 0
DISTANCE 5 FOUND 0
DISTANCE 6 FOUND 0
DISTANCE 7 FOUND 0
DISTANCE 8 FOUND 0
DISTANCE 9 FOUND 0
DISTANCE 10 FOUND 0
DISTANCE 11 FOUND 4155192
DISTANCE 12 FOUND 0
DISTANCE 13 FOUND 449744
STEP         14 NEW CONFIGS        276 CUMMULATIVE CONFIGS    3674160 CPU TIME                1.374
DISTANCE 0 FOUND 0
DISTANCE 1 FOUND 0
DISTANCE 2 FOUND 0
DISTANCE 3 FOUND 0
DISTANCE 4 FOUND 0
DISTANCE 5 FOUND 0
DISTANCE 6 FOUND 0
DISTANCE 7 FOUND 0
DISTANCE 8 FOUND 0
DISTANCE 9 FOUND 0
DISTANCE 10 FOUND 0
DISTANCE 11 FOUND 0
DISTANCE 12 FOUND 540024
DISTANCE 13 FOUND 0
DISTANCE 14 FOUND 1380
STEP         15 NEW CONFIGS          0 CUMMULATIVE CONFIGS    3674160 CPU TIME                0.002
