2X2X2 RUBIK'S CUBE CONFIGURATION GENERATION
1: QUARTER-TURN METRIC; 2: HALF-TURN METRIC
2
HALF-TURN METRIC
BISECTION SEARCH IN SORTED LIST
TOTAL NUMBER OF CONFIGURATIONS = 3674160
STEP          0 NEW CONFIGS          0 CUMMULATIVE CONFIGS          1
STEP          1 NEW CONFIGS          9 CUMMULATIVE CONFIGS         10 CPU TIME                0.004
STEP          2 NEW CONFIGS         54 CUMMULATIVE CONFIGS         64 CPU TIME                0.001
STEP          3 NEW CONFIGS        321 CUMMULATIVE CONFIGS        385 CPU TIME                0.001
STEP          4 NEW CONFIGS       1847 CUMMULATIVE CONFIGS       2232 CPU TIME                0.004
STEP          5 NEW CONFIGS       9992 CUMMULATIVE CONFIGS      12224 CPU TIME                0.080
STEP          6 NEW CONFIGS      50136 CUMMULATIVE CONFIGS      62360 CPU TIME                1.741
STEP          7 NEW CONFIGS     227536 CUMMULATIVE CONFIGS     289896 CPU TIME               42.398
    SEED CONFIGS    10000 CPU TIME               15.774
    SEED CONFIGS    20000 CPU TIME               17.198
    SEED CONFIGS    30000 CPU TIME               19.302
    SEED CONFIGS    40000 CPU TIME               21.293
    SEED CONFIGS    50000 CPU TIME               22.941
    SEED CONFIGS    60000 CPU TIME               24.062
    SEED CONFIGS    70000 CPU TIME               27.160
    SEED CONFIGS    80000 CPU TIME               27.697
    SEED CONFIGS    90000 CPU TIME               28.969
    SEED CONFIGS   100000 CPU TIME               32.314
    SEED CONFIGS   110000 CPU TIME               33.623
    SEED CONFIGS   120000 CPU TIME               33.957
    SEED CONFIGS   130000 CPU TIME               35.890
    SEED CONFIGS   140000 CPU TIME               35.894
    SEED CONFIGS   150000 CPU TIME               37.667
    SEED CONFIGS   160000 CPU TIME               36.890
    SEED CONFIGS   170000 CPU TIME               40.715
    SEED CONFIGS   180000 CPU TIME               43.446
    SEED CONFIGS   190000 CPU TIME               41.866
    SEED CONFIGS   200000 CPU TIME               45.070
    SEED CONFIGS   210000 CPU TIME               44.102
    SEED CONFIGS   220000 CPU TIME               44.370
STEP          8 NEW CONFIGS     870072 CUMMULATIVE CONFIGS    1159968 CPU TIME              744.847
    SEED CONFIGS    10000 CPU TIME               48.526
    SEED CONFIGS    20000 CPU TIME               48.337
    SEED CONFIGS    30000 CPU TIME               48.469
    SEED CONFIGS    40000 CPU TIME               49.876
    SEED CONFIGS    50000 CPU TIME               49.828
    SEED CONFIGS    60000 CPU TIME               51.435
    SEED CONFIGS    70000 CPU TIME               49.482
    SEED CONFIGS    80000 CPU TIME               51.764
    SEED CONFIGS    90000 CPU TIME               54.278
    SEED CONFIGS   100000 CPU TIME               53.087
    SEED CONFIGS   110000 CPU TIME               54.748
    SEED CONFIGS   120000 CPU TIME               54.885
    SEED CONFIGS   130000 CPU TIME               53.716
    SEED CONFIGS   140000 CPU TIME               56.514
    SEED CONFIGS   150000 CPU TIME               55.413
    SEED CONFIGS   160000 CPU TIME               57.845
    SEED CONFIGS   170000 CPU TIME               58.926
    SEED CONFIGS   180000 CPU TIME               57.100
    SEED CONFIGS   190000 CPU TIME               57.944
    SEED CONFIGS   200000 CPU TIME               56.118
    SEED CONFIGS   210000 CPU TIME               60.243
    SEED CONFIGS   220000 CPU TIME               57.611
    SEED CONFIGS   230000 CPU TIME               60.578
    SEED CONFIGS   240000 CPU TIME               61.183
    SEED CONFIGS   250000 CPU TIME               55.917
    SEED CONFIGS   260000 CPU TIME               60.518
    SEED CONFIGS   270000 CPU TIME               60.916
    SEED CONFIGS   280000 CPU TIME               62.174
    SEED CONFIGS   290000 CPU TIME               58.213
    SEED CONFIGS   300000 CPU TIME               58.680
    SEED CONFIGS   310000 CPU TIME               59.919
    SEED CONFIGS   320000 CPU TIME               57.218
    SEED CONFIGS   330000 CPU TIME               59.558
    SEED CONFIGS   340000 CPU TIME               56.794
    SEED CONFIGS   350000 CPU TIME               59.482
    SEED CONFIGS   360000 CPU TIME               56.887
    SEED CONFIGS   370000 CPU TIME               58.307
    SEED CONFIGS   380000 CPU TIME               58.789
    SEED CONFIGS   390000 CPU TIME               60.088
    SEED CONFIGS   400000 CPU TIME               61.348
    SEED CONFIGS   410000 CPU TIME               61.182
    SEED CONFIGS   420000 CPU TIME               57.866
    SEED CONFIGS   430000 CPU TIME               60.422
    SEED CONFIGS   440000 CPU TIME               56.858
    SEED CONFIGS   450000 CPU TIME               58.418
    SEED CONFIGS   460000 CPU TIME               58.195
    SEED CONFIGS   470000 CPU TIME               55.598
    SEED CONFIGS   480000 CPU TIME               59.185
    SEED CONFIGS   490000 CPU TIME               56.737
    SEED CONFIGS   500000 CPU TIME               57.983
    SEED CONFIGS   510000 CPU TIME               56.013
    SEED CONFIGS   520000 CPU TIME               52.855
    SEED CONFIGS   530000 CPU TIME               55.499
    SEED CONFIGS   540000 CPU TIME               53.816
    SEED CONFIGS   550000 CPU TIME               55.816
    SEED CONFIGS   560000 CPU TIME               54.993
    SEED CONFIGS   570000 CPU TIME               56.708
    SEED CONFIGS   580000 CPU TIME               55.617
    SEED CONFIGS   590000 CPU TIME               55.686
    SEED CONFIGS   600000 CPU TIME               54.513
    SEED CONFIGS   610000 CPU TIME               51.488
    SEED CONFIGS   620000 CPU TIME               52.305
    SEED CONFIGS   630000 CPU TIME               54.305
    SEED CONFIGS   640000 CPU TIME               52.007
    SEED CONFIGS   650000 CPU TIME               50.761
    SEED CONFIGS   660000 CPU TIME               50.659
    SEED CONFIGS   670000 CPU TIME               50.685
    SEED CONFIGS   680000 CPU TIME               51.481
    SEED CONFIGS   690000 CPU TIME               51.486
    SEED CONFIGS   700000 CPU TIME               50.022
    SEED CONFIGS   710000 CPU TIME               49.000
    SEED CONFIGS   720000 CPU TIME               47.058
    SEED CONFIGS   730000 CPU TIME               46.764
    SEED CONFIGS   740000 CPU TIME               46.031
    SEED CONFIGS   750000 CPU TIME               45.129
    SEED CONFIGS   760000 CPU TIME               45.065
    SEED CONFIGS   770000 CPU TIME               45.965
    SEED CONFIGS   780000 CPU TIME               45.110
    SEED CONFIGS   790000 CPU TIME               43.417
    SEED CONFIGS   800000 CPU TIME               43.919
    SEED CONFIGS   810000 CPU TIME               43.422
    SEED CONFIGS   820000 CPU TIME               41.936
    SEED CONFIGS   830000 CPU TIME               42.303
    SEED CONFIGS   840000 CPU TIME               43.451
    SEED CONFIGS   850000 CPU TIME               42.513
    SEED CONFIGS   860000 CPU TIME               42.323
    SEED CONFIGS   870000 CPU TIME               41.045
STEP          9 NEW CONFIGS    1887748 CUMMULATIVE CONFIGS    3047716 CPU TIME             4656.741
    SEED CONFIGS    10000 CPU TIME               44.205
    SEED CONFIGS    20000 CPU TIME               43.513
    SEED CONFIGS    30000 CPU TIME               40.299
    SEED CONFIGS    40000 CPU TIME               39.551
    SEED CONFIGS    50000 CPU TIME               40.123
    SEED CONFIGS    60000 CPU TIME               40.496
    SEED CONFIGS    70000 CPU TIME               38.298
    SEED CONFIGS    80000 CPU TIME               36.760
    SEED CONFIGS    90000 CPU TIME               34.789
    SEED CONFIGS   100000 CPU TIME               33.457
    SEED CONFIGS   110000 CPU TIME               34.118
    SEED CONFIGS   120000 CPU TIME               34.484
    SEED CONFIGS   130000 CPU TIME               32.852
    SEED CONFIGS   140000 CPU TIME               34.427
    SEED CONFIGS   150000 CPU TIME               34.689
    SEED CONFIGS   160000 CPU TIME               35.323
    SEED CONFIGS   170000 CPU TIME               34.713
    SEED CONFIGS   180000 CPU TIME               35.273
    SEED CONFIGS   190000 CPU TIME               34.938
    SEED CONFIGS   200000 CPU TIME               33.439
    SEED CONFIGS   210000 CPU TIME               29.138
    SEED CONFIGS   220000 CPU TIME               31.718
    SEED CONFIGS   230000 CPU TIME               32.388
    SEED CONFIGS   240000 CPU TIME               30.350
    SEED CONFIGS   250000 CPU TIME               31.128
    SEED CONFIGS   260000 CPU TIME               27.223
    SEED CONFIGS   270000 CPU TIME               30.070
    SEED CONFIGS   280000 CPU TIME               30.229
    SEED CONFIGS   290000 CPU TIME               29.265
    SEED CONFIGS   300000 CPU TIME               26.369
    SEED CONFIGS   310000 CPU TIME               25.339
    SEED CONFIGS   320000 CPU TIME               24.751
    SEED CONFIGS   330000 CPU TIME               25.816
    SEED CONFIGS   340000 CPU TIME               26.691
    SEED CONFIGS   350000 CPU TIME               25.302
    SEED CONFIGS   360000 CPU TIME               26.098
    SEED CONFIGS   370000 CPU TIME               26.298
    SEED CONFIGS   380000 CPU TIME               25.537
    SEED CONFIGS   390000 CPU TIME               26.330
    SEED CONFIGS   400000 CPU TIME               25.183
    SEED CONFIGS   410000 CPU TIME               23.602
    SEED CONFIGS   420000 CPU TIME               25.098
    SEED CONFIGS   430000 CPU TIME               23.740
    SEED CONFIGS   440000 CPU TIME               23.275
    SEED CONFIGS   450000 CPU TIME               22.845
    SEED CONFIGS   460000 CPU TIME               23.309
    SEED CONFIGS   470000 CPU TIME               22.001
    SEED CONFIGS   480000 CPU TIME               22.419
    SEED CONFIGS   490000 CPU TIME               20.708
    SEED CONFIGS   500000 CPU TIME               20.108
    SEED CONFIGS   510000 CPU TIME               19.489
    SEED CONFIGS   520000 CPU TIME               17.492
    SEED CONFIGS   530000 CPU TIME               19.615
    SEED CONFIGS   540000 CPU TIME               20.953
    SEED CONFIGS   550000 CPU TIME               17.902
    SEED CONFIGS   560000 CPU TIME               19.495
    SEED CONFIGS   570000 CPU TIME               18.365
    SEED CONFIGS   580000 CPU TIME               17.482
    SEED CONFIGS   590000 CPU TIME               18.615
    SEED CONFIGS   600000 CPU TIME               16.544
    SEED CONFIGS   610000 CPU TIME               16.400
    SEED CONFIGS   620000 CPU TIME               16.910
    SEED CONFIGS   630000 CPU TIME               16.183
    SEED CONFIGS   640000 CPU TIME               16.429
    SEED CONFIGS   650000 CPU TIME               15.164
    SEED CONFIGS   660000 CPU TIME               14.254
    SEED CONFIGS   670000 CPU TIME               13.767
    SEED CONFIGS   680000 CPU TIME               13.979
    SEED CONFIGS   690000 CPU TIME               15.005
    SEED CONFIGS   700000 CPU TIME               13.771
    SEED CONFIGS   710000 CPU TIME               14.371
    SEED CONFIGS   720000 CPU TIME               13.379
    SEED CONFIGS   730000 CPU TIME               12.563
    SEED CONFIGS   740000 CPU TIME               14.497
    SEED CONFIGS   750000 CPU TIME               13.536
    SEED CONFIGS   760000 CPU TIME               13.902
    SEED CONFIGS   770000 CPU TIME               13.650
    SEED CONFIGS   780000 CPU TIME               12.948
    SEED CONFIGS   790000 CPU TIME               12.898
    SEED CONFIGS   800000 CPU TIME               11.491
    SEED CONFIGS   810000 CPU TIME               10.787
    SEED CONFIGS   820000 CPU TIME               10.110
    SEED CONFIGS   830000 CPU TIME               11.700
    SEED CONFIGS   840000 CPU TIME               10.891
    SEED CONFIGS   850000 CPU TIME               11.038
    SEED CONFIGS   860000 CPU TIME               10.370
    SEED CONFIGS   870000 CPU TIME               11.096
    SEED CONFIGS   880000 CPU TIME                9.466
    SEED CONFIGS   890000 CPU TIME               10.373
    SEED CONFIGS   900000 CPU TIME                9.552
    SEED CONFIGS   910000 CPU TIME                9.373
    SEED CONFIGS   920000 CPU TIME                9.016
    SEED CONFIGS   930000 CPU TIME                8.142
    SEED CONFIGS   940000 CPU TIME                8.049
    SEED CONFIGS   950000 CPU TIME                8.093
    SEED CONFIGS   960000 CPU TIME                7.861
    SEED CONFIGS   970000 CPU TIME                8.062
    SEED CONFIGS   980000 CPU TIME                7.285
    SEED CONFIGS   990000 CPU TIME                8.865
    SEED CONFIGS  1000000 CPU TIME                8.059
    SEED CONFIGS  1010000 CPU TIME                9.001
    SEED CONFIGS  1020000 CPU TIME                7.690
    SEED CONFIGS  1030000 CPU TIME                8.016
    SEED CONFIGS  1040000 CPU TIME                7.619
    SEED CONFIGS  1050000 CPU TIME                7.075
    SEED CONFIGS  1060000 CPU TIME                6.865
    SEED CONFIGS  1070000 CPU TIME                6.901
    SEED CONFIGS  1080000 CPU TIME                7.070
    SEED CONFIGS  1090000 CPU TIME                6.896
    SEED CONFIGS  1100000 CPU TIME                6.788
    SEED CONFIGS  1110000 CPU TIME                6.482
    SEED CONFIGS  1120000 CPU TIME                5.908
    SEED CONFIGS  1130000 CPU TIME                6.373
    SEED CONFIGS  1140000 CPU TIME                5.882
    SEED CONFIGS  1150000 CPU TIME                5.732
    SEED CONFIGS  1160000 CPU TIME                4.960
    SEED CONFIGS  1170000 CPU TIME                5.351
    SEED CONFIGS  1180000 CPU TIME                5.197
    SEED CONFIGS  1190000 CPU TIME                4.922
    SEED CONFIGS  1200000 CPU TIME                5.260
    SEED CONFIGS  1210000 CPU TIME                4.975
    SEED CONFIGS  1220000 CPU TIME                4.891
    SEED CONFIGS  1230000 CPU TIME                4.534
    SEED CONFIGS  1240000 CPU TIME                4.021
    SEED CONFIGS  1250000 CPU TIME                4.370
    SEED CONFIGS  1260000 CPU TIME                3.876
    SEED CONFIGS  1270000 CPU TIME                3.859
    SEED CONFIGS  1280000 CPU TIME                3.726
    SEED CONFIGS  1290000 CPU TIME                3.694
    SEED CONFIGS  1300000 CPU TIME                3.578
    SEED CONFIGS  1310000 CPU TIME                3.489
    SEED CONFIGS  1320000 CPU TIME                3.115
    SEED CONFIGS  1330000 CPU TIME                3.061
    SEED CONFIGS  1340000 CPU TIME                3.031
    SEED CONFIGS  1350000 CPU TIME                2.732
    SEED CONFIGS  1360000 CPU TIME                2.923
    SEED CONFIGS  1370000 CPU TIME                2.211
    SEED CONFIGS  1380000 CPU TIME                2.272
    SEED CONFIGS  1390000 CPU TIME                2.188
    SEED CONFIGS  1400000 CPU TIME                2.263
    SEED CONFIGS  1410000 CPU TIME                2.576
    SEED CONFIGS  1420000 CPU TIME                2.558
    SEED CONFIGS  1430000 CPU TIME                2.640
    SEED CONFIGS  1440000 CPU TIME                2.217
    SEED CONFIGS  1450000 CPU TIME                2.257
    SEED CONFIGS  1460000 CPU TIME                1.891
    SEED CONFIGS  1470000 CPU TIME                1.821
    SEED CONFIGS  1480000 CPU TIME                1.839
    SEED CONFIGS  1490000 CPU TIME                2.055
    SEED CONFIGS  1500000 CPU TIME                1.928
    SEED CONFIGS  1510000 CPU TIME                1.848
    SEED CONFIGS  1520000 CPU TIME                1.294
    SEED CONFIGS  1530000 CPU TIME                1.576
    SEED CONFIGS  1540000 CPU TIME                1.277
    SEED CONFIGS  1550000 CPU TIME                1.398
    SEED CONFIGS  1560000 CPU TIME                1.427
    SEED CONFIGS  1570000 CPU TIME                1.602
    SEED CONFIGS  1580000 CPU TIME                1.477
    SEED CONFIGS  1590000 CPU TIME                1.719
    SEED CONFIGS  1600000 CPU TIME                1.565
    SEED CONFIGS  1610000 CPU TIME                1.570
    SEED CONFIGS  1620000 CPU TIME                1.542
    SEED CONFIGS  1630000 CPU TIME                1.368
    SEED CONFIGS  1640000 CPU TIME                1.030
    SEED CONFIGS  1650000 CPU TIME                0.960
    SEED CONFIGS  1660000 CPU TIME                1.276
    SEED CONFIGS  1670000 CPU TIME                1.330
    SEED CONFIGS  1680000 CPU TIME                1.164
    SEED CONFIGS  1690000 CPU TIME                1.154
    SEED CONFIGS  1700000 CPU TIME                1.033
    SEED CONFIGS  1710000 CPU TIME                0.694
    SEED CONFIGS  1720000 CPU TIME                0.726
    SEED CONFIGS  1730000 CPU TIME                0.691
    SEED CONFIGS  1740000 CPU TIME                0.632
    SEED CONFIGS  1750000 CPU TIME                0.628
    SEED CONFIGS  1760000 CPU TIME                0.635
    SEED CONFIGS  1770000 CPU TIME                0.580
    SEED CONFIGS  1780000 CPU TIME                0.504
    SEED CONFIGS  1790000 CPU TIME                0.552
    SEED CONFIGS  1800000 CPU TIME                0.433
    SEED CONFIGS  1810000 CPU TIME                0.553
    SEED CONFIGS  1820000 CPU TIME                0.495
    SEED CONFIGS  1830000 CPU TIME                0.391
    SEED CONFIGS  1840000 CPU TIME                0.377
    SEED CONFIGS  1850000 CPU TIME                0.403
    SEED CONFIGS  1860000 CPU TIME                0.474
    SEED CONFIGS  1870000 CPU TIME                0.400
    SEED CONFIGS  1880000 CPU TIME                0.387
STEP         10 NEW CONFIGS     623800 CUMMULATIVE CONFIGS    3671516 CPU TIME             2435.275
    SEED CONFIGS    10000 CPU TIME                0.895
    SEED CONFIGS    20000 CPU TIME                0.785
    SEED CONFIGS    30000 CPU TIME                0.818
    SEED CONFIGS    40000 CPU TIME                0.731
    SEED CONFIGS    50000 CPU TIME                0.646
    SEED CONFIGS    60000 CPU TIME                0.691
    SEED CONFIGS    70000 CPU TIME                0.505
    SEED CONFIGS    80000 CPU TIME                0.666
    SEED CONFIGS    90000 CPU TIME                0.559
    SEED CONFIGS   100000 CPU TIME                0.610
    SEED CONFIGS   110000 CPU TIME                0.541
    SEED CONFIGS   120000 CPU TIME                0.567
    SEED CONFIGS   130000 CPU TIME                0.524
    SEED CONFIGS   140000 CPU TIME                0.362
    SEED CONFIGS   150000 CPU TIME                0.310
    SEED CONFIGS   160000 CPU TIME                0.244
    SEED CONFIGS   170000 CPU TIME                0.350
    SEED CONFIGS   180000 CPU TIME                0.336
    SEED CONFIGS   190000 CPU TIME                0.340
    SEED CONFIGS   200000 CPU TIME                0.268
    SEED CONFIGS   210000 CPU TIME                0.286
    SEED CONFIGS   220000 CPU TIME                0.210
    SEED CONFIGS   230000 CPU TIME                0.196
    SEED CONFIGS   240000 CPU TIME                0.206
    SEED CONFIGS   250000 CPU TIME                0.286
    SEED CONFIGS   260000 CPU TIME                0.188
    SEED CONFIGS   270000 CPU TIME                0.215
    SEED CONFIGS   280000 CPU TIME                0.197
    SEED CONFIGS   290000 CPU TIME                0.102
    SEED CONFIGS   300000 CPU TIME                0.173
    SEED CONFIGS   310000 CPU TIME                0.126
    SEED CONFIGS   320000 CPU TIME                0.102
    SEED CONFIGS   330000 CPU TIME                0.096
    SEED CONFIGS   340000 CPU TIME                0.107
    SEED CONFIGS   350000 CPU TIME                0.069
    SEED CONFIGS   360000 CPU TIME                0.088
    SEED CONFIGS   370000 CPU TIME                0.128
    SEED CONFIGS   380000 CPU TIME                0.182
    SEED CONFIGS   390000 CPU TIME                0.127
    SEED CONFIGS   400000 CPU TIME                0.149
    SEED CONFIGS   410000 CPU TIME                0.108
    SEED CONFIGS   420000 CPU TIME                0.069
    SEED CONFIGS   430000 CPU TIME                0.096
    SEED CONFIGS   440000 CPU TIME                0.067
    SEED CONFIGS   450000 CPU TIME                0.067
    SEED CONFIGS   460000 CPU TIME                0.099
    SEED CONFIGS   470000 CPU TIME                0.074
    SEED CONFIGS   480000 CPU TIME                0.052
    SEED CONFIGS   490000 CPU TIME                0.069
    SEED CONFIGS   500000 CPU TIME                0.058
    SEED CONFIGS   510000 CPU TIME                0.069
    SEED CONFIGS   520000 CPU TIME                0.052
    SEED CONFIGS   530000 CPU TIME                0.052
    SEED CONFIGS   540000 CPU TIME                0.052
    SEED CONFIGS   550000 CPU TIME                0.062
    SEED CONFIGS   560000 CPU TIME                0.053
    SEED CONFIGS   570000 CPU TIME                0.053
    SEED CONFIGS   580000 CPU TIME                0.066
    SEED CONFIGS   590000 CPU TIME                0.053
    SEED CONFIGS   600000 CPU TIME                0.069
    SEED CONFIGS   610000 CPU TIME                0.062
    SEED CONFIGS   620000 CPU TIME                0.053
STEP         11 NEW CONFIGS       2644 CUMMULATIVE CONFIGS    3674160 (CONVERGED) CPU TIME               15.459
