2X2X2 RUBIK'S CUBE CONFIGURATION GENERATION
1: QUARTER-TURN METRIC; 2: HALF-TURN METRIC
1
QUARTER-TURN METRIC
SEQUENTIAL SEARCH IN UNSORTED LIST
TOTAL NUMBER OF CONFIGURATIONS = 3674160
STEP          0 NEW CONFIGS          0 CUMMULATIVE CONFIGS          1
STEP          1 NEW CONFIGS          6 CUMMULATIVE CONFIGS          7 CPU TIME                0.008
STEP          2 NEW CONFIGS         27 CUMMULATIVE CONFIGS         34 CPU TIME                0.001
STEP          3 NEW CONFIGS        120 CUMMULATIVE CONFIGS        154 CPU TIME                0.001
STEP          4 NEW CONFIGS        534 CUMMULATIVE CONFIGS        688 CPU TIME                0.001
STEP          5 NEW CONFIGS       2256 CUMMULATIVE CONFIGS       2944 CPU TIME                0.006
STEP          6 NEW CONFIGS       8969 CUMMULATIVE CONFIGS      11913 CPU TIME                0.061
STEP          7 NEW CONFIGS      33058 CUMMULATIVE CONFIGS      44971 CPU TIME                1.645
STEP          8 NEW CONFIGS     114149 CUMMULATIVE CONFIGS     159120 CPU TIME               15.740
    SEED CONFIGS    10000 CPU TIME               13.061
    SEED CONFIGS    20000 CPU TIME               15.692
    SEED CONFIGS    30000 CPU TIME               12.589
    SEED CONFIGS    40000 CPU TIME               12.597
    SEED CONFIGS    50000 CPU TIME               16.934
    SEED CONFIGS    60000 CPU TIME               15.025
    SEED CONFIGS    70000 CPU TIME               24.001
    SEED CONFIGS    80000 CPU TIME               13.392
    SEED CONFIGS    90000 CPU TIME               22.404
    SEED CONFIGS   100000 CPU TIME               23.569
    SEED CONFIGS   110000 CPU TIME               21.883
STEP          9 NEW CONFIGS     360508 CUMMULATIVE CONFIGS     519628 CPU TIME              201.148
    SEED CONFIGS    10000 CPU TIME               24.060
    SEED CONFIGS    20000 CPU TIME               26.027
    SEED CONFIGS    30000 CPU TIME               23.653
    SEED CONFIGS    40000 CPU TIME               30.059
    SEED CONFIGS    50000 CPU TIME               38.981
    SEED CONFIGS    60000 CPU TIME               44.671
    SEED CONFIGS    70000 CPU TIME               24.665
    SEED CONFIGS    80000 CPU TIME               35.829
    SEED CONFIGS    90000 CPU TIME               41.160
    SEED CONFIGS   100000 CPU TIME               43.603
    SEED CONFIGS   110000 CPU TIME               39.184
    SEED CONFIGS   120000 CPU TIME               40.291
    SEED CONFIGS   130000 CPU TIME               49.325
    SEED CONFIGS   140000 CPU TIME               45.945
    SEED CONFIGS   150000 CPU TIME               62.948
    SEED CONFIGS   160000 CPU TIME               51.565
    SEED CONFIGS   170000 CPU TIME               64.849
    SEED CONFIGS   180000 CPU TIME               54.589
    SEED CONFIGS   190000 CPU TIME               56.309
    SEED CONFIGS   200000 CPU TIME               41.925
    SEED CONFIGS   210000 CPU TIME               59.393
    SEED CONFIGS   220000 CPU TIME               47.908
    SEED CONFIGS   230000 CPU TIME               39.659
    SEED CONFIGS   240000 CPU TIME               46.686
    SEED CONFIGS   250000 CPU TIME               50.598
    SEED CONFIGS   260000 CPU TIME               54.400
    SEED CONFIGS   270000 CPU TIME               56.381
    SEED CONFIGS   280000 CPU TIME               61.479
    SEED CONFIGS   290000 CPU TIME               71.066
    SEED CONFIGS   300000 CPU TIME               57.262
    SEED CONFIGS   310000 CPU TIME               69.486
    SEED CONFIGS   320000 CPU TIME               75.328
    SEED CONFIGS   330000 CPU TIME               83.043
    SEED CONFIGS   340000 CPU TIME               94.728
    SEED CONFIGS   350000 CPU TIME               78.213
    SEED CONFIGS   360000 CPU TIME               82.951
STEP         10 NEW CONFIGS     930588 CUMMULATIVE CONFIGS    1450216 CPU TIME             1874.716
    SEED CONFIGS    10000 CPU TIME               79.254
    SEED CONFIGS    20000 CPU TIME               95.541
    SEED CONFIGS    30000 CPU TIME               91.260
    SEED CONFIGS    40000 CPU TIME               98.822
    SEED CONFIGS    50000 CPU TIME               63.802
    SEED CONFIGS    60000 CPU TIME               75.111
    SEED CONFIGS    70000 CPU TIME               43.630
    SEED CONFIGS    80000 CPU TIME               73.475
    SEED CONFIGS    90000 CPU TIME               77.562
    SEED CONFIGS   100000 CPU TIME               90.619
    SEED CONFIGS   110000 CPU TIME              101.644
    SEED CONFIGS   120000 CPU TIME               95.592
    SEED CONFIGS   130000 CPU TIME              114.134
    SEED CONFIGS   140000 CPU TIME               99.323
    SEED CONFIGS   150000 CPU TIME               89.894
    SEED CONFIGS   160000 CPU TIME               94.943
    SEED CONFIGS   170000 CPU TIME              121.315
    SEED CONFIGS   180000 CPU TIME              104.300
    SEED CONFIGS   190000 CPU TIME               81.853
    SEED CONFIGS   200000 CPU TIME               97.414
    SEED CONFIGS   210000 CPU TIME               92.771
    SEED CONFIGS   220000 CPU TIME               86.564
    SEED CONFIGS   230000 CPU TIME               89.857
    SEED CONFIGS   240000 CPU TIME               97.961
    SEED CONFIGS   250000 CPU TIME               82.190
    SEED CONFIGS   260000 CPU TIME               89.237
    SEED CONFIGS   270000 CPU TIME              102.438
    SEED CONFIGS   280000 CPU TIME              104.248
    SEED CONFIGS   290000 CPU TIME               85.522
    SEED CONFIGS   300000 CPU TIME               95.433
    SEED CONFIGS   310000 CPU TIME              106.722
    SEED CONFIGS   320000 CPU TIME              110.173
    SEED CONFIGS   330000 CPU TIME              119.103
    SEED CONFIGS   340000 CPU TIME              105.043
    SEED CONFIGS   350000 CPU TIME              105.942
    SEED CONFIGS   360000 CPU TIME               91.076
    SEED CONFIGS   370000 CPU TIME               98.878
    SEED CONFIGS   380000 CPU TIME              106.581
    SEED CONFIGS   390000 CPU TIME              119.617
    SEED CONFIGS   400000 CPU TIME               89.967
    SEED CONFIGS   410000 CPU TIME               86.900
    SEED CONFIGS   420000 CPU TIME               84.142
    SEED CONFIGS   430000 CPU TIME               84.222
    SEED CONFIGS   440000 CPU TIME               80.935
    SEED CONFIGS   450000 CPU TIME               93.982
    SEED CONFIGS   460000 CPU TIME               92.496
    SEED CONFIGS   470000 CPU TIME              124.358
    SEED CONFIGS   480000 CPU TIME              114.615
    SEED CONFIGS   490000 CPU TIME               99.195
    SEED CONFIGS   500000 CPU TIME               93.591
    SEED CONFIGS   510000 CPU TIME               93.344
    SEED CONFIGS   520000 CPU TIME               93.759
    SEED CONFIGS   530000 CPU TIME               92.830
    SEED CONFIGS   540000 CPU TIME              105.855
    SEED CONFIGS   550000 CPU TIME               85.442
    SEED CONFIGS   560000 CPU TIME               86.347
    SEED CONFIGS   570000 CPU TIME               92.007
    SEED CONFIGS   580000 CPU TIME              107.135
    SEED CONFIGS   590000 CPU TIME               86.981
    SEED CONFIGS   600000 CPU TIME              110.842
    SEED CONFIGS   610000 CPU TIME              121.461
    SEED CONFIGS   620000 CPU TIME              135.999
    SEED CONFIGS   630000 CPU TIME              147.101
    SEED CONFIGS   640000 CPU TIME              124.142
    SEED CONFIGS   650000 CPU TIME              178.588
    SEED CONFIGS   660000 CPU TIME              135.302
    SEED CONFIGS   670000 CPU TIME              148.764
    SEED CONFIGS   680000 CPU TIME              158.779
    SEED CONFIGS   690000 CPU TIME              166.161
    SEED CONFIGS   700000 CPU TIME              115.672
    SEED CONFIGS   710000 CPU TIME              120.374
    SEED CONFIGS   720000 CPU TIME              140.553
    SEED CONFIGS   730000 CPU TIME               83.126
    SEED CONFIGS   740000 CPU TIME              111.719
    SEED CONFIGS   750000 CPU TIME              158.714
    SEED CONFIGS   760000 CPU TIME              128.559
    SEED CONFIGS   770000 CPU TIME              103.914
    SEED CONFIGS   780000 CPU TIME              100.906
    SEED CONFIGS   790000 CPU TIME              103.450
    SEED CONFIGS   800000 CPU TIME               95.282
    SEED CONFIGS   810000 CPU TIME               90.458
    SEED CONFIGS   820000 CPU TIME               97.646
    SEED CONFIGS   830000 CPU TIME               94.702
    SEED CONFIGS   840000 CPU TIME               92.375
    SEED CONFIGS   850000 CPU TIME               91.772
    SEED CONFIGS   860000 CPU TIME               97.056
    SEED CONFIGS   870000 CPU TIME               99.404
    SEED CONFIGS   880000 CPU TIME               94.379
    SEED CONFIGS   890000 CPU TIME               85.541
    SEED CONFIGS   900000 CPU TIME               95.097
    SEED CONFIGS   910000 CPU TIME               98.112
    SEED CONFIGS   920000 CPU TIME              100.503
    SEED CONFIGS   930000 CPU TIME               98.751
STEP         11 NEW CONFIGS    1350852 CUMMULATIVE CONFIGS    2801068 CPU TIME             9497.777
    SEED CONFIGS    10000 CPU TIME               78.284
    SEED CONFIGS    20000 CPU TIME               93.532
    SEED CONFIGS    30000 CPU TIME               97.918
    SEED CONFIGS    40000 CPU TIME               96.673
    SEED CONFIGS    50000 CPU TIME               94.441
    SEED CONFIGS    60000 CPU TIME               90.249
    SEED CONFIGS    70000 CPU TIME              110.355
    SEED CONFIGS    80000 CPU TIME               82.130
    SEED CONFIGS    90000 CPU TIME               99.133
    SEED CONFIGS   100000 CPU TIME               97.199
    SEED CONFIGS   110000 CPU TIME               97.459
    SEED CONFIGS   120000 CPU TIME              101.212
    SEED CONFIGS   130000 CPU TIME              113.069
    SEED CONFIGS   140000 CPU TIME               86.492
    SEED CONFIGS   150000 CPU TIME              100.871
    SEED CONFIGS   160000 CPU TIME               92.046
    SEED CONFIGS   170000 CPU TIME              101.716
    SEED CONFIGS   180000 CPU TIME               92.112
    SEED CONFIGS   190000 CPU TIME              104.451
    SEED CONFIGS   200000 CPU TIME              105.161
    SEED CONFIGS   210000 CPU TIME               95.516
    SEED CONFIGS   220000 CPU TIME              103.508
    SEED CONFIGS   230000 CPU TIME               96.074
    SEED CONFIGS   240000 CPU TIME              116.136
    SEED CONFIGS   250000 CPU TIME              108.525
    SEED CONFIGS   260000 CPU TIME              108.263
    SEED CONFIGS   270000 CPU TIME              116.345
    SEED CONFIGS   280000 CPU TIME               96.450
    SEED CONFIGS   290000 CPU TIME              131.435
    SEED CONFIGS   300000 CPU TIME              109.550
    SEED CONFIGS   310000 CPU TIME              100.495
    SEED CONFIGS   320000 CPU TIME              103.111
    SEED CONFIGS   330000 CPU TIME              116.035
    SEED CONFIGS   340000 CPU TIME              111.241
    SEED CONFIGS   350000 CPU TIME              125.788
    SEED CONFIGS   360000 CPU TIME              119.880
    SEED CONFIGS   370000 CPU TIME              169.103
    SEED CONFIGS   380000 CPU TIME              122.564
    SEED CONFIGS   390000 CPU TIME              150.654
    SEED CONFIGS   400000 CPU TIME              110.497
    SEED CONFIGS   410000 CPU TIME              120.387
    SEED CONFIGS   420000 CPU TIME              151.872
    SEED CONFIGS   430000 CPU TIME              184.425
    SEED CONFIGS   440000 CPU TIME              158.205
    SEED CONFIGS   450000 CPU TIME              129.199
    SEED CONFIGS   460000 CPU TIME              165.713
    SEED CONFIGS   470000 CPU TIME              137.770
    SEED CONFIGS   480000 CPU TIME              150.338
    SEED CONFIGS   490000 CPU TIME              150.031
    SEED CONFIGS   500000 CPU TIME              172.305
    SEED CONFIGS   510000 CPU TIME              135.014
    SEED CONFIGS   520000 CPU TIME              143.074
    SEED CONFIGS   530000 CPU TIME              127.350
    SEED CONFIGS   540000 CPU TIME              183.334
    SEED CONFIGS   550000 CPU TIME               99.307
    SEED CONFIGS   560000 CPU TIME              151.369
    SEED CONFIGS   570000 CPU TIME              125.594
    SEED CONFIGS   580000 CPU TIME              114.785
    SEED CONFIGS   590000 CPU TIME              149.262
    SEED CONFIGS   600000 CPU TIME              163.637
    SEED CONFIGS   610000 CPU TIME              135.838
    SEED CONFIGS   620000 CPU TIME              121.273
    SEED CONFIGS   630000 CPU TIME              163.680
    SEED CONFIGS   640000 CPU TIME              128.410
    SEED CONFIGS   650000 CPU TIME              141.053
    SEED CONFIGS   660000 CPU TIME              145.395
    SEED CONFIGS   670000 CPU TIME              149.857
    SEED CONFIGS   680000 CPU TIME              108.617
    SEED CONFIGS   690000 CPU TIME              168.316
    SEED CONFIGS   700000 CPU TIME              125.971
    SEED CONFIGS   710000 CPU TIME              168.383
    SEED CONFIGS   720000 CPU TIME              178.902
    SEED CONFIGS   730000 CPU TIME              139.865
    SEED CONFIGS   740000 CPU TIME              168.939
    SEED CONFIGS   750000 CPU TIME              155.387
    SEED CONFIGS   760000 CPU TIME              176.188
    SEED CONFIGS   770000 CPU TIME              219.820
    SEED CONFIGS   780000 CPU TIME              258.887
    SEED CONFIGS   790000 CPU TIME              261.820
    SEED CONFIGS   800000 CPU TIME              341.730
    SEED CONFIGS   810000 CPU TIME              250.271
    SEED CONFIGS   820000 CPU TIME              210.492
    SEED CONFIGS   830000 CPU TIME              179.994
    SEED CONFIGS   840000 CPU TIME              112.033
    SEED CONFIGS   850000 CPU TIME              130.104
    SEED CONFIGS   860000 CPU TIME              117.439
    SEED CONFIGS   870000 CPU TIME              110.990
    SEED CONFIGS   880000 CPU TIME              109.652
    SEED CONFIGS   890000 CPU TIME              128.904
    SEED CONFIGS   900000 CPU TIME              170.881
    SEED CONFIGS   910000 CPU TIME              130.051
    SEED CONFIGS   920000 CPU TIME              112.049
    SEED CONFIGS   930000 CPU TIME              120.893
    SEED CONFIGS   940000 CPU TIME              166.814
    SEED CONFIGS   950000 CPU TIME              155.045
    SEED CONFIGS   960000 CPU TIME              170.566
    SEED CONFIGS   970000 CPU TIME              188.270
    SEED CONFIGS   980000 CPU TIME               99.166
    SEED CONFIGS   990000 CPU TIME              157.344
    SEED CONFIGS  1000000 CPU TIME              107.053
    SEED CONFIGS  1010000 CPU TIME              129.152
    SEED CONFIGS  1020000 CPU TIME              118.674
    SEED CONFIGS  1030000 CPU TIME              143.559
    SEED CONFIGS  1040000 CPU TIME              124.287
    SEED CONFIGS  1050000 CPU TIME              135.000
    SEED CONFIGS  1060000 CPU TIME              169.479
    SEED CONFIGS  1070000 CPU TIME              103.244
    SEED CONFIGS  1080000 CPU TIME              129.609
    SEED CONFIGS  1090000 CPU TIME              135.127
    SEED CONFIGS  1100000 CPU TIME              113.826
    SEED CONFIGS  1110000 CPU TIME              119.354
    SEED CONFIGS  1120000 CPU TIME              168.193
    SEED CONFIGS  1130000 CPU TIME              160.492
    SEED CONFIGS  1140000 CPU TIME              145.803
    SEED CONFIGS  1150000 CPU TIME              160.730
    SEED CONFIGS  1160000 CPU TIME              131.410
    SEED CONFIGS  1170000 CPU TIME              126.664
    SEED CONFIGS  1180000 CPU TIME              153.725
    SEED CONFIGS  1190000 CPU TIME              125.311
    SEED CONFIGS  1200000 CPU TIME              137.082
    SEED CONFIGS  1210000 CPU TIME              149.607
    SEED CONFIGS  1220000 CPU TIME              124.379
    SEED CONFIGS  1230000 CPU TIME              150.707
    SEED CONFIGS  1240000 CPU TIME              149.164
    SEED CONFIGS  1250000 CPU TIME              170.734
    SEED CONFIGS  1260000 CPU TIME              140.611
    SEED CONFIGS  1270000 CPU TIME              150.775
    SEED CONFIGS  1280000 CPU TIME              143.684
    SEED CONFIGS  1290000 CPU TIME              141.764
    SEED CONFIGS  1300000 CPU TIME              148.875
    SEED CONFIGS  1310000 CPU TIME              139.061
    SEED CONFIGS  1320000 CPU TIME              149.580
    SEED CONFIGS  1330000 CPU TIME              158.027
    SEED CONFIGS  1340000 CPU TIME              154.658
    SEED CONFIGS  1350000 CPU TIME              150.217
STEP         12 NEW CONFIGS     782536 CUMMULATIVE CONFIGS    3583604 CPU TIME            18508.359
    SEED CONFIGS    10000 CPU TIME              100.523
    SEED CONFIGS    20000 CPU TIME              134.305
    SEED CONFIGS    30000 CPU TIME              136.242
    SEED CONFIGS    40000 CPU TIME              108.295
    SEED CONFIGS    50000 CPU TIME              128.994
    SEED CONFIGS    60000 CPU TIME              128.289
    SEED CONFIGS    70000 CPU TIME              113.896
    SEED CONFIGS    80000 CPU TIME              146.969
    SEED CONFIGS    90000 CPU TIME              152.164
    SEED CONFIGS   100000 CPU TIME              156.543
    SEED CONFIGS   110000 CPU TIME              155.023
    SEED CONFIGS   120000 CPU TIME              126.938
    SEED CONFIGS   130000 CPU TIME              121.682
    SEED CONFIGS   140000 CPU TIME              116.264
    SEED CONFIGS   150000 CPU TIME              166.873
    SEED CONFIGS   160000 CPU TIME              149.281
    SEED CONFIGS   170000 CPU TIME              140.174
    SEED CONFIGS   180000 CPU TIME              113.035
    SEED CONFIGS   190000 CPU TIME              154.033
    SEED CONFIGS   200000 CPU TIME              138.484
    SEED CONFIGS   210000 CPU TIME              178.898
    SEED CONFIGS   220000 CPU TIME              149.590
    SEED CONFIGS   230000 CPU TIME              198.633
    SEED CONFIGS   240000 CPU TIME              175.715
    SEED CONFIGS   250000 CPU TIME              145.180
    SEED CONFIGS   260000 CPU TIME              165.914
    SEED CONFIGS   270000 CPU TIME              141.996
    SEED CONFIGS   280000 CPU TIME              153.332
    SEED CONFIGS   290000 CPU TIME              184.695
    SEED CONFIGS   300000 CPU TIME              153.750
    SEED CONFIGS   310000 CPU TIME              147.770
    SEED CONFIGS   320000 CPU TIME              190.043
    SEED CONFIGS   330000 CPU TIME              152.758
    SEED CONFIGS   340000 CPU TIME              110.164
    SEED CONFIGS   350000 CPU TIME              169.566
    SEED CONFIGS   360000 CPU TIME              128.000
    SEED CONFIGS   370000 CPU TIME              120.590
    SEED CONFIGS   380000 CPU TIME              163.836
    SEED CONFIGS   390000 CPU TIME              125.488
    SEED CONFIGS   400000 CPU TIME              115.383
    SEED CONFIGS   410000 CPU TIME              153.176
    SEED CONFIGS   420000 CPU TIME              111.668
    SEED CONFIGS   430000 CPU TIME              116.648
    SEED CONFIGS   440000 CPU TIME              133.086
    SEED CONFIGS   450000 CPU TIME              124.793
    SEED CONFIGS   460000 CPU TIME              153.594
    SEED CONFIGS   470000 CPU TIME              104.488
    SEED CONFIGS   480000 CPU TIME              156.961
    SEED CONFIGS   490000 CPU TIME              147.207
    SEED CONFIGS   500000 CPU TIME              133.691
    SEED CONFIGS   510000 CPU TIME              144.211
    SEED CONFIGS   520000 CPU TIME              148.988
    SEED CONFIGS   530000 CPU TIME              137.984
    SEED CONFIGS   540000 CPU TIME              146.551
    SEED CONFIGS   550000 CPU TIME              129.402
    SEED CONFIGS   560000 CPU TIME              115.973
    SEED CONFIGS   570000 CPU TIME              145.586
    SEED CONFIGS   580000 CPU TIME              143.898
    SEED CONFIGS   590000 CPU TIME              116.527
    SEED CONFIGS   600000 CPU TIME              130.949
    SEED CONFIGS   610000 CPU TIME              131.023
    SEED CONFIGS   620000 CPU TIME              135.988
    SEED CONFIGS   630000 CPU TIME              125.770
    SEED CONFIGS   640000 CPU TIME              155.977
    SEED CONFIGS   650000 CPU TIME              140.547
    SEED CONFIGS   660000 CPU TIME              149.672
    SEED CONFIGS   670000 CPU TIME              122.680
    SEED CONFIGS   680000 CPU TIME              152.238
    SEED CONFIGS   690000 CPU TIME              130.988
    SEED CONFIGS   700000 CPU TIME              144.980
    SEED CONFIGS   710000 CPU TIME              141.504
    SEED CONFIGS   720000 CPU TIME              135.637
    SEED CONFIGS   730000 CPU TIME              141.238
    SEED CONFIGS   740000 CPU TIME              146.598
    SEED CONFIGS   750000 CPU TIME              157.684
    SEED CONFIGS   760000 CPU TIME              163.660
    SEED CONFIGS   770000 CPU TIME              174.211
    SEED CONFIGS   780000 CPU TIME              187.758
STEP         13 NEW CONFIGS      90280 CUMMULATIVE CONFIGS    3673884 CPU TIME            11125.520
STEP         14 NEW CONFIGS        276 CUMMULATIVE CONFIGS    3674160 (CONVERGED) CPU TIME             1856.195
