2X2X2 RUBIK'S CUBE CONFIGURATION GENERATION
1: QUARTER-TURN METRIC; 2: HALF-TURN METRIC; 3: SEMI-QUARTER-TURN METRIC; 4: TWO-QUARTER-TURN METRIC
4
TWO-QUARTER-TURN METRIC
1: BISECTION SEARCH IN SORTED LIST; 2: SEQUENTIAL SEARCH IN UNSORTED LIST
1
BISECTION SEARCH IN SORTED LIST
TOTAL NUMBER OF CONFIGURATIONS = 3674160
STEP          0 NEW CONFIGS          0 CUMMULATIVE CONFIGS          1
STEP          1 NEW CONFIGS         15 CUMMULATIVE CONFIGS         16 CPU TIME                0.004
DISTANCE 0 FOUND 0
DISTANCE 1 FOUND 0
STEP          2 NEW CONFIGS        144 CUMMULATIVE CONFIGS        160 CPU TIME                0.001
DISTANCE 0 FOUND 9
DISTANCE 1 FOUND 36
DISTANCE 2 FOUND 36
STEP          3 NEW CONFIGS       1324 CUMMULATIVE CONFIGS       1484 CPU TIME                0.002
DISTANCE 0 FOUND 6
DISTANCE 1 FOUND 114
DISTANCE 2 FOUND 312
DISTANCE 3 FOUND 404
STEP          4 NEW CONFIGS      10704 CUMMULATIVE CONFIGS      12188 CPU TIME                0.070
DISTANCE 0 FOUND 0
DISTANCE 1 FOUND 60
DISTANCE 2 FOUND 1113
DISTANCE 3 FOUND 3369
DISTANCE 4 FOUND 4614
STEP          5 NEW CONFIGS      73971 CUMMULATIVE CONFIGS      86159 CPU TIME                3.183
DISTANCE 0 FOUND 0
DISTANCE 1 FOUND 0
DISTANCE 2 FOUND 555
DISTANCE 3 FOUND 10587
DISTANCE 4 FOUND 33492
DISTANCE 5 FOUND 41955
STEP          6 NEW CONFIGS     428657 CUMMULATIVE CONFIGS     514816 CPU TIME              122.363
DISTANCE 0 FOUND 0
DISTANCE 1 FOUND 0
DISTANCE 2 FOUND 0
DISTANCE 3 FOUND 4176
DISTANCE 4 FOUND 84729
DISTANCE 5 FOUND 275691
DISTANCE 6 FOUND 316312
    SEED CONFIGS    10000 CPU TIME               28.152
    SEED CONFIGS    20000 CPU TIME               30.531
    SEED CONFIGS    30000 CPU TIME               31.679
    SEED CONFIGS    40000 CPU TIME               34.833
    SEED CONFIGS    50000 CPU TIME               36.015
    SEED CONFIGS    60000 CPU TIME               44.085
    SEED CONFIGS    70000 CPU TIME               43.064
    SEED CONFIGS    80000 CPU TIME               44.491
    SEED CONFIGS    90000 CPU TIME               44.670
    SEED CONFIGS   100000 CPU TIME               41.120
    SEED CONFIGS   110000 CPU TIME               47.381
    SEED CONFIGS   120000 CPU TIME               51.630
    SEED CONFIGS   130000 CPU TIME               51.907
    SEED CONFIGS   140000 CPU TIME               50.377
    SEED CONFIGS   150000 CPU TIME               52.877
    SEED CONFIGS   160000 CPU TIME               58.182
    SEED CONFIGS   170000 CPU TIME               53.597
    SEED CONFIGS   180000 CPU TIME               51.453
    SEED CONFIGS   190000 CPU TIME               53.585
    SEED CONFIGS   200000 CPU TIME               64.130
    SEED CONFIGS   210000 CPU TIME               60.108
    SEED CONFIGS   220000 CPU TIME               60.070
    SEED CONFIGS   230000 CPU TIME               57.910
    SEED CONFIGS   240000 CPU TIME               64.484
    SEED CONFIGS   250000 CPU TIME               66.199
    SEED CONFIGS   260000 CPU TIME               57.903
    SEED CONFIGS   270000 CPU TIME               60.004
    SEED CONFIGS   280000 CPU TIME               66.173
    SEED CONFIGS   290000 CPU TIME               59.679
    SEED CONFIGS   300000 CPU TIME               60.174
    SEED CONFIGS   310000 CPU TIME               58.966
    SEED CONFIGS   320000 CPU TIME               61.886
    SEED CONFIGS   330000 CPU TIME               57.384
    SEED CONFIGS   340000 CPU TIME               59.524
    SEED CONFIGS   350000 CPU TIME               62.438
    SEED CONFIGS   360000 CPU TIME               56.529
    SEED CONFIGS   370000 CPU TIME               57.744
    SEED CONFIGS   380000 CPU TIME               55.980
    SEED CONFIGS   390000 CPU TIME               55.491
    SEED CONFIGS   400000 CPU TIME               55.542
    SEED CONFIGS   410000 CPU TIME               59.761
    SEED CONFIGS   420000 CPU TIME               60.609
STEP          7 NEW CONFIGS    1713493 CUMMULATIVE CONFIGS    2228309 CPU TIME             2277.676
DISTANCE 0 FOUND 0
DISTANCE 1 FOUND 0
DISTANCE 2 FOUND 0
DISTANCE 3 FOUND 0
DISTANCE 4 FOUND 27021
DISTANCE 5 FOUND 575367
DISTANCE 6 FOUND 1959447
DISTANCE 7 FOUND 2154527
    SEED CONFIGS    10000 CPU TIME               65.969
    SEED CONFIGS    20000 CPU TIME               63.675
    SEED CONFIGS    30000 CPU TIME               58.472
    SEED CONFIGS    40000 CPU TIME               59.480
    SEED CONFIGS    50000 CPU TIME               65.344
    SEED CONFIGS    60000 CPU TIME               62.091
    SEED CONFIGS    70000 CPU TIME               63.748
    SEED CONFIGS    80000 CPU TIME               59.013
    SEED CONFIGS    90000 CPU TIME               62.797
    SEED CONFIGS   100000 CPU TIME               56.964
    SEED CONFIGS   110000 CPU TIME               63.422
    SEED CONFIGS   120000 CPU TIME               55.812
    SEED CONFIGS   130000 CPU TIME               57.803
    SEED CONFIGS   140000 CPU TIME               58.492
    SEED CONFIGS   150000 CPU TIME               54.605
    SEED CONFIGS   160000 CPU TIME               55.680
    SEED CONFIGS   170000 CPU TIME               58.937
    SEED CONFIGS   180000 CPU TIME               56.972
    SEED CONFIGS   190000 CPU TIME               54.658
    SEED CONFIGS   200000 CPU TIME               57.064
    SEED CONFIGS   210000 CPU TIME               53.376
    SEED CONFIGS   220000 CPU TIME               57.521
    SEED CONFIGS   230000 CPU TIME               51.016
    SEED CONFIGS   240000 CPU TIME               50.609
    SEED CONFIGS   250000 CPU TIME               51.930
    SEED CONFIGS   260000 CPU TIME               51.291
    SEED CONFIGS   270000 CPU TIME               48.838
    SEED CONFIGS   280000 CPU TIME               57.788
    SEED CONFIGS   290000 CPU TIME               56.101
    SEED CONFIGS   300000 CPU TIME               49.730
    SEED CONFIGS   310000 CPU TIME               55.319
    SEED CONFIGS   320000 CPU TIME               52.619
    SEED CONFIGS   330000 CPU TIME               49.659
    SEED CONFIGS   340000 CPU TIME               51.417
    SEED CONFIGS   350000 CPU TIME               46.811
    SEED CONFIGS   360000 CPU TIME               45.174
    SEED CONFIGS   370000 CPU TIME               51.125
    SEED CONFIGS   380000 CPU TIME               48.292
    SEED CONFIGS   390000 CPU TIME               44.124
    SEED CONFIGS   400000 CPU TIME               47.883
    SEED CONFIGS   410000 CPU TIME               44.021
    SEED CONFIGS   420000 CPU TIME               44.459
    SEED CONFIGS   430000 CPU TIME               40.938
    SEED CONFIGS   440000 CPU TIME               45.271
    SEED CONFIGS   450000 CPU TIME               42.327
    SEED CONFIGS   460000 CPU TIME               39.951
    SEED CONFIGS   470000 CPU TIME               43.483
    SEED CONFIGS   480000 CPU TIME               39.668
    SEED CONFIGS   490000 CPU TIME               38.332
    SEED CONFIGS   500000 CPU TIME               36.277
    SEED CONFIGS   510000 CPU TIME               35.375
    SEED CONFIGS   520000 CPU TIME               38.143
    SEED CONFIGS   530000 CPU TIME               35.309
    SEED CONFIGS   540000 CPU TIME               36.844
    SEED CONFIGS   550000 CPU TIME               38.971
    SEED CONFIGS   560000 CPU TIME               36.375
    SEED CONFIGS   570000 CPU TIME               35.501
    SEED CONFIGS   580000 CPU TIME               33.501
    SEED CONFIGS   590000 CPU TIME               33.163
    SEED CONFIGS   600000 CPU TIME               34.113
    SEED CONFIGS   610000 CPU TIME               31.183
    SEED CONFIGS   620000 CPU TIME               28.813
    SEED CONFIGS   630000 CPU TIME               31.112
    SEED CONFIGS   640000 CPU TIME               28.571
    SEED CONFIGS   650000 CPU TIME               30.501
    SEED CONFIGS   660000 CPU TIME               28.474
    SEED CONFIGS   670000 CPU TIME               26.788
    SEED CONFIGS   680000 CPU TIME               25.988
    SEED CONFIGS   690000 CPU TIME               27.770
    SEED CONFIGS   700000 CPU TIME               25.407
    SEED CONFIGS   710000 CPU TIME               24.254
    SEED CONFIGS   720000 CPU TIME               23.750
    SEED CONFIGS   730000 CPU TIME               25.476
    SEED CONFIGS   740000 CPU TIME               27.244
    SEED CONFIGS   750000 CPU TIME               24.222
    SEED CONFIGS   760000 CPU TIME               22.513
    SEED CONFIGS   770000 CPU TIME               24.568
    SEED CONFIGS   780000 CPU TIME               22.091
    SEED CONFIGS   790000 CPU TIME               20.838
    SEED CONFIGS   800000 CPU TIME               21.655
    SEED CONFIGS   810000 CPU TIME               20.422
    SEED CONFIGS   820000 CPU TIME               18.592
    SEED CONFIGS   830000 CPU TIME               18.551
    SEED CONFIGS   840000 CPU TIME               20.035
    SEED CONFIGS   850000 CPU TIME               19.986
    SEED CONFIGS   860000 CPU TIME               17.625
    SEED CONFIGS   870000 CPU TIME               19.959
    SEED CONFIGS   880000 CPU TIME               18.124
    SEED CONFIGS   890000 CPU TIME               17.461
    SEED CONFIGS   900000 CPU TIME               16.691
    SEED CONFIGS   910000 CPU TIME               15.370
    SEED CONFIGS   920000 CPU TIME               19.183
    SEED CONFIGS   930000 CPU TIME               18.086
    SEED CONFIGS   940000 CPU TIME               16.172
    SEED CONFIGS   950000 CPU TIME               17.083
    SEED CONFIGS   960000 CPU TIME               15.290
    SEED CONFIGS   970000 CPU TIME               14.115
    SEED CONFIGS   980000 CPU TIME               13.507
    SEED CONFIGS   990000 CPU TIME               13.899
    SEED CONFIGS  1000000 CPU TIME               14.474
    SEED CONFIGS  1010000 CPU TIME               12.514
    SEED CONFIGS  1020000 CPU TIME               12.624
    SEED CONFIGS  1030000 CPU TIME               12.608
    SEED CONFIGS  1040000 CPU TIME               11.953
    SEED CONFIGS  1050000 CPU TIME               11.678
    SEED CONFIGS  1060000 CPU TIME               11.479
    SEED CONFIGS  1070000 CPU TIME               11.233
    SEED CONFIGS  1080000 CPU TIME               11.165
    SEED CONFIGS  1090000 CPU TIME               11.261
    SEED CONFIGS  1100000 CPU TIME               11.468
    SEED CONFIGS  1110000 CPU TIME               10.016
    SEED CONFIGS  1120000 CPU TIME               10.275
    SEED CONFIGS  1130000 CPU TIME               10.329
    SEED CONFIGS  1140000 CPU TIME               10.022
    SEED CONFIGS  1150000 CPU TIME                9.188
    SEED CONFIGS  1160000 CPU TIME                7.942
    SEED CONFIGS  1170000 CPU TIME                7.461
    SEED CONFIGS  1180000 CPU TIME                7.981
    SEED CONFIGS  1190000 CPU TIME                8.652
    SEED CONFIGS  1200000 CPU TIME                7.974
    SEED CONFIGS  1210000 CPU TIME                7.270
    SEED CONFIGS  1220000 CPU TIME                7.459
    SEED CONFIGS  1230000 CPU TIME                8.126
    SEED CONFIGS  1240000 CPU TIME                8.290
    SEED CONFIGS  1250000 CPU TIME                7.236
    SEED CONFIGS  1260000 CPU TIME                6.625
    SEED CONFIGS  1270000 CPU TIME                6.783
    SEED CONFIGS  1280000 CPU TIME                6.329
    SEED CONFIGS  1290000 CPU TIME                5.584
    SEED CONFIGS  1300000 CPU TIME                7.130
    SEED CONFIGS  1310000 CPU TIME                6.148
    SEED CONFIGS  1320000 CPU TIME                5.246
    SEED CONFIGS  1330000 CPU TIME                5.402
    SEED CONFIGS  1340000 CPU TIME                5.375
    SEED CONFIGS  1350000 CPU TIME                5.573
    SEED CONFIGS  1360000 CPU TIME                5.119
    SEED CONFIGS  1370000 CPU TIME                4.755
    SEED CONFIGS  1380000 CPU TIME                4.681
    SEED CONFIGS  1390000 CPU TIME                4.648
    SEED CONFIGS  1400000 CPU TIME                4.044
    SEED CONFIGS  1410000 CPU TIME                4.441
    SEED CONFIGS  1420000 CPU TIME                4.002
    SEED CONFIGS  1430000 CPU TIME                3.833
    SEED CONFIGS  1440000 CPU TIME                3.787
    SEED CONFIGS  1450000 CPU TIME                4.117
    SEED CONFIGS  1460000 CPU TIME                3.668
    SEED CONFIGS  1470000 CPU TIME                4.243
    SEED CONFIGS  1480000 CPU TIME                3.859
    SEED CONFIGS  1490000 CPU TIME                3.222
    SEED CONFIGS  1500000 CPU TIME                3.051
    SEED CONFIGS  1510000 CPU TIME                2.975
    SEED CONFIGS  1520000 CPU TIME                2.928
    SEED CONFIGS  1530000 CPU TIME                2.771
    SEED CONFIGS  1540000 CPU TIME                3.156
    SEED CONFIGS  1550000 CPU TIME                2.845
    SEED CONFIGS  1560000 CPU TIME                2.948
    SEED CONFIGS  1570000 CPU TIME                2.917
    SEED CONFIGS  1580000 CPU TIME                2.598
    SEED CONFIGS  1590000 CPU TIME                2.612
    SEED CONFIGS  1600000 CPU TIME                2.135
    SEED CONFIGS  1610000 CPU TIME                2.373
    SEED CONFIGS  1620000 CPU TIME                2.304
    SEED CONFIGS  1630000 CPU TIME                2.190
    SEED CONFIGS  1640000 CPU TIME                2.389
    SEED CONFIGS  1650000 CPU TIME                2.091
    SEED CONFIGS  1660000 CPU TIME                2.065
    SEED CONFIGS  1670000 CPU TIME                2.227
    SEED CONFIGS  1680000 CPU TIME                1.876
    SEED CONFIGS  1690000 CPU TIME                1.862
    SEED CONFIGS  1700000 CPU TIME                1.737
    SEED CONFIGS  1710000 CPU TIME                1.613
STEP          8 NEW CONFIGS    1434323 CUMMULATIVE CONFIGS    3662632 CPU TIME             4268.490
DISTANCE 0 FOUND 0
DISTANCE 1 FOUND 0
DISTANCE 2 FOUND 0
DISTANCE 3 FOUND 0
DISTANCE 4 FOUND 0
DISTANCE 5 FOUND 142581
DISTANCE 6 FOUND 3321969
DISTANCE 7 FOUND 13268511
DISTANCE 8 FOUND 7535011
    SEED CONFIGS    10000 CPU TIME                1.930
    SEED CONFIGS    20000 CPU TIME                1.868
    SEED CONFIGS    30000 CPU TIME                1.828
    SEED CONFIGS    40000 CPU TIME                1.525
    SEED CONFIGS    50000 CPU TIME                1.814
    SEED CONFIGS    60000 CPU TIME                1.641
    SEED CONFIGS    70000 CPU TIME                1.292
    SEED CONFIGS    80000 CPU TIME                1.333
    SEED CONFIGS    90000 CPU TIME                1.351
    SEED CONFIGS   100000 CPU TIME                1.266
    SEED CONFIGS   110000 CPU TIME                1.251
    SEED CONFIGS   120000 CPU TIME                1.175
    SEED CONFIGS   130000 CPU TIME                1.362
    SEED CONFIGS   140000 CPU TIME                1.355
    SEED CONFIGS   150000 CPU TIME                1.143
    SEED CONFIGS   160000 CPU TIME                1.055
    SEED CONFIGS   170000 CPU TIME                1.055
    SEED CONFIGS   180000 CPU TIME                0.984
    SEED CONFIGS   190000 CPU TIME                1.003
    SEED CONFIGS   200000 CPU TIME                0.895
    SEED CONFIGS   210000 CPU TIME                0.875
    SEED CONFIGS   220000 CPU TIME                0.964
    SEED CONFIGS   230000 CPU TIME                0.821
    SEED CONFIGS   240000 CPU TIME                0.819
    SEED CONFIGS   250000 CPU TIME                0.630
    SEED CONFIGS   260000 CPU TIME                0.625
    SEED CONFIGS   270000 CPU TIME                0.767
    SEED CONFIGS   280000 CPU TIME                0.770
    SEED CONFIGS   290000 CPU TIME                0.772
    SEED CONFIGS   300000 CPU TIME                0.640
    SEED CONFIGS   310000 CPU TIME                0.521
    SEED CONFIGS   320000 CPU TIME                0.525
    SEED CONFIGS   330000 CPU TIME                0.479
    SEED CONFIGS   340000 CPU TIME                0.557
    SEED CONFIGS   350000 CPU TIME                0.517
    SEED CONFIGS   360000 CPU TIME                0.491
    SEED CONFIGS   370000 CPU TIME                0.550
    SEED CONFIGS   380000 CPU TIME                0.402
    SEED CONFIGS   390000 CPU TIME                0.492
    SEED CONFIGS   400000 CPU TIME                0.367
    SEED CONFIGS   410000 CPU TIME                0.489
    SEED CONFIGS   420000 CPU TIME                0.451
    SEED CONFIGS   430000 CPU TIME                0.351
    SEED CONFIGS   440000 CPU TIME                0.365
    SEED CONFIGS   450000 CPU TIME                0.285
    SEED CONFIGS   460000 CPU TIME                0.330
    SEED CONFIGS   470000 CPU TIME                0.284
    SEED CONFIGS   480000 CPU TIME                0.380
    SEED CONFIGS   490000 CPU TIME                0.329
    SEED CONFIGS   500000 CPU TIME                0.220
    SEED CONFIGS   510000 CPU TIME                0.309
    SEED CONFIGS   520000 CPU TIME                0.303
    SEED CONFIGS   530000 CPU TIME                0.227
    SEED CONFIGS   540000 CPU TIME                0.195
    SEED CONFIGS   550000 CPU TIME                0.237
    SEED CONFIGS   560000 CPU TIME                0.203
    SEED CONFIGS   570000 CPU TIME                0.190
    SEED CONFIGS   580000 CPU TIME                0.209
    SEED CONFIGS   590000 CPU TIME                0.187
    SEED CONFIGS   600000 CPU TIME                0.179
    SEED CONFIGS   610000 CPU TIME                0.174
    SEED CONFIGS   620000 CPU TIME                0.189
    SEED CONFIGS   630000 CPU TIME                0.169
    SEED CONFIGS   640000 CPU TIME                0.164
    SEED CONFIGS   650000 CPU TIME                0.183
    SEED CONFIGS   660000 CPU TIME                0.131
    SEED CONFIGS   670000 CPU TIME                0.163
    SEED CONFIGS   680000 CPU TIME                0.164
    SEED CONFIGS   690000 CPU TIME                0.110
    SEED CONFIGS   700000 CPU TIME                0.119
    SEED CONFIGS   710000 CPU TIME                0.119
    SEED CONFIGS   720000 CPU TIME                0.113
    SEED CONFIGS   730000 CPU TIME                0.102
    SEED CONFIGS   740000 CPU TIME                0.126
    SEED CONFIGS   750000 CPU TIME                0.148
    SEED CONFIGS   760000 CPU TIME                0.123
    SEED CONFIGS   770000 CPU TIME                0.123
    SEED CONFIGS   780000 CPU TIME                0.119
    SEED CONFIGS   790000 CPU TIME                0.098
    SEED CONFIGS   800000 CPU TIME                0.111
    SEED CONFIGS   810000 CPU TIME                0.094
    SEED CONFIGS   820000 CPU TIME                0.121
    SEED CONFIGS   830000 CPU TIME                0.105
    SEED CONFIGS   840000 CPU TIME                0.098
    SEED CONFIGS   850000 CPU TIME                0.102
    SEED CONFIGS   860000 CPU TIME                0.093
    SEED CONFIGS   870000 CPU TIME                0.084
    SEED CONFIGS   880000 CPU TIME                0.078
    SEED CONFIGS   890000 CPU TIME                0.088
    SEED CONFIGS   900000 CPU TIME                0.090
    SEED CONFIGS   910000 CPU TIME                0.104
    SEED CONFIGS   920000 CPU TIME                0.085
    SEED CONFIGS   930000 CPU TIME                0.082
    SEED CONFIGS   940000 CPU TIME                0.071
    SEED CONFIGS   950000 CPU TIME                0.073
    SEED CONFIGS   960000 CPU TIME                0.077
    SEED CONFIGS   970000 CPU TIME                0.078
    SEED CONFIGS   980000 CPU TIME                0.080
    SEED CONFIGS   990000 CPU TIME                0.079
    SEED CONFIGS  1000000 CPU TIME                0.079
    SEED CONFIGS  1010000 CPU TIME                0.071
    SEED CONFIGS  1020000 CPU TIME                0.070
    SEED CONFIGS  1030000 CPU TIME                0.071
    SEED CONFIGS  1040000 CPU TIME                0.084
    SEED CONFIGS  1050000 CPU TIME                0.071
    SEED CONFIGS  1060000 CPU TIME                0.070
    SEED CONFIGS  1070000 CPU TIME                0.076
    SEED CONFIGS  1080000 CPU TIME                0.072
    SEED CONFIGS  1090000 CPU TIME                0.072
    SEED CONFIGS  1100000 CPU TIME                0.073
    SEED CONFIGS  1110000 CPU TIME                0.074
    SEED CONFIGS  1120000 CPU TIME                0.074
    SEED CONFIGS  1130000 CPU TIME                0.073
    SEED CONFIGS  1140000 CPU TIME                0.080
    SEED CONFIGS  1150000 CPU TIME                0.071
    SEED CONFIGS  1160000 CPU TIME                0.073
    SEED CONFIGS  1170000 CPU TIME                0.071
    SEED CONFIGS  1180000 CPU TIME                0.071
    SEED CONFIGS  1190000 CPU TIME                0.071
    SEED CONFIGS  1200000 CPU TIME                0.070
    SEED CONFIGS  1210000 CPU TIME                0.071
    SEED CONFIGS  1220000 CPU TIME                0.072
    SEED CONFIGS  1230000 CPU TIME                0.072
    SEED CONFIGS  1240000 CPU TIME                0.072
    SEED CONFIGS  1250000 CPU TIME                0.072
    SEED CONFIGS  1260000 CPU TIME                0.072
    SEED CONFIGS  1270000 CPU TIME                0.072
    SEED CONFIGS  1280000 CPU TIME                0.071
    SEED CONFIGS  1290000 CPU TIME                0.071
    SEED CONFIGS  1300000 CPU TIME                0.072
    SEED CONFIGS  1310000 CPU TIME                0.071
    SEED CONFIGS  1320000 CPU TIME                0.072
    SEED CONFIGS  1330000 CPU TIME                0.072
    SEED CONFIGS  1340000 CPU TIME                0.073
    SEED CONFIGS  1350000 CPU TIME                0.073
    SEED CONFIGS  1360000 CPU TIME                0.074
    SEED CONFIGS  1370000 CPU TIME                0.073
    SEED CONFIGS  1380000 CPU TIME                0.073
    SEED CONFIGS  1390000 CPU TIME                0.072
    SEED CONFIGS  1400000 CPU TIME                0.073
    SEED CONFIGS  1410000 CPU TIME                0.073
    SEED CONFIGS  1420000 CPU TIME                0.073
    SEED CONFIGS  1430000 CPU TIME                0.073
STEP          9 NEW CONFIGS      11527 CUMMULATIVE CONFIGS    3674159 CPU TIME               53.090
DISTANCE 0 FOUND 0
DISTANCE 1 FOUND 0
DISTANCE 2 FOUND 0
DISTANCE 3 FOUND 0
DISTANCE 4 FOUND 0
DISTANCE 5 FOUND 0
DISTANCE 6 FOUND 403470
DISTANCE 7 FOUND 8548026
DISTANCE 8 FOUND 12397968
DISTANCE 9 FOUND 153854
STEP         10 NEW CONFIGS          1 CUMMULATIVE CONFIGS    3674160 CPU TIME                0.093
DISTANCE 0 FOUND 0
DISTANCE 1 FOUND 0
DISTANCE 2 FOUND 0
DISTANCE 3 FOUND 0
DISTANCE 4 FOUND 0
DISTANCE 5 FOUND 0
DISTANCE 6 FOUND 0
DISTANCE 7 FOUND 17838
DISTANCE 8 FOUND 147537
DISTANCE 9 FOUND 7515
DISTANCE 10 FOUND 14
STEP         11 NEW CONFIGS          0 CUMMULATIVE CONFIGS    3674160 CPU TIME                0.000
