1: QUARTER-TURN METRIC; 2: HALF-TURN METRIC; 3: SEMI-QUARTER-TURN METRIC; 4: TWO-QUARTER-TURN METRIC
3
SEMI-QUARTER-TURN METRIC
1: BISECTION SEARCH IN SORTED LIST; 2: SEQUENTIAL SEARCH IN UNSORTED LIST
1
BISECTION SEARCH IN SORTED LIST
TOTAL NUMBER OF CONFIGURATIONS = 3674160
STEP          0 NEW CONFIGS          1 CUMMULATIVE CONFIGS          1
STEP          1 NEW CONFIGS          3 CUMMULATIVE CONFIGS          4 CPU TIME                0.007
DISTANCE 0 FOUND 0
DISTANCE 1 FOUND 0
SUM 3 = 3 X 1
STEP          2 NEW CONFIGS          9 CUMMULATIVE CONFIGS         13 CPU TIME                0.001
DISTANCE 0 FOUND 0
DISTANCE 1 FOUND 0
DISTANCE 2 FOUND 0
SUM 9 = 3 X 3
STEP          3 NEW CONFIGS         27 CUMMULATIVE CONFIGS         40 CPU TIME                0.001
DISTANCE 0 FOUND 0
DISTANCE 1 FOUND 0
DISTANCE 2 FOUND 0
DISTANCE 3 FOUND 0
SUM 27 = 3 X 9
STEP          4 NEW CONFIGS         78 CUMMULATIVE CONFIGS        118 CPU TIME                0.001
DISTANCE 0 FOUND 3
DISTANCE 1 FOUND 0
DISTANCE 2 FOUND 0
DISTANCE 3 FOUND 0
DISTANCE 4 FOUND 0
SUM 81 = 3 X 27
STEP          5 NEW CONFIGS        216 CUMMULATIVE CONFIGS        334 CPU TIME                0.001
DISTANCE 0 FOUND 0
DISTANCE 1 FOUND 6
DISTANCE 2 FOUND 0
DISTANCE 3 FOUND 0
DISTANCE 4 FOUND 0
DISTANCE 5 FOUND 12
SUM 234 = 3 X 78
STEP          6 NEW CONFIGS        583 CUMMULATIVE CONFIGS        917 CPU TIME                0.002
DISTANCE 0 FOUND 0
DISTANCE 1 FOUND 0
DISTANCE 2 FOUND 18
DISTANCE 3 FOUND 0
DISTANCE 4 FOUND 0
DISTANCE 5 FOUND 0
DISTANCE 6 FOUND 47
SUM 648 = 3 X 216
STEP          7 NEW CONFIGS       1546 CUMMULATIVE CONFIGS       2463 CPU TIME                0.005
DISTANCE 0 FOUND 0
DISTANCE 1 FOUND 0
DISTANCE 2 FOUND 0
DISTANCE 3 FOUND 54
DISTANCE 4 FOUND 0
DISTANCE 5 FOUND 0
DISTANCE 6 FOUND 0
DISTANCE 7 FOUND 149
SUM 1749 = 3 X 583
STEP          8 NEW CONFIGS       4035 CUMMULATIVE CONFIGS       6498 CPU TIME                0.026
DISTANCE 0 FOUND 0
DISTANCE 1 FOUND 0
DISTANCE 2 FOUND 0
DISTANCE 3 FOUND 0
DISTANCE 4 FOUND 156
DISTANCE 5 FOUND 0
DISTANCE 6 FOUND 3
DISTANCE 7 FOUND 0
DISTANCE 8 FOUND 444
SUM 4638 = 3 X 1546
STEP          9 NEW CONFIGS      10320 CUMMULATIVE CONFIGS      16818 CPU TIME                0.167
DISTANCE 0 FOUND 0
DISTANCE 1 FOUND 0
DISTANCE 2 FOUND 0
DISTANCE 3 FOUND 0
DISTANCE 4 FOUND 0
DISTANCE 5 FOUND 420
DISTANCE 6 FOUND 0
DISTANCE 7 FOUND 69
DISTANCE 8 FOUND 0
DISTANCE 9 FOUND 1296
SUM 12105 = 3 X 4035
STEP         10 NEW CONFIGS      25824 CUMMULATIVE CONFIGS      42642 CPU TIME                1.067
DISTANCE 0 FOUND 0
DISTANCE 1 FOUND 0
DISTANCE 2 FOUND 0
DISTANCE 3 FOUND 0
DISTANCE 4 FOUND 0
DISTANCE 5 FOUND 0
DISTANCE 6 FOUND 1116
DISTANCE 7 FOUND 0
DISTANCE 8 FOUND 222
DISTANCE 9 FOUND 0
DISTANCE 10 FOUND 3798
SUM 30960 = 3 X 10320
STEP         11 NEW CONFIGS      62832 CUMMULATIVE CONFIGS     105474 CPU TIME                6.217
DISTANCE 0 FOUND 0
DISTANCE 1 FOUND 0
DISTANCE 2 FOUND 0
DISTANCE 3 FOUND 0
DISTANCE 4 FOUND 0
DISTANCE 5 FOUND 0
DISTANCE 6 FOUND 0
DISTANCE 7 FOUND 2874
DISTANCE 8 FOUND 0
DISTANCE 9 FOUND 984
DISTANCE 10 FOUND 0
DISTANCE 11 FOUND 10782
SUM 77472 = 3 X 25824
STEP         12 NEW CONFIGS     146322 CUMMULATIVE CONFIGS     251796 CPU TIME               35.768
DISTANCE 0 FOUND 0
DISTANCE 1 FOUND 0
DISTANCE 2 FOUND 0
DISTANCE 3 FOUND 0
DISTANCE 4 FOUND 0
DISTANCE 5 FOUND 0
DISTANCE 6 FOUND 0
DISTANCE 7 FOUND 0
DISTANCE 8 FOUND 7404
DISTANCE 9 FOUND 0
DISTANCE 10 FOUND 3870
DISTANCE 11 FOUND 0
DISTANCE 12 FOUND 30900
SUM 188496 = 3 X 62832
STEP         13 NEW CONFIGS     321876 CUMMULATIVE CONFIGS     573672 CPU TIME              191.040
DISTANCE 0 FOUND 0
DISTANCE 1 FOUND 0
DISTANCE 2 FOUND 0
DISTANCE 3 FOUND 0
DISTANCE 4 FOUND 0
DISTANCE 5 FOUND 0
DISTANCE 6 FOUND 0
DISTANCE 7 FOUND 0
DISTANCE 8 FOUND 0
DISTANCE 9 FOUND 18360
DISTANCE 10 FOUND 0
DISTANCE 11 FOUND 14334
DISTANCE 12 FOUND 0
DISTANCE 13 FOUND 84396
SUM 438966 = 3 X 146322
STEP         14 NEW CONFIGS     635632 CUMMULATIVE CONFIGS    1209304 CPU TIME              805.782
DISTANCE 0 FOUND 0
DISTANCE 1 FOUND 0
DISTANCE 2 FOUND 0
DISTANCE 3 FOUND 0
DISTANCE 4 FOUND 0
DISTANCE 5 FOUND 0
DISTANCE 6 FOUND 0
DISTANCE 7 FOUND 0
DISTANCE 8 FOUND 0
DISTANCE 9 FOUND 0
DISTANCE 10 FOUND 43980
DISTANCE 11 FOUND 0
DISTANCE 12 FOUND 51840
DISTANCE 13 FOUND 0
DISTANCE 14 FOUND 234176
SUM 965628 = 3 X 321876
STEP         15 NEW CONFIGS     988788 CUMMULATIVE CONFIGS    2198092 CPU TIME             2399.279
DISTANCE 0 FOUND 0
DISTANCE 1 FOUND 0
DISTANCE 2 FOUND 0
DISTANCE 3 FOUND 0
DISTANCE 4 FOUND 0
DISTANCE 5 FOUND 0
DISTANCE 6 FOUND 0
DISTANCE 7 FOUND 0
DISTANCE 8 FOUND 0
DISTANCE 9 FOUND 0
DISTANCE 10 FOUND 0
DISTANCE 11 FOUND 100548
DISTANCE 12 FOUND 0
DISTANCE 13 FOUND 200244
DISTANCE 14 FOUND 0
DISTANCE 15 FOUND 617316
SUM 1906896 = 3 X 635632
STEP         16 NEW CONFIGS     958176 CUMMULATIVE CONFIGS    3156268 CPU TIME             3636.909
DISTANCE 0 FOUND 0
DISTANCE 1 FOUND 0
DISTANCE 2 FOUND 0
DISTANCE 3 FOUND 0
DISTANCE 4 FOUND 0
DISTANCE 5 FOUND 0
DISTANCE 6 FOUND 0
DISTANCE 7 FOUND 0
DISTANCE 8 FOUND 0
DISTANCE 9 FOUND 0
DISTANCE 10 FOUND 0
DISTANCE 11 FOUND 0
DISTANCE 12 FOUND 209904
DISTANCE 13 FOUND 0
DISTANCE 14 FOUND 669984
DISTANCE 15 FOUND 0
DISTANCE 16 FOUND 1128300
SUM 2966364 = 3 X 988788
STEP         17 NEW CONFIGS     450280 CUMMULATIVE CONFIGS    3606548 CPU TIME             2179.364
DISTANCE 0 FOUND 0
DISTANCE 1 FOUND 0
DISTANCE 2 FOUND 0
DISTANCE 3 FOUND 0
DISTANCE 4 FOUND 0
DISTANCE 5 FOUND 0
DISTANCE 6 FOUND 0
DISTANCE 7 FOUND 0
DISTANCE 8 FOUND 0
DISTANCE 9 FOUND 0
DISTANCE 10 FOUND 0
DISTANCE 11 FOUND 0
DISTANCE 12 FOUND 0
DISTANCE 13 FOUND 359112
DISTANCE 14 FOUND 0
DISTANCE 15 FOUND 1252176
DISTANCE 16 FOUND 0
DISTANCE 17 FOUND 812960
SUM 2874528 = 3 X 958176
STEP         18 NEW CONFIGS      66420 CUMMULATIVE CONFIGS    3672968 CPU TIME              351.442
DISTANCE 0 FOUND 0
DISTANCE 1 FOUND 0
DISTANCE 2 FOUND 0
DISTANCE 3 FOUND 0
DISTANCE 4 FOUND 0
DISTANCE 5 FOUND 0
DISTANCE 6 FOUND 0
DISTANCE 7 FOUND 0
DISTANCE 8 FOUND 0
DISTANCE 9 FOUND 0
DISTANCE 10 FOUND 0
DISTANCE 11 FOUND 0
DISTANCE 12 FOUND 0
DISTANCE 13 FOUND 0
DISTANCE 14 FOUND 367104
DISTANCE 15 FOUND 0
DISTANCE 16 FOUND 785208
DISTANCE 17 FOUND 0
DISTANCE 18 FOUND 132108
SUM 1350840 = 3 X 450280
STEP         19 NEW CONFIGS       1192 CUMMULATIVE CONFIGS    3674160 CPU TIME                6.917
DISTANCE 0 FOUND 0
DISTANCE 1 FOUND 0
DISTANCE 2 FOUND 0
DISTANCE 3 FOUND 0
DISTANCE 4 FOUND 0
DISTANCE 5 FOUND 0
DISTANCE 6 FOUND 0
DISTANCE 7 FOUND 0
DISTANCE 8 FOUND 0
DISTANCE 9 FOUND 0
DISTANCE 10 FOUND 0
DISTANCE 11 FOUND 0
DISTANCE 12 FOUND 0
DISTANCE 13 FOUND 0
DISTANCE 14 FOUND 0
DISTANCE 15 FOUND 108084
DISTANCE 16 FOUND 0
DISTANCE 17 FOUND 87600
DISTANCE 18 FOUND 0
DISTANCE 19 FOUND 2384
SUM 199260 = 3 X 66420
POST-ENUMERATION ANALYSIS
RADIUS = 19
1-TURN 20612028
2-TURN 17977513
3-TURN 16375529
SUM 54965070
