2X2X2 RUBIK'S CUBE CONFIGURATION GENERATION
1: QUARTER-TURN METRIC; 2: HALF-TURN METRIC; 3: SEMI-QUARTER-TURN METRIC; 4: TWO-QUARTER-TURN METRIC
4
TWO-QUARTER-TURN METRIC
1: BISECTION SEARCH IN SORTED LIST; 2: SEQUENTIAL SEARCH IN UNSORTED LIST
1
BISECTION SEARCH IN SORTED LIST
TOTAL NUMBER OF CONFIGURATIONS = 3674160
STEP          0 NEW CONFIGS          1 CUMMULATIVE CONFIGS          1
STEP          1 NEW CONFIGS         15 CUMMULATIVE CONFIGS         16 CPU TIME                0.008
DISTANCE 0 FOUND 0
DISTANCE 1 FOUND 0
SUM 15 = 15 X 1
STEP          2 NEW CONFIGS        144 CUMMULATIVE CONFIGS        160 CPU TIME                0.001
DISTANCE 0 FOUND 9
DISTANCE 1 FOUND 36
DISTANCE 2 FOUND 36
SUM 225 = 15 X 15
STEP          3 NEW CONFIGS       1324 CUMMULATIVE CONFIGS       1484 CPU TIME                0.003
DISTANCE 0 FOUND 6
DISTANCE 1 FOUND 114
DISTANCE 2 FOUND 312
DISTANCE 3 FOUND 404
SUM 2160 = 15 X 144
STEP          4 NEW CONFIGS      10704 CUMMULATIVE CONFIGS      12188 CPU TIME                0.099
DISTANCE 0 FOUND 0
DISTANCE 1 FOUND 60
DISTANCE 2 FOUND 1113
DISTANCE 3 FOUND 3369
DISTANCE 4 FOUND 4614
SUM 19860 = 15 X 1324
STEP          5 NEW CONFIGS      73971 CUMMULATIVE CONFIGS      86159 CPU TIME                4.715
DISTANCE 0 FOUND 0
DISTANCE 1 FOUND 0
DISTANCE 2 FOUND 555
DISTANCE 3 FOUND 10587
DISTANCE 4 FOUND 33492
DISTANCE 5 FOUND 41955
SUM 160560 = 15 X 10704
STEP          6 NEW CONFIGS     428657 CUMMULATIVE CONFIGS     514816 CPU TIME              183.229
DISTANCE 0 FOUND 0
DISTANCE 1 FOUND 0
DISTANCE 2 FOUND 0
DISTANCE 3 FOUND 4176
DISTANCE 4 FOUND 84729
DISTANCE 5 FOUND 275691
DISTANCE 6 FOUND 316312
SUM 1109565 = 15 X 73971
STEP          7 NEW CONFIGS    1713493 CUMMULATIVE CONFIGS    2228309 CPU TIME             3378.230
DISTANCE 0 FOUND 0
DISTANCE 1 FOUND 0
DISTANCE 2 FOUND 0
DISTANCE 3 FOUND 0
DISTANCE 4 FOUND 27021
DISTANCE 5 FOUND 575367
DISTANCE 6 FOUND 1959447
DISTANCE 7 FOUND 2154527
SUM 6429855 = 15 X 428657
STEP          8 NEW CONFIGS    1434323 CUMMULATIVE CONFIGS    3662632 CPU TIME             6121.647
DISTANCE 0 FOUND 0
DISTANCE 1 FOUND 0
DISTANCE 2 FOUND 0
DISTANCE 3 FOUND 0
DISTANCE 4 FOUND 0
DISTANCE 5 FOUND 142581
DISTANCE 6 FOUND 3321969
DISTANCE 7 FOUND 13268511
DISTANCE 8 FOUND 7535011
SUM 25702395 = 15 X 1713493
STEP          9 NEW CONFIGS      11527 CUMMULATIVE CONFIGS    3674159 CPU TIME               72.529
DISTANCE 0 FOUND 0
DISTANCE 1 FOUND 0
DISTANCE 2 FOUND 0
DISTANCE 3 FOUND 0
DISTANCE 4 FOUND 0
DISTANCE 5 FOUND 0
DISTANCE 6 FOUND 403470
DISTANCE 7 FOUND 8548026
DISTANCE 8 FOUND 12397968
DISTANCE 9 FOUND 153854
SUM 21514845 = 15 X 1434323
STEP         10 NEW CONFIGS          1 CUMMULATIVE CONFIGS    3674160 CPU TIME                0.093
DISTANCE 0 FOUND 0
DISTANCE 1 FOUND 0
DISTANCE 2 FOUND 0
DISTANCE 3 FOUND 0
DISTANCE 4 FOUND 0
DISTANCE 5 FOUND 0
DISTANCE 6 FOUND 0
DISTANCE 7 FOUND 17838
DISTANCE 8 FOUND 147537
DISTANCE 9 FOUND 7515
DISTANCE 10 FOUND 14
SUM 172905 = 15 X 11527
POST-ENUMERATION ANALYSIS
RADIUS = 10
DISTANCE 0
   1-TURN 0
   2-TURN 0
   3-TURN 0
   4-TURN 0
   5-TURN 0
   6-TURN 0
   7-TURN 0
   8-TURN 0
   9-TURN 0
   10-TURN 0
   11-TURN 0
   12-TURN 0
   13-TURN 0
   14-TURN 0
   15-TURN 0
   SUM 0
DISTANCE 1
   1-TURN 1
   2-TURN 1
   3-TURN 1
   4-TURN 1
   5-TURN 1
   6-TURN 1
   7-TURN 1
   8-TURN 1
   9-TURN 1
   10-TURN 1
   11-TURN 1
   12-TURN 1
   13-TURN 1
   14-TURN 1
   15-TURN 1
   SUM 15
DISTANCE 2
   1-TURN 20
   2-TURN 20
   3-TURN 20
   4-TURN 25
   5-TURN 25
   6-TURN 25
   7-TURN 25
   8-TURN 25
   9-TURN 25
   10-TURN 13
   11-TURN 13
   12-TURN 13
   13-TURN 13
   14-TURN 13
   15-TURN 13
   SUM 288
DISTANCE 3
   1-TURN 282
   2-TURN 278
   3-TURN 278
   4-TURN 366
   5-TURN 367
   6-TURN 365
   7-TURN 369
   8-TURN 367
   9-TURN 364
   10-TURN 156
   11-TURN 156
   12-TURN 156
   13-TURN 156
   14-TURN 156
   15-TURN 156
   SUM 3972
DISTANCE 4
   1-TURN 3186
   2-TURN 3114
   3-TURN 3132
   4-TURN 4128
   5-TURN 4093
   6-TURN 4050
   7-TURN 4080
   8-TURN 4065
   9-TURN 3967
   10-TURN 1529
   11-TURN 1496
   12-TURN 1511
   13-TURN 1476
   14-TURN 1507
   15-TURN 1482
   SUM 42816
DISTANCE 5
   1-TURN 29441
   2-TURN 28456
   3-TURN 28928
   4-TURN 36384
   5-TURN 36041
   6-TURN 35104
   7-TURN 35599
   8-TURN 34946
   9-TURN 34143
   10-TURN 12066
   11-TURN 11803
   12-TURN 11864
   13-TURN 11583
   14-TURN 11832
   15-TURN 11665
   SUM 369855
DISTANCE 6
   1-TURN 220287
   2-TURN 210496
   3-TURN 215241
   4-TURN 255454
   5-TURN 253529
   6-TURN 243271
   7-TURN 247625
   8-TURN 240041
   9-TURN 235256
   10-TURN 77199
   11-TURN 75113
   12-TURN 75611
   13-TURN 73319
   14-TURN 75381
   15-TURN 74119
   SUM 2571942
DISTANCE 7
   1-TURN 1132134
   2-TURN 1057691
   3-TURN 1078731
   4-TURN 1201742
   5-TURN 1187759
   6-TURN 1119713
   7-TURN 1137734
   8-TURN 1088365
   9-TURN 1065299
   10-TURN 331488
   11-TURN 321002
   12-TURN 323176
   13-TURN 311585
   14-TURN 322613
   15-TURN 315419
   SUM 11994451
DISTANCE 8
   1-TURN 1491934
   2-TURN 1196174
   3-TURN 1117757
   4-TURN 1114653
   5-TURN 1080171
   6-TURN 986803
   7-TURN 1003692
   8-TURN 941696
   9-TURN 923718
   10-TURN 276409
   11-TURN 265891
   12-TURN 271496
   13-TURN 261235
   14-TURN 275215
   15-TURN 267740
   SUM 11474584
DISTANCE 9
   1-TURN 18822
   2-TURN 11131
   3-TURN 10028
   4-TURN 9382
   5-TURN 9286
   6-TURN 8210
   7-TURN 8529
   8-TURN 7707
   9-TURN 7507
   10-TURN 2343
   11-TURN 2212
   12-TURN 2167
   13-TURN 2113
   14-TURN 2229
   15-TURN 2077
   SUM 103743
DISTANCE 10
   1-TURN 3
   2-TURN 2
   3-TURN 1
   4-TURN 0
   5-TURN 2
   6-TURN 0
   7-TURN 1
   8-TURN 1
   9-TURN 0
   10-TURN 0
   11-TURN 0
   12-TURN 0
   13-TURN 0
   14-TURN 0
   15-TURN 0
   SUM 10
SUM 26561676
TOTAL
   1-TURN 2896110
   2-TURN 2507363
   3-TURN 2454117
   4-TURN 2622135
   5-TURN 2571274
   6-TURN 2397542
   7-TURN 2437655
   8-TURN 2317214
   9-TURN 2270280
   10-TURN 701204
   11-TURN 677687
   12-TURN 685995
   13-TURN 661481
   14-TURN 688947
   15-TURN 672672
SUM 26561676
SUM 26561676
fort.41 CONTAINS I,LIST(I),DIST(I),TURN(I)
