2X2X2 RUBIK'S CUBE CONFIGURATION GENERATION
1: QUARTER-TURN METRIC; 2: HALF-TURN METRIC; 3: SEMI-QUARTER-TURN METRIC; 4: TWO-QUARTER-TURN METRIC
4
TWO-QUARTER-TURN METRIC
1: BISECTION SEARCH IN SORTED LIST; 2: SEQUENTIAL SEARCH IN UNSORTED LIST
1
BISECTION SEARCH IN SORTED LIST
TOTAL NUMBER OF CONFIGURATIONS = 3674160
STEP          0 NEW CONFIGS          1 CUMMULATIVE CONFIGS          1
STEP          1 NEW CONFIGS         15 CUMMULATIVE CONFIGS         16 CPU TIME                0.008
DISTANCE 0 FOUND 0
DISTANCE 1 FOUND 0
SUM 15 = 15 X 1
STEP          2 NEW CONFIGS        144 CUMMULATIVE CONFIGS        160 CPU TIME                0.002
DISTANCE 0 FOUND 9
DISTANCE 1 FOUND 36
DISTANCE 2 FOUND 36
SUM 225 = 15 X 15
STEP          3 NEW CONFIGS       1324 CUMMULATIVE CONFIGS       1484 CPU TIME                0.004
DISTANCE 0 FOUND 6
DISTANCE 1 FOUND 114
DISTANCE 2 FOUND 312
DISTANCE 3 FOUND 404
SUM 2160 = 15 X 144
STEP          4 NEW CONFIGS      10704 CUMMULATIVE CONFIGS      12188 CPU TIME                0.104
DISTANCE 0 FOUND 0
DISTANCE 1 FOUND 60
DISTANCE 2 FOUND 1113
DISTANCE 3 FOUND 3369
DISTANCE 4 FOUND 4614
SUM 19860 = 15 X 1324
STEP          5 NEW CONFIGS      73971 CUMMULATIVE CONFIGS      86159 CPU TIME                5.001
DISTANCE 0 FOUND 0
DISTANCE 1 FOUND 0
DISTANCE 2 FOUND 555
DISTANCE 3 FOUND 10587
DISTANCE 4 FOUND 33492
DISTANCE 5 FOUND 41955
SUM 160560 = 15 X 10704
STEP          6 NEW CONFIGS     428657 CUMMULATIVE CONFIGS     514816 CPU TIME              185.025
DISTANCE 0 FOUND 0
DISTANCE 1 FOUND 0
DISTANCE 2 FOUND 0
DISTANCE 3 FOUND 4176
DISTANCE 4 FOUND 84729
DISTANCE 5 FOUND 275691
DISTANCE 6 FOUND 316312
SUM 1109565 = 15 X 73971
STEP          7 NEW CONFIGS    1713493 CUMMULATIVE CONFIGS    2228309 CPU TIME             3375.581
DISTANCE 0 FOUND 0
DISTANCE 1 FOUND 0
DISTANCE 2 FOUND 0
DISTANCE 3 FOUND 0
DISTANCE 4 FOUND 27021
DISTANCE 5 FOUND 575367
DISTANCE 6 FOUND 1959447
DISTANCE 7 FOUND 2154527
SUM 6429855 = 15 X 428657
STEP          8 NEW CONFIGS    1434323 CUMMULATIVE CONFIGS    3662632 CPU TIME             6047.489
DISTANCE 0 FOUND 0
DISTANCE 1 FOUND 0
DISTANCE 2 FOUND 0
DISTANCE 3 FOUND 0
DISTANCE 4 FOUND 0
DISTANCE 5 FOUND 142581
DISTANCE 6 FOUND 3321969
DISTANCE 7 FOUND 13268511
DISTANCE 8 FOUND 7535011
SUM 25702395 = 15 X 1713493
STEP          9 NEW CONFIGS      11527 CUMMULATIVE CONFIGS    3674159 CPU TIME               73.126
DISTANCE 0 FOUND 0
DISTANCE 1 FOUND 0
DISTANCE 2 FOUND 0
DISTANCE 3 FOUND 0
DISTANCE 4 FOUND 0
DISTANCE 5 FOUND 0
DISTANCE 6 FOUND 403470
DISTANCE 7 FOUND 8548026
DISTANCE 8 FOUND 12397968
DISTANCE 9 FOUND 153854
SUM 21514845 = 15 X 1434323
STEP         10 NEW CONFIGS          1 CUMMULATIVE CONFIGS    3674160 CPU TIME                0.098
DISTANCE 0 FOUND 0
DISTANCE 1 FOUND 0
DISTANCE 2 FOUND 0
DISTANCE 3 FOUND 0
DISTANCE 4 FOUND 0
DISTANCE 5 FOUND 0
DISTANCE 6 FOUND 0
DISTANCE 7 FOUND 17838
DISTANCE 8 FOUND 147537
DISTANCE 9 FOUND 7515
DISTANCE 10 FOUND 14
SUM 172905 = 15 X 11527
POST-ENUMERATION ANALYSIS
RADIUS = 10
1-TURN 2896110
2-TURN 2507363
3-TURN 2454117
4-TURN 2622135
5-TURN 2571274
6-TURN 2397542
7-TURN 2437655
8-TURN 2317214
9-TURN 2270280
10-TURN 701204
11-TURN 677687
12-TURN 685995
13-TURN 661481
14-TURN 688947
15-TURN 672672
SUM 26561676
SUM 26561676
