2X2X2 RUBIK'S CUBE CONFIGURATION GENERATION
1: QUARTER-TURN METRIC; 2: HALF-TURN METRIC; 3: SEMI-QUARTER-TURN METRIC; 4: TWO-QUARTER-TURN METRIC
COMPOUND-TURN METRIC
BISECTION SEARCH IN SORTED LIST
TOTAL NUMBER OF CONFIGURATIONS = 3674160
STEP          0 NEW CONFIGS          0 CUMMULATIVE CONFIGS          1
STEP          1 NEW CONFIGS         15 CUMMULATIVE CONFIGS         16 CPU TIME                0.008
STEP          2 NEW CONFIGS        144 CUMMULATIVE CONFIGS        160 CPU TIME                0.001
STEP          3 NEW CONFIGS       1324 CUMMULATIVE CONFIGS       1484 CPU TIME                0.003
STEP          4 NEW CONFIGS      10704 CUMMULATIVE CONFIGS      12188 CPU TIME                0.081
STEP          5 NEW CONFIGS      73971 CUMMULATIVE CONFIGS      86159 CPU TIME                2.979
STEP          6 NEW CONFIGS     428657 CUMMULATIVE CONFIGS     514816 CPU TIME              132.240
    SEED CONFIGS    10000 CPU TIME               34.281
    SEED CONFIGS    20000 CPU TIME               35.269
    SEED CONFIGS    30000 CPU TIME               35.696
    SEED CONFIGS    40000 CPU TIME               38.909
    SEED CONFIGS    50000 CPU TIME               39.380
    SEED CONFIGS    60000 CPU TIME               46.268
    SEED CONFIGS    70000 CPU TIME               48.750
    SEED CONFIGS    80000 CPU TIME               52.166
    SEED CONFIGS    90000 CPU TIME               52.639
    SEED CONFIGS   100000 CPU TIME               49.831
    SEED CONFIGS   110000 CPU TIME               58.071
    SEED CONFIGS   120000 CPU TIME               59.885
    SEED CONFIGS   130000 CPU TIME               59.531
    SEED CONFIGS   140000 CPU TIME               57.143
    SEED CONFIGS   150000 CPU TIME               59.807
    SEED CONFIGS   160000 CPU TIME               64.862
    SEED CONFIGS   170000 CPU TIME               60.311
    SEED CONFIGS   180000 CPU TIME               58.791
    SEED CONFIGS   190000 CPU TIME               59.986
    SEED CONFIGS   200000 CPU TIME               72.590
    SEED CONFIGS   210000 CPU TIME               66.656
    SEED CONFIGS   220000 CPU TIME               66.201
    SEED CONFIGS   230000 CPU TIME               64.480
    SEED CONFIGS   240000 CPU TIME               70.200
    SEED CONFIGS   250000 CPU TIME               72.938
    SEED CONFIGS   260000 CPU TIME               65.246
    SEED CONFIGS   270000 CPU TIME               67.606
    SEED CONFIGS   280000 CPU TIME               73.638
    SEED CONFIGS   290000 CPU TIME               68.369
    SEED CONFIGS   300000 CPU TIME               68.257
    SEED CONFIGS   310000 CPU TIME               67.430
    SEED CONFIGS   320000 CPU TIME               71.350
    SEED CONFIGS   330000 CPU TIME               66.817
    SEED CONFIGS   340000 CPU TIME               69.625
    SEED CONFIGS   350000 CPU TIME               75.278
    SEED CONFIGS   360000 CPU TIME               67.289
    SEED CONFIGS   370000 CPU TIME               67.983
    SEED CONFIGS   380000 CPU TIME               67.648
    SEED CONFIGS   390000 CPU TIME               67.204
    SEED CONFIGS   400000 CPU TIME               67.176
    SEED CONFIGS   410000 CPU TIME               69.902
    SEED CONFIGS   420000 CPU TIME               70.624
STEP          7 NEW CONFIGS    1713493 CUMMULATIVE CONFIGS    2228309 CPU TIME             2615.324
    SEED CONFIGS    10000 CPU TIME               78.490
    SEED CONFIGS    20000 CPU TIME               74.031
    SEED CONFIGS    30000 CPU TIME               69.202
    SEED CONFIGS    40000 CPU TIME               68.197
    SEED CONFIGS    50000 CPU TIME               75.836
    SEED CONFIGS    60000 CPU TIME               71.431
    SEED CONFIGS    70000 CPU TIME               73.868
    SEED CONFIGS    80000 CPU TIME               68.433
    SEED CONFIGS    90000 CPU TIME               72.625
    SEED CONFIGS   100000 CPU TIME               65.629
    SEED CONFIGS   110000 CPU TIME               72.847
    SEED CONFIGS   120000 CPU TIME               64.614
    SEED CONFIGS   130000 CPU TIME               65.598
    SEED CONFIGS   140000 CPU TIME               66.097
    SEED CONFIGS   150000 CPU TIME               61.784
    SEED CONFIGS   160000 CPU TIME               63.606
    SEED CONFIGS   170000 CPU TIME               66.981
    SEED CONFIGS   180000 CPU TIME               64.354
    SEED CONFIGS   190000 CPU TIME               62.288
    SEED CONFIGS   200000 CPU TIME               64.348
    SEED CONFIGS   210000 CPU TIME               59.906
    SEED CONFIGS   220000 CPU TIME               61.456
    SEED CONFIGS   230000 CPU TIME               52.106
    SEED CONFIGS   240000 CPU TIME               56.409
    SEED CONFIGS   250000 CPU TIME               58.262
    SEED CONFIGS   260000 CPU TIME               56.007
    SEED CONFIGS   270000 CPU TIME               52.905
    SEED CONFIGS   280000 CPU TIME               63.651
    SEED CONFIGS   290000 CPU TIME               61.168
    SEED CONFIGS   300000 CPU TIME               53.746
    SEED CONFIGS   310000 CPU TIME               61.002
    SEED CONFIGS   320000 CPU TIME               58.534
    SEED CONFIGS   330000 CPU TIME               54.849
    SEED CONFIGS   340000 CPU TIME               56.562
    SEED CONFIGS   350000 CPU TIME               51.835
    SEED CONFIGS   360000 CPU TIME               50.363
    SEED CONFIGS   370000 CPU TIME               56.107
    SEED CONFIGS   380000 CPU TIME               53.013
    SEED CONFIGS   390000 CPU TIME               48.455
    SEED CONFIGS   400000 CPU TIME               52.861
    SEED CONFIGS   410000 CPU TIME               48.710
    SEED CONFIGS   420000 CPU TIME               48.337
    SEED CONFIGS   430000 CPU TIME               43.289
    SEED CONFIGS   440000 CPU TIME               46.613
    SEED CONFIGS   450000 CPU TIME               44.350
    SEED CONFIGS   460000 CPU TIME               41.304
    SEED CONFIGS   470000 CPU TIME               46.276
    SEED CONFIGS   480000 CPU TIME               42.179
    SEED CONFIGS   490000 CPU TIME               42.393
    SEED CONFIGS   500000 CPU TIME               41.104
    SEED CONFIGS   510000 CPU TIME               39.725
    SEED CONFIGS   520000 CPU TIME               42.206
    SEED CONFIGS   530000 CPU TIME               39.228
    SEED CONFIGS   540000 CPU TIME               40.861
    SEED CONFIGS   550000 CPU TIME               43.543
    SEED CONFIGS   560000 CPU TIME               41.064
    SEED CONFIGS   570000 CPU TIME               40.237
    SEED CONFIGS   580000 CPU TIME               37.558
    SEED CONFIGS   590000 CPU TIME               37.577
    SEED CONFIGS   600000 CPU TIME               38.438
    SEED CONFIGS   610000 CPU TIME               35.619
    SEED CONFIGS   620000 CPU TIME               32.478
    SEED CONFIGS   630000 CPU TIME               34.638
    SEED CONFIGS   640000 CPU TIME               32.068
    SEED CONFIGS   650000 CPU TIME               34.869
    SEED CONFIGS   660000 CPU TIME               32.413
    SEED CONFIGS   670000 CPU TIME               30.694
    SEED CONFIGS   680000 CPU TIME               29.225
    SEED CONFIGS   690000 CPU TIME               31.723
    SEED CONFIGS   700000 CPU TIME               28.935
    SEED CONFIGS   710000 CPU TIME               27.517
    SEED CONFIGS   720000 CPU TIME               25.353
    SEED CONFIGS   730000 CPU TIME               27.027
    SEED CONFIGS   740000 CPU TIME               28.655
    SEED CONFIGS   750000 CPU TIME               26.337
    SEED CONFIGS   760000 CPU TIME               24.222
    SEED CONFIGS   770000 CPU TIME               26.565
    SEED CONFIGS   780000 CPU TIME               24.531
    SEED CONFIGS   790000 CPU TIME               23.047
    SEED CONFIGS   800000 CPU TIME               23.414
    SEED CONFIGS   810000 CPU TIME               23.416
    SEED CONFIGS   820000 CPU TIME               21.476
    SEED CONFIGS   830000 CPU TIME               20.977
    SEED CONFIGS   840000 CPU TIME               21.590
    SEED CONFIGS   850000 CPU TIME               21.596
    SEED CONFIGS   860000 CPU TIME               19.967
    SEED CONFIGS   870000 CPU TIME               22.386
    SEED CONFIGS   880000 CPU TIME               20.220
    SEED CONFIGS   890000 CPU TIME               19.771
    SEED CONFIGS   900000 CPU TIME               18.357
    SEED CONFIGS   910000 CPU TIME               17.649
    SEED CONFIGS   920000 CPU TIME               20.993
    SEED CONFIGS   930000 CPU TIME               20.327
    SEED CONFIGS   940000 CPU TIME               18.021
    SEED CONFIGS   950000 CPU TIME               19.227
    SEED CONFIGS   960000 CPU TIME               16.985
    SEED CONFIGS   970000 CPU TIME               16.068
    SEED CONFIGS   980000 CPU TIME               15.356
    SEED CONFIGS   990000 CPU TIME               15.960
    SEED CONFIGS  1000000 CPU TIME               16.394
    SEED CONFIGS  1010000 CPU TIME               14.773
    SEED CONFIGS  1020000 CPU TIME               14.850
    SEED CONFIGS  1030000 CPU TIME               15.019
    SEED CONFIGS  1040000 CPU TIME               14.212
    SEED CONFIGS  1050000 CPU TIME               13.738
    SEED CONFIGS  1060000 CPU TIME               13.300
    SEED CONFIGS  1070000 CPU TIME               13.465
    SEED CONFIGS  1080000 CPU TIME               13.312
    SEED CONFIGS  1090000 CPU TIME               13.171
    SEED CONFIGS  1100000 CPU TIME               13.204
    SEED CONFIGS  1110000 CPU TIME               11.824
    SEED CONFIGS  1120000 CPU TIME               12.052
    SEED CONFIGS  1130000 CPU TIME               11.769
    SEED CONFIGS  1140000 CPU TIME               11.364
    SEED CONFIGS  1150000 CPU TIME               10.584
    SEED CONFIGS  1160000 CPU TIME                9.457
    SEED CONFIGS  1170000 CPU TIME                9.175
    SEED CONFIGS  1180000 CPU TIME                9.136
    SEED CONFIGS  1190000 CPU TIME               10.107
    SEED CONFIGS  1200000 CPU TIME                9.258
    SEED CONFIGS  1210000 CPU TIME                9.312
    SEED CONFIGS  1220000 CPU TIME                9.010
    SEED CONFIGS  1230000 CPU TIME                9.612
    SEED CONFIGS  1240000 CPU TIME               10.073
    SEED CONFIGS  1250000 CPU TIME                8.760
    SEED CONFIGS  1260000 CPU TIME                8.123
    SEED CONFIGS  1270000 CPU TIME                8.012
    SEED CONFIGS  1280000 CPU TIME                7.492
    SEED CONFIGS  1290000 CPU TIME                6.715
    SEED CONFIGS  1300000 CPU TIME                8.509
    SEED CONFIGS  1310000 CPU TIME                7.255
    SEED CONFIGS  1320000 CPU TIME                6.681
    SEED CONFIGS  1330000 CPU TIME                6.471
    SEED CONFIGS  1340000 CPU TIME                6.388
    SEED CONFIGS  1350000 CPU TIME                6.712
    SEED CONFIGS  1360000 CPU TIME                6.185
    SEED CONFIGS  1370000 CPU TIME                5.715
    SEED CONFIGS  1380000 CPU TIME                5.534
    SEED CONFIGS  1390000 CPU TIME                5.910
    SEED CONFIGS  1400000 CPU TIME                5.250
    SEED CONFIGS  1410000 CPU TIME                5.292
    SEED CONFIGS  1420000 CPU TIME                4.876
    SEED CONFIGS  1430000 CPU TIME                4.819
    SEED CONFIGS  1440000 CPU TIME                4.693
    SEED CONFIGS  1450000 CPU TIME                4.967
    SEED CONFIGS  1460000 CPU TIME                4.619
    SEED CONFIGS  1470000 CPU TIME                4.951
    SEED CONFIGS  1480000 CPU TIME                4.693
    SEED CONFIGS  1490000 CPU TIME                3.875
    SEED CONFIGS  1500000 CPU TIME                3.930
    SEED CONFIGS  1510000 CPU TIME                3.601
    SEED CONFIGS  1520000 CPU TIME                3.568
    SEED CONFIGS  1530000 CPU TIME                3.302
    SEED CONFIGS  1540000 CPU TIME                3.829
    SEED CONFIGS  1550000 CPU TIME                3.470
    SEED CONFIGS  1560000 CPU TIME                3.610
    SEED CONFIGS  1570000 CPU TIME                3.525
    SEED CONFIGS  1580000 CPU TIME                3.102
    SEED CONFIGS  1590000 CPU TIME                3.117
    SEED CONFIGS  1600000 CPU TIME                2.578
    SEED CONFIGS  1610000 CPU TIME                2.913
    SEED CONFIGS  1620000 CPU TIME                2.729
    SEED CONFIGS  1630000 CPU TIME                2.619
    SEED CONFIGS  1640000 CPU TIME                2.840
    SEED CONFIGS  1650000 CPU TIME                2.464
    SEED CONFIGS  1660000 CPU TIME                2.428
    SEED CONFIGS  1670000 CPU TIME                2.650
    SEED CONFIGS  1680000 CPU TIME                2.272
    SEED CONFIGS  1690000 CPU TIME                2.235
    SEED CONFIGS  1700000 CPU TIME                2.082
    SEED CONFIGS  1710000 CPU TIME                1.936
STEP          8 NEW CONFIGS    1434323 CUMMULATIVE CONFIGS    3662632 CPU TIME             4800.195
    SEED CONFIGS    10000 CPU TIME                2.220
    SEED CONFIGS    20000 CPU TIME                2.177
    SEED CONFIGS    30000 CPU TIME                2.175
    SEED CONFIGS    40000 CPU TIME                1.782
    SEED CONFIGS    50000 CPU TIME                2.100
    SEED CONFIGS    60000 CPU TIME                1.924
    SEED CONFIGS    70000 CPU TIME                1.571
    SEED CONFIGS    80000 CPU TIME                1.541
    SEED CONFIGS    90000 CPU TIME                1.564
    SEED CONFIGS   100000 CPU TIME                1.520
    SEED CONFIGS   110000 CPU TIME                1.453
    SEED CONFIGS   120000 CPU TIME                1.375
    SEED CONFIGS   130000 CPU TIME                1.575
    SEED CONFIGS   140000 CPU TIME                1.624
    SEED CONFIGS   150000 CPU TIME                1.307
    SEED CONFIGS   160000 CPU TIME                1.267
    SEED CONFIGS   170000 CPU TIME                1.218
    SEED CONFIGS   180000 CPU TIME                1.167
    SEED CONFIGS   190000 CPU TIME                1.160
    SEED CONFIGS   200000 CPU TIME                1.014
    SEED CONFIGS   210000 CPU TIME                1.040
    SEED CONFIGS   220000 CPU TIME                1.136
    SEED CONFIGS   230000 CPU TIME                0.962
    SEED CONFIGS   240000 CPU TIME                0.963
    SEED CONFIGS   250000 CPU TIME                0.720
    SEED CONFIGS   260000 CPU TIME                0.723
    SEED CONFIGS   270000 CPU TIME                0.888
    SEED CONFIGS   280000 CPU TIME                0.914
    SEED CONFIGS   290000 CPU TIME                0.884
    SEED CONFIGS   300000 CPU TIME                0.761
    SEED CONFIGS   310000 CPU TIME                0.634
    SEED CONFIGS   320000 CPU TIME                0.625
    SEED CONFIGS   330000 CPU TIME                0.583
    SEED CONFIGS   340000 CPU TIME                0.675
    SEED CONFIGS   350000 CPU TIME                0.618
    SEED CONFIGS   360000 CPU TIME                0.577
    SEED CONFIGS   370000 CPU TIME                0.639
    SEED CONFIGS   380000 CPU TIME                0.452
    SEED CONFIGS   390000 CPU TIME                0.562
    SEED CONFIGS   400000 CPU TIME                0.397
    SEED CONFIGS   410000 CPU TIME                0.536
    SEED CONFIGS   420000 CPU TIME                0.507
    SEED CONFIGS   430000 CPU TIME                0.403
    SEED CONFIGS   440000 CPU TIME                0.397
    SEED CONFIGS   450000 CPU TIME                0.312
    SEED CONFIGS   460000 CPU TIME                0.376
    SEED CONFIGS   470000 CPU TIME                0.347
    SEED CONFIGS   480000 CPU TIME                0.411
    SEED CONFIGS   490000 CPU TIME                0.350
    SEED CONFIGS   500000 CPU TIME                0.243
    SEED CONFIGS   510000 CPU TIME                0.336
    SEED CONFIGS   520000 CPU TIME                0.351
    SEED CONFIGS   530000 CPU TIME                0.295
    SEED CONFIGS   540000 CPU TIME                0.223
    SEED CONFIGS   550000 CPU TIME                0.281
    SEED CONFIGS   560000 CPU TIME                0.236
    SEED CONFIGS   570000 CPU TIME                0.217
    SEED CONFIGS   580000 CPU TIME                0.214
    SEED CONFIGS   590000 CPU TIME                0.196
    SEED CONFIGS   600000 CPU TIME                0.202
    SEED CONFIGS   610000 CPU TIME                0.212
    SEED CONFIGS   620000 CPU TIME                0.210
    SEED CONFIGS   630000 CPU TIME                0.190
    SEED CONFIGS   640000 CPU TIME                0.177
    SEED CONFIGS   650000 CPU TIME                0.200
    SEED CONFIGS   660000 CPU TIME                0.140
    SEED CONFIGS   670000 CPU TIME                0.167
    SEED CONFIGS   680000 CPU TIME                0.163
    SEED CONFIGS   690000 CPU TIME                0.112
    SEED CONFIGS   700000 CPU TIME                0.117
    SEED CONFIGS   710000 CPU TIME                0.117
    SEED CONFIGS   720000 CPU TIME                0.116
    SEED CONFIGS   730000 CPU TIME                0.095
    SEED CONFIGS   740000 CPU TIME                0.144
    SEED CONFIGS   750000 CPU TIME                0.160
    SEED CONFIGS   760000 CPU TIME                0.118
    SEED CONFIGS   770000 CPU TIME                0.130
    SEED CONFIGS   780000 CPU TIME                0.125
    SEED CONFIGS   790000 CPU TIME                0.094
    SEED CONFIGS   800000 CPU TIME                0.104
    SEED CONFIGS   810000 CPU TIME                0.089
    SEED CONFIGS   820000 CPU TIME                0.120
    SEED CONFIGS   830000 CPU TIME                0.100
    SEED CONFIGS   840000 CPU TIME                0.097
    SEED CONFIGS   850000 CPU TIME                0.099
    SEED CONFIGS   860000 CPU TIME                0.090
    SEED CONFIGS   870000 CPU TIME                0.080
    SEED CONFIGS   880000 CPU TIME                0.079
    SEED CONFIGS   890000 CPU TIME                0.086
    SEED CONFIGS   900000 CPU TIME                0.083
    SEED CONFIGS   910000 CPU TIME                0.106
    SEED CONFIGS   920000 CPU TIME                0.079
    SEED CONFIGS   930000 CPU TIME                0.078
    SEED CONFIGS   940000 CPU TIME                0.064
    SEED CONFIGS   950000 CPU TIME                0.068
    SEED CONFIGS   960000 CPU TIME                0.076
    SEED CONFIGS   970000 CPU TIME                0.078
    SEED CONFIGS   980000 CPU TIME                0.073
    SEED CONFIGS   990000 CPU TIME                0.074
    SEED CONFIGS  1000000 CPU TIME                0.073
    SEED CONFIGS  1010000 CPU TIME                0.065
    SEED CONFIGS  1020000 CPU TIME                0.064
    SEED CONFIGS  1030000 CPU TIME                0.065
    SEED CONFIGS  1040000 CPU TIME                0.077
    SEED CONFIGS  1050000 CPU TIME                0.065
    SEED CONFIGS  1060000 CPU TIME                0.064
    SEED CONFIGS  1070000 CPU TIME                0.073
    SEED CONFIGS  1080000 CPU TIME                0.065
    SEED CONFIGS  1090000 CPU TIME                0.064
    SEED CONFIGS  1100000 CPU TIME                0.065
    SEED CONFIGS  1110000 CPU TIME                0.068
    SEED CONFIGS  1120000 CPU TIME                0.067
    SEED CONFIGS  1130000 CPU TIME                0.065
    SEED CONFIGS  1140000 CPU TIME                0.077
    SEED CONFIGS  1150000 CPU TIME                0.065
    SEED CONFIGS  1160000 CPU TIME                0.067
    SEED CONFIGS  1170000 CPU TIME                0.066
    SEED CONFIGS  1180000 CPU TIME                0.065
    SEED CONFIGS  1190000 CPU TIME                0.066
    SEED CONFIGS  1200000 CPU TIME                0.064
    SEED CONFIGS  1210000 CPU TIME                0.065
    SEED CONFIGS  1220000 CPU TIME                0.065
    SEED CONFIGS  1230000 CPU TIME                0.066
    SEED CONFIGS  1240000 CPU TIME                0.065
    SEED CONFIGS  1250000 CPU TIME                0.065
    SEED CONFIGS  1260000 CPU TIME                0.065
    SEED CONFIGS  1270000 CPU TIME                0.065
    SEED CONFIGS  1280000 CPU TIME                0.064
    SEED CONFIGS  1290000 CPU TIME                0.065
    SEED CONFIGS  1300000 CPU TIME                0.065
    SEED CONFIGS  1310000 CPU TIME                0.066
    SEED CONFIGS  1320000 CPU TIME                0.065
    SEED CONFIGS  1330000 CPU TIME                0.065
    SEED CONFIGS  1340000 CPU TIME                0.066
    SEED CONFIGS  1350000 CPU TIME                0.066
    SEED CONFIGS  1360000 CPU TIME                0.066
    SEED CONFIGS  1370000 CPU TIME                0.066
    SEED CONFIGS  1380000 CPU TIME                0.066
    SEED CONFIGS  1390000 CPU TIME                0.066
    SEED CONFIGS  1400000 CPU TIME                0.066
    SEED CONFIGS  1410000 CPU TIME                0.066
    SEED CONFIGS  1420000 CPU TIME                0.066
    SEED CONFIGS  1430000 CPU TIME                0.067
STEP          9 NEW CONFIGS      11527 CUMMULATIVE CONFIGS    3674159 CPU TIME               60.382
STEP         10 NEW CONFIGS          1 CUMMULATIVE CONFIGS    3674160 CPU TIME                0.085
STEP         11 NEW CONFIGS          0 CUMMULATIVE CONFIGS    3674160 CPU TIME                0.000
