2X2X2 RUBIK'S CUBE CONFIGURATION GENERATION
1: QUARTER-TURN METRIC; 2: HALF-TURN METRIC; 3: SEMI-QUARTER-TURN METRIC; 4: TWO-QUARTER-TURN METRIC
3
SEMI-QUARTER-TURN METRIC
1: BISECTION SEARCH IN SORTED LIST; 2: SEQUENTIAL SEARCH IN UNSORTED LIST
1
BISECTION SEARCH IN SORTED LIST
TOTAL NUMBER OF CONFIGURATIONS = 3674160
STEP          0 NEW CONFIGS          0 CUMMULATIVE CONFIGS          1
STEP          1 NEW CONFIGS          3 CUMMULATIVE CONFIGS          4 CPU TIME                0.003
DISTANCE 0 FOUND 0
DISTANCE 1 FOUND 0
STEP          2 NEW CONFIGS          9 CUMMULATIVE CONFIGS         13 CPU TIME                0.001
DISTANCE 0 FOUND 0
DISTANCE 1 FOUND 0
DISTANCE 2 FOUND 0
STEP          3 NEW CONFIGS         27 CUMMULATIVE CONFIGS         40 CPU TIME                0.001
DISTANCE 0 FOUND 0
DISTANCE 1 FOUND 0
DISTANCE 2 FOUND 0
DISTANCE 3 FOUND 0
STEP          4 NEW CONFIGS         78 CUMMULATIVE CONFIGS        118 CPU TIME                0.001
DISTANCE 0 FOUND 3
DISTANCE 1 FOUND 0
DISTANCE 2 FOUND 0
DISTANCE 3 FOUND 0
DISTANCE 4 FOUND 0
STEP          5 NEW CONFIGS        216 CUMMULATIVE CONFIGS        334 CPU TIME                0.001
DISTANCE 0 FOUND 0
DISTANCE 1 FOUND 6
DISTANCE 2 FOUND 0
DISTANCE 3 FOUND 0
DISTANCE 4 FOUND 0
DISTANCE 5 FOUND 12
STEP          6 NEW CONFIGS        583 CUMMULATIVE CONFIGS        917 CPU TIME                0.001
DISTANCE 0 FOUND 0
DISTANCE 1 FOUND 0
DISTANCE 2 FOUND 18
DISTANCE 3 FOUND 0
DISTANCE 4 FOUND 0
DISTANCE 5 FOUND 0
DISTANCE 6 FOUND 47
STEP          7 NEW CONFIGS       1546 CUMMULATIVE CONFIGS       2463 CPU TIME                0.004
DISTANCE 0 FOUND 0
DISTANCE 1 FOUND 0
DISTANCE 2 FOUND 0
DISTANCE 3 FOUND 54
DISTANCE 4 FOUND 0
DISTANCE 5 FOUND 0
DISTANCE 6 FOUND 0
DISTANCE 7 FOUND 149
STEP          8 NEW CONFIGS       4035 CUMMULATIVE CONFIGS       6498 CPU TIME                0.017
DISTANCE 0 FOUND 0
DISTANCE 1 FOUND 0
DISTANCE 2 FOUND 0
DISTANCE 3 FOUND 0
DISTANCE 4 FOUND 156
DISTANCE 5 FOUND 0
DISTANCE 6 FOUND 3
DISTANCE 7 FOUND 0
DISTANCE 8 FOUND 444
STEP          9 NEW CONFIGS      10320 CUMMULATIVE CONFIGS      16818 CPU TIME                0.115
DISTANCE 0 FOUND 0
DISTANCE 1 FOUND 0
DISTANCE 2 FOUND 0
DISTANCE 3 FOUND 0
DISTANCE 4 FOUND 0
DISTANCE 5 FOUND 420
DISTANCE 6 FOUND 0
DISTANCE 7 FOUND 69
DISTANCE 8 FOUND 0
DISTANCE 9 FOUND 1296
STEP         10 NEW CONFIGS      25824 CUMMULATIVE CONFIGS      42642 CPU TIME                0.701
DISTANCE 0 FOUND 0
DISTANCE 1 FOUND 0
DISTANCE 2 FOUND 0
DISTANCE 3 FOUND 0
DISTANCE 4 FOUND 0
DISTANCE 5 FOUND 0
DISTANCE 6 FOUND 1116
DISTANCE 7 FOUND 0
DISTANCE 8 FOUND 222
DISTANCE 9 FOUND 0
DISTANCE 10 FOUND 3798
STEP         11 NEW CONFIGS      62832 CUMMULATIVE CONFIGS     105474 CPU TIME                4.497
DISTANCE 0 FOUND 0
DISTANCE 1 FOUND 0
DISTANCE 2 FOUND 0
DISTANCE 3 FOUND 0
DISTANCE 4 FOUND 0
DISTANCE 5 FOUND 0
DISTANCE 6 FOUND 0
DISTANCE 7 FOUND 2874
DISTANCE 8 FOUND 0
DISTANCE 9 FOUND 984
DISTANCE 10 FOUND 0
DISTANCE 11 FOUND 10782
STEP         12 NEW CONFIGS     146322 CUMMULATIVE CONFIGS     251796 CPU TIME               26.391
DISTANCE 0 FOUND 0
DISTANCE 1 FOUND 0
DISTANCE 2 FOUND 0
DISTANCE 3 FOUND 0
DISTANCE 4 FOUND 0
DISTANCE 5 FOUND 0
DISTANCE 6 FOUND 0
DISTANCE 7 FOUND 0
DISTANCE 8 FOUND 7404
DISTANCE 9 FOUND 0
DISTANCE 10 FOUND 3870
DISTANCE 11 FOUND 0
DISTANCE 12 FOUND 30900
    SEED CONFIGS    10000 CPU TIME                5.997
    SEED CONFIGS    20000 CPU TIME                5.932
    SEED CONFIGS    30000 CPU TIME                7.021
    SEED CONFIGS    40000 CPU TIME                7.361
    SEED CONFIGS    50000 CPU TIME                7.764
    SEED CONFIGS    60000 CPU TIME                7.839
    SEED CONFIGS    70000 CPU TIME                8.309
    SEED CONFIGS    80000 CPU TIME                8.441
    SEED CONFIGS    90000 CPU TIME                9.272
    SEED CONFIGS   100000 CPU TIME                8.943
    SEED CONFIGS   110000 CPU TIME                9.223
    SEED CONFIGS   120000 CPU TIME                8.972
    SEED CONFIGS   130000 CPU TIME                9.591
    SEED CONFIGS   140000 CPU TIME                9.879
STEP         13 NEW CONFIGS     321876 CUMMULATIVE CONFIGS     573672 CPU TIME              121.484
DISTANCE 0 FOUND 0
DISTANCE 1 FOUND 0
DISTANCE 2 FOUND 0
DISTANCE 3 FOUND 0
DISTANCE 4 FOUND 0
DISTANCE 5 FOUND 0
DISTANCE 6 FOUND 0
DISTANCE 7 FOUND 0
DISTANCE 8 FOUND 0
DISTANCE 9 FOUND 18360
DISTANCE 10 FOUND 0
DISTANCE 11 FOUND 14334
DISTANCE 12 FOUND 0
DISTANCE 13 FOUND 84396
    SEED CONFIGS    10000 CPU TIME               12.045
    SEED CONFIGS    20000 CPU TIME               12.285
    SEED CONFIGS    30000 CPU TIME               12.027
    SEED CONFIGS    40000 CPU TIME               13.369
    SEED CONFIGS    50000 CPU TIME               12.500
    SEED CONFIGS    60000 CPU TIME               13.936
    SEED CONFIGS    70000 CPU TIME               13.761
    SEED CONFIGS    80000 CPU TIME               15.111
    SEED CONFIGS    90000 CPU TIME               14.598
    SEED CONFIGS   100000 CPU TIME               15.510
    SEED CONFIGS   110000 CPU TIME               16.563
    SEED CONFIGS   120000 CPU TIME               16.643
    SEED CONFIGS   130000 CPU TIME               15.643
    SEED CONFIGS   140000 CPU TIME               17.121
    SEED CONFIGS   150000 CPU TIME               17.071
    SEED CONFIGS   160000 CPU TIME               17.261
    SEED CONFIGS   170000 CPU TIME               17.704
    SEED CONFIGS   180000 CPU TIME               17.111
    SEED CONFIGS   190000 CPU TIME               16.777
    SEED CONFIGS   200000 CPU TIME               17.826
    SEED CONFIGS   210000 CPU TIME               17.941
    SEED CONFIGS   220000 CPU TIME               17.114
    SEED CONFIGS   230000 CPU TIME               18.101
    SEED CONFIGS   240000 CPU TIME               17.276
    SEED CONFIGS   250000 CPU TIME               17.859
    SEED CONFIGS   260000 CPU TIME               17.429
    SEED CONFIGS   270000 CPU TIME               16.811
    SEED CONFIGS   280000 CPU TIME               18.239
    SEED CONFIGS   290000 CPU TIME               18.777
    SEED CONFIGS   300000 CPU TIME               18.373
    SEED CONFIGS   310000 CPU TIME               18.906
    SEED CONFIGS   320000 CPU TIME               19.823
STEP         14 NEW CONFIGS     635632 CUMMULATIVE CONFIGS    1209304 CPU TIME              525.356
DISTANCE 0 FOUND 0
DISTANCE 1 FOUND 0
DISTANCE 2 FOUND 0
DISTANCE 3 FOUND 0
DISTANCE 4 FOUND 0
DISTANCE 5 FOUND 0
DISTANCE 6 FOUND 0
DISTANCE 7 FOUND 0
DISTANCE 8 FOUND 0
DISTANCE 9 FOUND 0
DISTANCE 10 FOUND 43980
DISTANCE 11 FOUND 0
DISTANCE 12 FOUND 51840
DISTANCE 13 FOUND 0
DISTANCE 14 FOUND 234176
    SEED CONFIGS    10000 CPU TIME               25.528
    SEED CONFIGS    20000 CPU TIME               25.602
    SEED CONFIGS    30000 CPU TIME               26.109
    SEED CONFIGS    40000 CPU TIME               25.821
    SEED CONFIGS    50000 CPU TIME               25.607
    SEED CONFIGS    60000 CPU TIME               27.062
    SEED CONFIGS    70000 CPU TIME               24.749
    SEED CONFIGS    80000 CPU TIME               25.112
    SEED CONFIGS    90000 CPU TIME               27.513
    SEED CONFIGS   100000 CPU TIME               27.196
    SEED CONFIGS   110000 CPU TIME               26.087
    SEED CONFIGS   120000 CPU TIME               26.997
    SEED CONFIGS   130000 CPU TIME               27.206
    SEED CONFIGS   140000 CPU TIME               25.715
    SEED CONFIGS   150000 CPU TIME               26.175
    SEED CONFIGS   160000 CPU TIME               26.092
    SEED CONFIGS   170000 CPU TIME               25.232
    SEED CONFIGS   180000 CPU TIME               25.900
    SEED CONFIGS   190000 CPU TIME               27.563
    SEED CONFIGS   200000 CPU TIME               27.077
    SEED CONFIGS   210000 CPU TIME               26.110
    SEED CONFIGS   220000 CPU TIME               26.749
    SEED CONFIGS   230000 CPU TIME               26.989
    SEED CONFIGS   240000 CPU TIME               25.315
    SEED CONFIGS   250000 CPU TIME               28.063
    SEED CONFIGS   260000 CPU TIME               26.748
    SEED CONFIGS   270000 CPU TIME               25.994
    SEED CONFIGS   280000 CPU TIME               26.911
    SEED CONFIGS   290000 CPU TIME               25.002
    SEED CONFIGS   300000 CPU TIME               27.836
    SEED CONFIGS   310000 CPU TIME               27.430
    SEED CONFIGS   320000 CPU TIME               24.748
    SEED CONFIGS   330000 CPU TIME               26.818
    SEED CONFIGS   340000 CPU TIME               26.812
    SEED CONFIGS   350000 CPU TIME               25.361
    SEED CONFIGS   360000 CPU TIME               26.831
    SEED CONFIGS   370000 CPU TIME               25.801
    SEED CONFIGS   380000 CPU TIME               26.385
    SEED CONFIGS   390000 CPU TIME               25.305
    SEED CONFIGS   400000 CPU TIME               25.573
    SEED CONFIGS   410000 CPU TIME               25.050
    SEED CONFIGS   420000 CPU TIME               25.984
    SEED CONFIGS   430000 CPU TIME               25.078
    SEED CONFIGS   440000 CPU TIME               26.173
    SEED CONFIGS   450000 CPU TIME               24.541
    SEED CONFIGS   460000 CPU TIME               24.406
    SEED CONFIGS   470000 CPU TIME               24.864
    SEED CONFIGS   480000 CPU TIME               24.126
    SEED CONFIGS   490000 CPU TIME               23.958
    SEED CONFIGS   500000 CPU TIME               24.960
    SEED CONFIGS   510000 CPU TIME               22.468
    SEED CONFIGS   520000 CPU TIME               22.443
    SEED CONFIGS   530000 CPU TIME               21.255
    SEED CONFIGS   540000 CPU TIME               21.845
    SEED CONFIGS   550000 CPU TIME               22.270
    SEED CONFIGS   560000 CPU TIME               22.545
    SEED CONFIGS   570000 CPU TIME               22.989
    SEED CONFIGS   580000 CPU TIME               21.980
    SEED CONFIGS   590000 CPU TIME               22.202
    SEED CONFIGS   600000 CPU TIME               22.622
    SEED CONFIGS   610000 CPU TIME               20.589
    SEED CONFIGS   620000 CPU TIME               21.570
    SEED CONFIGS   630000 CPU TIME               21.340
STEP         15 NEW CONFIGS     988788 CUMMULATIVE CONFIGS    2198092 CPU TIME             1598.343
DISTANCE 0 FOUND 0
DISTANCE 1 FOUND 0
DISTANCE 2 FOUND 0
DISTANCE 3 FOUND 0
DISTANCE 4 FOUND 0
DISTANCE 5 FOUND 0
DISTANCE 6 FOUND 0
DISTANCE 7 FOUND 0
DISTANCE 8 FOUND 0
DISTANCE 9 FOUND 0
DISTANCE 10 FOUND 0
DISTANCE 11 FOUND 100548
DISTANCE 12 FOUND 0
DISTANCE 13 FOUND 200244
DISTANCE 14 FOUND 0
DISTANCE 15 FOUND 617316
    SEED CONFIGS    10000 CPU TIME               35.283
    SEED CONFIGS    20000 CPU TIME               38.265
    SEED CONFIGS    30000 CPU TIME               36.078
    SEED CONFIGS    40000 CPU TIME               34.931
    SEED CONFIGS    50000 CPU TIME               36.774
    SEED CONFIGS    60000 CPU TIME               35.766
    SEED CONFIGS    70000 CPU TIME               33.711
    SEED CONFIGS    80000 CPU TIME               36.924
    SEED CONFIGS    90000 CPU TIME               35.799
    SEED CONFIGS   100000 CPU TIME               34.718
    SEED CONFIGS   110000 CPU TIME               34.864
    SEED CONFIGS   120000 CPU TIME               35.208
    SEED CONFIGS   130000 CPU TIME               33.794
    SEED CONFIGS   140000 CPU TIME               33.494
    SEED CONFIGS   150000 CPU TIME               33.791
    SEED CONFIGS   160000 CPU TIME               32.990
    SEED CONFIGS   170000 CPU TIME               34.962
    SEED CONFIGS   180000 CPU TIME               35.326
    SEED CONFIGS   190000 CPU TIME               34.657
    SEED CONFIGS   200000 CPU TIME               34.805
    SEED CONFIGS   210000 CPU TIME               31.728
    SEED CONFIGS   220000 CPU TIME               34.031
    SEED CONFIGS   230000 CPU TIME               32.443
    SEED CONFIGS   240000 CPU TIME               34.185
    SEED CONFIGS   250000 CPU TIME               33.602
    SEED CONFIGS   260000 CPU TIME               32.613
    SEED CONFIGS   270000 CPU TIME               33.464
    SEED CONFIGS   280000 CPU TIME               30.471
    SEED CONFIGS   290000 CPU TIME               33.324
    SEED CONFIGS   300000 CPU TIME               32.155
    SEED CONFIGS   310000 CPU TIME               29.607
    SEED CONFIGS   320000 CPU TIME               30.759
    SEED CONFIGS   330000 CPU TIME               31.830
    SEED CONFIGS   340000 CPU TIME               31.503
    SEED CONFIGS   350000 CPU TIME               28.990
    SEED CONFIGS   360000 CPU TIME               31.224
    SEED CONFIGS   370000 CPU TIME               29.301
    SEED CONFIGS   380000 CPU TIME               30.841
    SEED CONFIGS   390000 CPU TIME               28.395
    SEED CONFIGS   400000 CPU TIME               28.848
    SEED CONFIGS   410000 CPU TIME               29.587
    SEED CONFIGS   420000 CPU TIME               28.927
    SEED CONFIGS   430000 CPU TIME               28.038
    SEED CONFIGS   440000 CPU TIME               29.157
    SEED CONFIGS   450000 CPU TIME               27.203
    SEED CONFIGS   460000 CPU TIME               28.148
    SEED CONFIGS   470000 CPU TIME               27.571
    SEED CONFIGS   480000 CPU TIME               26.527
    SEED CONFIGS   490000 CPU TIME               26.854
    SEED CONFIGS   500000 CPU TIME               27.089
    SEED CONFIGS   510000 CPU TIME               23.782
    SEED CONFIGS   520000 CPU TIME               26.393
    SEED CONFIGS   530000 CPU TIME               25.374
    SEED CONFIGS   540000 CPU TIME               25.927
    SEED CONFIGS   550000 CPU TIME               26.927
    SEED CONFIGS   560000 CPU TIME               26.285
    SEED CONFIGS   570000 CPU TIME               24.517
    SEED CONFIGS   580000 CPU TIME               24.681
    SEED CONFIGS   590000 CPU TIME               24.047
    SEED CONFIGS   600000 CPU TIME               24.884
    SEED CONFIGS   610000 CPU TIME               23.279
    SEED CONFIGS   620000 CPU TIME               21.631
    SEED CONFIGS   630000 CPU TIME               22.666
    SEED CONFIGS   640000 CPU TIME               22.842
    SEED CONFIGS   650000 CPU TIME               21.937
    SEED CONFIGS   660000 CPU TIME               21.852
    SEED CONFIGS   670000 CPU TIME               21.867
    SEED CONFIGS   680000 CPU TIME               19.920
    SEED CONFIGS   690000 CPU TIME               20.587
    SEED CONFIGS   700000 CPU TIME               19.591
    SEED CONFIGS   710000 CPU TIME               19.572
    SEED CONFIGS   720000 CPU TIME               20.542
    SEED CONFIGS   730000 CPU TIME               19.969
    SEED CONFIGS   740000 CPU TIME               18.380
    SEED CONFIGS   750000 CPU TIME               18.193
    SEED CONFIGS   760000 CPU TIME               18.292
    SEED CONFIGS   770000 CPU TIME               16.448
    SEED CONFIGS   780000 CPU TIME               17.204
    SEED CONFIGS   790000 CPU TIME               17.792
    SEED CONFIGS   800000 CPU TIME               16.743
    SEED CONFIGS   810000 CPU TIME               15.894
    SEED CONFIGS   820000 CPU TIME               15.743
    SEED CONFIGS   830000 CPU TIME               16.125
    SEED CONFIGS   840000 CPU TIME               14.307
    SEED CONFIGS   850000 CPU TIME               15.029
    SEED CONFIGS   860000 CPU TIME               14.797
    SEED CONFIGS   870000 CPU TIME               13.133
    SEED CONFIGS   880000 CPU TIME               14.123
    SEED CONFIGS   890000 CPU TIME               12.945
    SEED CONFIGS   900000 CPU TIME               12.694
    SEED CONFIGS   910000 CPU TIME               13.328
    SEED CONFIGS   920000 CPU TIME               12.438
    SEED CONFIGS   930000 CPU TIME               11.798
    SEED CONFIGS   940000 CPU TIME               12.029
    SEED CONFIGS   950000 CPU TIME               10.938
    SEED CONFIGS   960000 CPU TIME               11.594
    SEED CONFIGS   970000 CPU TIME               10.567
    SEED CONFIGS   980000 CPU TIME               10.186
STEP         16 NEW CONFIGS     958176 CUMMULATIVE CONFIGS    3156268 CPU TIME             2509.246
DISTANCE 0 FOUND 0
DISTANCE 1 FOUND 0
DISTANCE 2 FOUND 0
DISTANCE 3 FOUND 0
DISTANCE 4 FOUND 0
DISTANCE 5 FOUND 0
DISTANCE 6 FOUND 0
DISTANCE 7 FOUND 0
DISTANCE 8 FOUND 0
DISTANCE 9 FOUND 0
DISTANCE 10 FOUND 0
DISTANCE 11 FOUND 0
DISTANCE 12 FOUND 209904
DISTANCE 13 FOUND 0
DISTANCE 14 FOUND 669984
DISTANCE 15 FOUND 0
DISTANCE 16 FOUND 1128300
    SEED CONFIGS    10000 CPU TIME               34.812
    SEED CONFIGS    20000 CPU TIME               37.561
    SEED CONFIGS    30000 CPU TIME               34.949
    SEED CONFIGS    40000 CPU TIME               34.058
    SEED CONFIGS    50000 CPU TIME               35.163
    SEED CONFIGS    60000 CPU TIME               35.583
    SEED CONFIGS    70000 CPU TIME               33.263
    SEED CONFIGS    80000 CPU TIME               30.987
    SEED CONFIGS    90000 CPU TIME               31.252
    SEED CONFIGS   100000 CPU TIME               31.324
    SEED CONFIGS   110000 CPU TIME               30.130
    SEED CONFIGS   120000 CPU TIME               28.715
    SEED CONFIGS   130000 CPU TIME               29.844
    SEED CONFIGS   140000 CPU TIME               27.766
    SEED CONFIGS   150000 CPU TIME               30.249
    SEED CONFIGS   160000 CPU TIME               27.660
    SEED CONFIGS   170000 CPU TIME               26.382
    SEED CONFIGS   180000 CPU TIME               27.087
    SEED CONFIGS   190000 CPU TIME               25.001
    SEED CONFIGS   200000 CPU TIME               24.739
    SEED CONFIGS   210000 CPU TIME               23.110
    SEED CONFIGS   220000 CPU TIME               24.206
    SEED CONFIGS   230000 CPU TIME               24.123
    SEED CONFIGS   240000 CPU TIME               23.234
    SEED CONFIGS   250000 CPU TIME               22.594
    SEED CONFIGS   260000 CPU TIME               22.704
    SEED CONFIGS   270000 CPU TIME               21.867
    SEED CONFIGS   280000 CPU TIME               22.767
    SEED CONFIGS   290000 CPU TIME               22.481
    SEED CONFIGS   300000 CPU TIME               21.702
    SEED CONFIGS   310000 CPU TIME               21.248
    SEED CONFIGS   320000 CPU TIME               19.957
    SEED CONFIGS   330000 CPU TIME               19.745
    SEED CONFIGS   340000 CPU TIME               18.751
    SEED CONFIGS   350000 CPU TIME               16.737
    SEED CONFIGS   360000 CPU TIME               20.025
    SEED CONFIGS   370000 CPU TIME               18.882
    SEED CONFIGS   380000 CPU TIME               17.879
    SEED CONFIGS   390000 CPU TIME               17.683
    SEED CONFIGS   400000 CPU TIME               18.304
    SEED CONFIGS   410000 CPU TIME               16.442
    SEED CONFIGS   420000 CPU TIME               16.401
    SEED CONFIGS   430000 CPU TIME               16.545
    SEED CONFIGS   440000 CPU TIME               16.030
    SEED CONFIGS   450000 CPU TIME               15.527
    SEED CONFIGS   460000 CPU TIME               13.756
    SEED CONFIGS   470000 CPU TIME               14.329
    SEED CONFIGS   480000 CPU TIME               13.291
    SEED CONFIGS   490000 CPU TIME               14.056
    SEED CONFIGS   500000 CPU TIME               13.920
    SEED CONFIGS   510000 CPU TIME               11.870
    SEED CONFIGS   520000 CPU TIME               13.471
    SEED CONFIGS   530000 CPU TIME               12.168
    SEED CONFIGS   540000 CPU TIME               12.469
    SEED CONFIGS   550000 CPU TIME               11.867
    SEED CONFIGS   560000 CPU TIME               11.450
    SEED CONFIGS   570000 CPU TIME               11.843
    SEED CONFIGS   580000 CPU TIME               11.405
    SEED CONFIGS   590000 CPU TIME               10.061
    SEED CONFIGS   600000 CPU TIME                9.759
    SEED CONFIGS   610000 CPU TIME                9.818
    SEED CONFIGS   620000 CPU TIME                9.100
    SEED CONFIGS   630000 CPU TIME                8.991
    SEED CONFIGS   640000 CPU TIME                8.723
    SEED CONFIGS   650000 CPU TIME                8.231
    SEED CONFIGS   660000 CPU TIME                8.568
    SEED CONFIGS   670000 CPU TIME                7.545
    SEED CONFIGS   680000 CPU TIME                6.957
    SEED CONFIGS   690000 CPU TIME                6.902
    SEED CONFIGS   700000 CPU TIME                7.468
    SEED CONFIGS   710000 CPU TIME                7.392
    SEED CONFIGS   720000 CPU TIME                7.003
    SEED CONFIGS   730000 CPU TIME                6.403
    SEED CONFIGS   740000 CPU TIME                5.825
    SEED CONFIGS   750000 CPU TIME                6.080
    SEED CONFIGS   760000 CPU TIME                5.837
    SEED CONFIGS   770000 CPU TIME                5.291
    SEED CONFIGS   780000 CPU TIME                5.219
    SEED CONFIGS   790000 CPU TIME                4.949
    SEED CONFIGS   800000 CPU TIME                4.532
    SEED CONFIGS   810000 CPU TIME                4.062
    SEED CONFIGS   820000 CPU TIME                4.062
    SEED CONFIGS   830000 CPU TIME                3.646
    SEED CONFIGS   840000 CPU TIME                3.395
    SEED CONFIGS   850000 CPU TIME                3.211
    SEED CONFIGS   860000 CPU TIME                2.851
    SEED CONFIGS   870000 CPU TIME                2.444
    SEED CONFIGS   880000 CPU TIME                2.276
    SEED CONFIGS   890000 CPU TIME                2.210
    SEED CONFIGS   900000 CPU TIME                2.286
    SEED CONFIGS   910000 CPU TIME                1.801
    SEED CONFIGS   920000 CPU TIME                1.831
    SEED CONFIGS   930000 CPU TIME                1.646
    SEED CONFIGS   940000 CPU TIME                1.440
    SEED CONFIGS   950000 CPU TIME                1.375
STEP         17 NEW CONFIGS     450280 CUMMULATIVE CONFIGS    3606548 CPU TIME             1481.422
DISTANCE 0 FOUND 0
DISTANCE 1 FOUND 0
DISTANCE 2 FOUND 0
DISTANCE 3 FOUND 0
DISTANCE 4 FOUND 0
DISTANCE 5 FOUND 0
DISTANCE 6 FOUND 0
DISTANCE 7 FOUND 0
DISTANCE 8 FOUND 0
DISTANCE 9 FOUND 0
DISTANCE 10 FOUND 0
DISTANCE 11 FOUND 0
DISTANCE 12 FOUND 0
DISTANCE 13 FOUND 359112
DISTANCE 14 FOUND 0
DISTANCE 15 FOUND 1252176
DISTANCE 16 FOUND 0
DISTANCE 17 FOUND 812960
    SEED CONFIGS    10000 CPU TIME               12.226
    SEED CONFIGS    20000 CPU TIME               13.137
    SEED CONFIGS    30000 CPU TIME               12.813
    SEED CONFIGS    40000 CPU TIME               11.405
    SEED CONFIGS    50000 CPU TIME               10.869
    SEED CONFIGS    60000 CPU TIME               10.713
    SEED CONFIGS    70000 CPU TIME               10.027
    SEED CONFIGS    80000 CPU TIME                9.034
    SEED CONFIGS    90000 CPU TIME                9.608
    SEED CONFIGS   100000 CPU TIME                9.217
    SEED CONFIGS   110000 CPU TIME                8.188
    SEED CONFIGS   120000 CPU TIME                8.241
    SEED CONFIGS   130000 CPU TIME                7.799
    SEED CONFIGS   140000 CPU TIME                7.291
    SEED CONFIGS   150000 CPU TIME                7.005
    SEED CONFIGS   160000 CPU TIME                6.354
    SEED CONFIGS   170000 CPU TIME                6.404
    SEED CONFIGS   180000 CPU TIME                6.007
    SEED CONFIGS   190000 CPU TIME                5.323
    SEED CONFIGS   200000 CPU TIME                5.439
    SEED CONFIGS   210000 CPU TIME                4.996
    SEED CONFIGS   220000 CPU TIME                4.599
    SEED CONFIGS   230000 CPU TIME                4.474
    SEED CONFIGS   240000 CPU TIME                4.181
    SEED CONFIGS   250000 CPU TIME                3.815
    SEED CONFIGS   260000 CPU TIME                3.598
    SEED CONFIGS   270000 CPU TIME                3.403
    SEED CONFIGS   280000 CPU TIME                2.993
    SEED CONFIGS   290000 CPU TIME                2.880
    SEED CONFIGS   300000 CPU TIME                3.070
    SEED CONFIGS   310000 CPU TIME                2.645
    SEED CONFIGS   320000 CPU TIME                2.462
    SEED CONFIGS   330000 CPU TIME                1.988
    SEED CONFIGS   340000 CPU TIME                2.101
    SEED CONFIGS   350000 CPU TIME                1.688
    SEED CONFIGS   360000 CPU TIME                1.373
    SEED CONFIGS   370000 CPU TIME                1.211
    SEED CONFIGS   380000 CPU TIME                1.008
    SEED CONFIGS   390000 CPU TIME                0.851
    SEED CONFIGS   400000 CPU TIME                1.085
    SEED CONFIGS   410000 CPU TIME                0.832
    SEED CONFIGS   420000 CPU TIME                0.468
    SEED CONFIGS   430000 CPU TIME                0.555
    SEED CONFIGS   440000 CPU TIME                0.202
    SEED CONFIGS   450000 CPU TIME                0.195
STEP         18 NEW CONFIGS      66420 CUMMULATIVE CONFIGS    3672968 CPU TIME              233.785
DISTANCE 0 FOUND 0
DISTANCE 1 FOUND 0
DISTANCE 2 FOUND 0
DISTANCE 3 FOUND 0
DISTANCE 4 FOUND 0
DISTANCE 5 FOUND 0
DISTANCE 6 FOUND 0
DISTANCE 7 FOUND 0
DISTANCE 8 FOUND 0
DISTANCE 9 FOUND 0
DISTANCE 10 FOUND 0
DISTANCE 11 FOUND 0
DISTANCE 12 FOUND 0
DISTANCE 13 FOUND 0
DISTANCE 14 FOUND 367104
DISTANCE 15 FOUND 0
DISTANCE 16 FOUND 785208
DISTANCE 17 FOUND 0
DISTANCE 18 FOUND 132108
STEP         19 NEW CONFIGS       1192 CUMMULATIVE CONFIGS    3674160 CPU TIME                4.757
DISTANCE 0 FOUND 0
DISTANCE 1 FOUND 0
DISTANCE 2 FOUND 0
DISTANCE 3 FOUND 0
DISTANCE 4 FOUND 0
DISTANCE 5 FOUND 0
DISTANCE 6 FOUND 0
DISTANCE 7 FOUND 0
DISTANCE 8 FOUND 0
DISTANCE 9 FOUND 0
DISTANCE 10 FOUND 0
DISTANCE 11 FOUND 0
DISTANCE 12 FOUND 0
DISTANCE 13 FOUND 0
DISTANCE 14 FOUND 0
DISTANCE 15 FOUND 108084
DISTANCE 16 FOUND 0
DISTANCE 17 FOUND 87600
DISTANCE 18 FOUND 0
DISTANCE 19 FOUND 2384
STEP         20 NEW CONFIGS          0 CUMMULATIVE CONFIGS    3674160 CPU TIME                0.003
