2X2X2 RUBIK'S CUBE CONFIGURATION GENERATION
1: QUARTER-TURN METRIC; 2: HALF-TURN METRIC; 3: SEMI-QUARTER-TURN METRIC; 4: TWO-QUARTER-TURN METRIC
2
HALF-TURN METRIC
1: BISECTION SEARCH IN SORTED LIST; 2: SEQUENTIAL SEARCH IN UNSORTED LIST
1
BISECTION SEARCH IN SORTED LIST
TOTAL NUMBER OF CONFIGURATIONS = 3674160
STEP          0 NEW CONFIGS          0 CUMMULATIVE CONFIGS          1
STEP          1 NEW CONFIGS          9 CUMMULATIVE CONFIGS         10 CPU TIME                0.003
DISTANCE 0 FOUND 0
DISTANCE 1 FOUND 0
STEP          2 NEW CONFIGS         54 CUMMULATIVE CONFIGS         64 CPU TIME                0.001
DISTANCE 0 FOUND 9
DISTANCE 1 FOUND 18
DISTANCE 2 FOUND 0
STEP          3 NEW CONFIGS        321 CUMMULATIVE CONFIGS        385 CPU TIME                0.001
DISTANCE 0 FOUND 0
DISTANCE 1 FOUND 54
DISTANCE 2 FOUND 108
DISTANCE 3 FOUND 3
STEP          4 NEW CONFIGS       1847 CUMMULATIVE CONFIGS       2232 CPU TIME                0.003
DISTANCE 0 FOUND 0
DISTANCE 1 FOUND 0
DISTANCE 2 FOUND 324
DISTANCE 3 FOUND 660
DISTANCE 4 FOUND 58
STEP          5 NEW CONFIGS       9992 CUMMULATIVE CONFIGS      12224 CPU TIME                0.068
DISTANCE 0 FOUND 0
DISTANCE 1 FOUND 0
DISTANCE 2 FOUND 0
DISTANCE 3 FOUND 1905
DISTANCE 4 FOUND 4038
DISTANCE 5 FOUND 688
STEP          6 NEW CONFIGS      50136 CUMMULATIVE CONFIGS      62360 CPU TIME                1.649
DISTANCE 0 FOUND 0
DISTANCE 1 FOUND 0
DISTANCE 2 FOUND 0
DISTANCE 3 FOUND 0
DISTANCE 4 FOUND 10680
DISTANCE 5 FOUND 23304
DISTANCE 6 FOUND 5808
STEP          7 NEW CONFIGS     227536 CUMMULATIVE CONFIGS     289896 CPU TIME               36.146
DISTANCE 0 FOUND 0
DISTANCE 1 FOUND 0
DISTANCE 2 FOUND 0
DISTANCE 3 FOUND 0
DISTANCE 4 FOUND 0
DISTANCE 5 FOUND 55944
DISTANCE 6 FOUND 125832
DISTANCE 7 FOUND 41912
    SEED CONFIGS    10000 CPU TIME               11.736
    SEED CONFIGS    20000 CPU TIME               14.454
    SEED CONFIGS    30000 CPU TIME               16.361
    SEED CONFIGS    40000 CPU TIME               17.831
    SEED CONFIGS    50000 CPU TIME               18.856
    SEED CONFIGS    60000 CPU TIME               18.969
    SEED CONFIGS    70000 CPU TIME               21.109
    SEED CONFIGS    80000 CPU TIME               22.398
    SEED CONFIGS    90000 CPU TIME               23.702
    SEED CONFIGS   100000 CPU TIME               26.407
    SEED CONFIGS   110000 CPU TIME               28.376
    SEED CONFIGS   120000 CPU TIME               28.092
    SEED CONFIGS   130000 CPU TIME               30.594
    SEED CONFIGS   140000 CPU TIME               30.130
    SEED CONFIGS   150000 CPU TIME               31.010
    SEED CONFIGS   160000 CPU TIME               30.324
    SEED CONFIGS   170000 CPU TIME               32.300
    SEED CONFIGS   180000 CPU TIME               34.897
    SEED CONFIGS   190000 CPU TIME               32.564
    SEED CONFIGS   200000 CPU TIME               35.092
    SEED CONFIGS   210000 CPU TIME               34.433
    SEED CONFIGS   220000 CPU TIME               34.581
STEP          8 NEW CONFIGS     870072 CUMMULATIVE CONFIGS    1159968 CPU TIME              601.224
DISTANCE 0 FOUND 0
DISTANCE 1 FOUND 0
DISTANCE 2 FOUND 0
DISTANCE 3 FOUND 0
DISTANCE 4 FOUND 0
DISTANCE 5 FOUND 0
DISTANCE 6 FOUND 269448
DISTANCE 7 FOUND 631596
DISTANCE 8 FOUND 276708
    SEED CONFIGS    10000 CPU TIME               37.695
    SEED CONFIGS    20000 CPU TIME               39.303
    SEED CONFIGS    30000 CPU TIME               40.659
    SEED CONFIGS    40000 CPU TIME               42.249
    SEED CONFIGS    50000 CPU TIME               42.346
    SEED CONFIGS    60000 CPU TIME               44.316
    SEED CONFIGS    70000 CPU TIME               42.988
    SEED CONFIGS    80000 CPU TIME               44.994
    SEED CONFIGS    90000 CPU TIME               47.563
    SEED CONFIGS   100000 CPU TIME               44.459
    SEED CONFIGS   110000 CPU TIME               46.613
    SEED CONFIGS   120000 CPU TIME               47.914
    SEED CONFIGS   130000 CPU TIME               45.122
    SEED CONFIGS   140000 CPU TIME               49.079
    SEED CONFIGS   150000 CPU TIME               46.423
    SEED CONFIGS   160000 CPU TIME               49.109
    SEED CONFIGS   170000 CPU TIME               48.678
    SEED CONFIGS   180000 CPU TIME               47.678
    SEED CONFIGS   190000 CPU TIME               48.323
    SEED CONFIGS   200000 CPU TIME               46.859
    SEED CONFIGS   210000 CPU TIME               49.134
    SEED CONFIGS   220000 CPU TIME               48.484
    SEED CONFIGS   230000 CPU TIME               49.516
    SEED CONFIGS   240000 CPU TIME               47.086
    SEED CONFIGS   250000 CPU TIME               48.258
    SEED CONFIGS   260000 CPU TIME               50.307
    SEED CONFIGS   270000 CPU TIME               49.521
    SEED CONFIGS   280000 CPU TIME               50.132
    SEED CONFIGS   290000 CPU TIME               46.221
    SEED CONFIGS   300000 CPU TIME               47.344
    SEED CONFIGS   310000 CPU TIME               48.829
    SEED CONFIGS   320000 CPU TIME               45.545
    SEED CONFIGS   330000 CPU TIME               46.749
    SEED CONFIGS   340000 CPU TIME               48.107
    SEED CONFIGS   350000 CPU TIME               47.823
    SEED CONFIGS   360000 CPU TIME               46.626
    SEED CONFIGS   370000 CPU TIME               46.548
    SEED CONFIGS   380000 CPU TIME               47.093
    SEED CONFIGS   390000 CPU TIME               48.708
    SEED CONFIGS   400000 CPU TIME               49.797
    SEED CONFIGS   410000 CPU TIME               48.706
    SEED CONFIGS   420000 CPU TIME               46.497
    SEED CONFIGS   430000 CPU TIME               49.456
    SEED CONFIGS   440000 CPU TIME               46.454
    SEED CONFIGS   450000 CPU TIME               47.944
    SEED CONFIGS   460000 CPU TIME               48.144
    SEED CONFIGS   470000 CPU TIME               45.380
    SEED CONFIGS   480000 CPU TIME               48.735
    SEED CONFIGS   490000 CPU TIME               46.988
    SEED CONFIGS   500000 CPU TIME               48.144
    SEED CONFIGS   510000 CPU TIME               46.800
    SEED CONFIGS   520000 CPU TIME               44.673
    SEED CONFIGS   530000 CPU TIME               46.571
    SEED CONFIGS   540000 CPU TIME               44.270
    SEED CONFIGS   550000 CPU TIME               46.566
    SEED CONFIGS   560000 CPU TIME               46.487
    SEED CONFIGS   570000 CPU TIME               47.084
    SEED CONFIGS   580000 CPU TIME               47.346
    SEED CONFIGS   590000 CPU TIME               47.556
    SEED CONFIGS   600000 CPU TIME               46.406
    SEED CONFIGS   610000 CPU TIME               43.511
    SEED CONFIGS   620000 CPU TIME               44.351
    SEED CONFIGS   630000 CPU TIME               45.883
    SEED CONFIGS   640000 CPU TIME               43.726
    SEED CONFIGS   650000 CPU TIME               42.615
    SEED CONFIGS   660000 CPU TIME               43.394
    SEED CONFIGS   670000 CPU TIME               43.681
    SEED CONFIGS   680000 CPU TIME               43.711
    SEED CONFIGS   690000 CPU TIME               43.913
    SEED CONFIGS   700000 CPU TIME               42.016
    SEED CONFIGS   710000 CPU TIME               42.245
    SEED CONFIGS   720000 CPU TIME               40.187
    SEED CONFIGS   730000 CPU TIME               40.109
    SEED CONFIGS   740000 CPU TIME               40.373
    SEED CONFIGS   750000 CPU TIME               39.592
    SEED CONFIGS   760000 CPU TIME               38.951
    SEED CONFIGS   770000 CPU TIME               40.139
    SEED CONFIGS   780000 CPU TIME               39.373
    SEED CONFIGS   790000 CPU TIME               37.405
    SEED CONFIGS   800000 CPU TIME               37.999
    SEED CONFIGS   810000 CPU TIME               37.883
    SEED CONFIGS   820000 CPU TIME               36.749
    SEED CONFIGS   830000 CPU TIME               38.440
    SEED CONFIGS   840000 CPU TIME               38.860
    SEED CONFIGS   850000 CPU TIME               37.445
    SEED CONFIGS   860000 CPU TIME               37.161
    SEED CONFIGS   870000 CPU TIME               36.225
STEP          9 NEW CONFIGS    1887748 CUMMULATIVE CONFIGS    3047716 CPU TIME             3900.731
DISTANCE 0 FOUND 0
DISTANCE 1 FOUND 0
DISTANCE 2 FOUND 0
DISTANCE 3 FOUND 0
DISTANCE 4 FOUND 0
DISTANCE 5 FOUND 0
DISTANCE 6 FOUND 0
DISTANCE 7 FOUND 1146780
DISTANCE 8 FOUND 2989872
DISTANCE 9 FOUND 1806248
    SEED CONFIGS    10000 CPU TIME               38.717
    SEED CONFIGS    20000 CPU TIME               38.375
    SEED CONFIGS    30000 CPU TIME               37.284
    SEED CONFIGS    40000 CPU TIME               37.151
    SEED CONFIGS    50000 CPU TIME               37.239
    SEED CONFIGS    60000 CPU TIME               35.620
    SEED CONFIGS    70000 CPU TIME               36.152
    SEED CONFIGS    80000 CPU TIME               34.235
    SEED CONFIGS    90000 CPU TIME               32.366
    SEED CONFIGS   100000 CPU TIME               31.691
    SEED CONFIGS   110000 CPU TIME               33.298
    SEED CONFIGS   120000 CPU TIME               33.299
    SEED CONFIGS   130000 CPU TIME               30.351
    SEED CONFIGS   140000 CPU TIME               30.707
    SEED CONFIGS   150000 CPU TIME               30.793
    SEED CONFIGS   160000 CPU TIME               31.208
    SEED CONFIGS   170000 CPU TIME               30.733
    SEED CONFIGS   180000 CPU TIME               30.038
    SEED CONFIGS   190000 CPU TIME               30.357
    SEED CONFIGS   200000 CPU TIME               29.290
    SEED CONFIGS   210000 CPU TIME               27.549
    SEED CONFIGS   220000 CPU TIME               28.045
    SEED CONFIGS   230000 CPU TIME               27.856
    SEED CONFIGS   240000 CPU TIME               26.688
    SEED CONFIGS   250000 CPU TIME               26.718
    SEED CONFIGS   260000 CPU TIME               25.262
    SEED CONFIGS   270000 CPU TIME               26.041
    SEED CONFIGS   280000 CPU TIME               25.733
    SEED CONFIGS   290000 CPU TIME               25.202
    SEED CONFIGS   300000 CPU TIME               22.411
    SEED CONFIGS   310000 CPU TIME               22.890
    SEED CONFIGS   320000 CPU TIME               21.435
    SEED CONFIGS   330000 CPU TIME               21.827
    SEED CONFIGS   340000 CPU TIME               22.442
    SEED CONFIGS   350000 CPU TIME               21.178
    SEED CONFIGS   360000 CPU TIME               22.060
    SEED CONFIGS   370000 CPU TIME               22.423
    SEED CONFIGS   380000 CPU TIME               21.388
    SEED CONFIGS   390000 CPU TIME               22.456
    SEED CONFIGS   400000 CPU TIME               20.898
    SEED CONFIGS   410000 CPU TIME               19.796
    SEED CONFIGS   420000 CPU TIME               20.830
    SEED CONFIGS   430000 CPU TIME               20.580
    SEED CONFIGS   440000 CPU TIME               19.593
    SEED CONFIGS   450000 CPU TIME               19.148
    SEED CONFIGS   460000 CPU TIME               19.630
    SEED CONFIGS   470000 CPU TIME               18.682
    SEED CONFIGS   480000 CPU TIME               18.778
    SEED CONFIGS   490000 CPU TIME               17.623
    SEED CONFIGS   500000 CPU TIME               16.912
    SEED CONFIGS   510000 CPU TIME               16.404
    SEED CONFIGS   520000 CPU TIME               14.535
    SEED CONFIGS   530000 CPU TIME               16.177
    SEED CONFIGS   540000 CPU TIME               17.842
    SEED CONFIGS   550000 CPU TIME               14.973
    SEED CONFIGS   560000 CPU TIME               16.173
    SEED CONFIGS   570000 CPU TIME               15.237
    SEED CONFIGS   580000 CPU TIME               14.272
    SEED CONFIGS   590000 CPU TIME               15.206
    SEED CONFIGS   600000 CPU TIME               13.697
    SEED CONFIGS   610000 CPU TIME               13.536
    SEED CONFIGS   620000 CPU TIME               13.938
    SEED CONFIGS   630000 CPU TIME               13.470
    SEED CONFIGS   640000 CPU TIME               13.842
    SEED CONFIGS   650000 CPU TIME               12.723
    SEED CONFIGS   660000 CPU TIME               11.781
    SEED CONFIGS   670000 CPU TIME               11.747
    SEED CONFIGS   680000 CPU TIME               11.609
    SEED CONFIGS   690000 CPU TIME               12.741
    SEED CONFIGS   700000 CPU TIME               11.243
    SEED CONFIGS   710000 CPU TIME               12.113
    SEED CONFIGS   720000 CPU TIME               11.417
    SEED CONFIGS   730000 CPU TIME               10.820
    SEED CONFIGS   740000 CPU TIME               12.378
    SEED CONFIGS   750000 CPU TIME               11.302
    SEED CONFIGS   760000 CPU TIME               11.704
    SEED CONFIGS   770000 CPU TIME               11.210
    SEED CONFIGS   780000 CPU TIME               10.527
    SEED CONFIGS   790000 CPU TIME               10.833
    SEED CONFIGS   800000 CPU TIME                9.422
    SEED CONFIGS   810000 CPU TIME                9.153
    SEED CONFIGS   820000 CPU TIME                8.627
    SEED CONFIGS   830000 CPU TIME                9.898
    SEED CONFIGS   840000 CPU TIME                9.024
    SEED CONFIGS   850000 CPU TIME                9.336
    SEED CONFIGS   860000 CPU TIME                8.764
    SEED CONFIGS   870000 CPU TIME                9.413
    SEED CONFIGS   880000 CPU TIME                7.917
    SEED CONFIGS   890000 CPU TIME                8.506
    SEED CONFIGS   900000 CPU TIME                7.996
    SEED CONFIGS   910000 CPU TIME                7.908
    SEED CONFIGS   920000 CPU TIME                7.536
    SEED CONFIGS   930000 CPU TIME                6.878
    SEED CONFIGS   940000 CPU TIME                6.566
    SEED CONFIGS   950000 CPU TIME                6.821
    SEED CONFIGS   960000 CPU TIME                6.403
    SEED CONFIGS   970000 CPU TIME                6.680
    SEED CONFIGS   980000 CPU TIME                5.910
    SEED CONFIGS   990000 CPU TIME                7.351
    SEED CONFIGS  1000000 CPU TIME                6.850
    SEED CONFIGS  1010000 CPU TIME                7.564
    SEED CONFIGS  1020000 CPU TIME                6.158
    SEED CONFIGS  1030000 CPU TIME                6.730
    SEED CONFIGS  1040000 CPU TIME                6.223
    SEED CONFIGS  1050000 CPU TIME                5.900
    SEED CONFIGS  1060000 CPU TIME                5.370
    SEED CONFIGS  1070000 CPU TIME                5.556
    SEED CONFIGS  1080000 CPU TIME                5.927
    SEED CONFIGS  1090000 CPU TIME                5.473
    SEED CONFIGS  1100000 CPU TIME                5.645
    SEED CONFIGS  1110000 CPU TIME                5.328
    SEED CONFIGS  1120000 CPU TIME                4.756
    SEED CONFIGS  1130000 CPU TIME                5.252
    SEED CONFIGS  1140000 CPU TIME                4.981
    SEED CONFIGS  1150000 CPU TIME                4.548
    SEED CONFIGS  1160000 CPU TIME                4.101
    SEED CONFIGS  1170000 CPU TIME                4.616
    SEED CONFIGS  1180000 CPU TIME                4.327
    SEED CONFIGS  1190000 CPU TIME                4.082
    SEED CONFIGS  1200000 CPU TIME                4.513
    SEED CONFIGS  1210000 CPU TIME                4.230
    SEED CONFIGS  1220000 CPU TIME                3.873
    SEED CONFIGS  1230000 CPU TIME                3.865
    SEED CONFIGS  1240000 CPU TIME                3.453
    SEED CONFIGS  1250000 CPU TIME                3.660
    SEED CONFIGS  1260000 CPU TIME                3.227
    SEED CONFIGS  1270000 CPU TIME                3.160
    SEED CONFIGS  1280000 CPU TIME                3.036
    SEED CONFIGS  1290000 CPU TIME                2.968
    SEED CONFIGS  1300000 CPU TIME                2.889
    SEED CONFIGS  1310000 CPU TIME                2.673
    SEED CONFIGS  1320000 CPU TIME                2.474
    SEED CONFIGS  1330000 CPU TIME                2.701
    SEED CONFIGS  1340000 CPU TIME                2.673
    SEED CONFIGS  1350000 CPU TIME                2.379
    SEED CONFIGS  1360000 CPU TIME                2.501
    SEED CONFIGS  1370000 CPU TIME                1.853
    SEED CONFIGS  1380000 CPU TIME                2.018
    SEED CONFIGS  1390000 CPU TIME                1.936
    SEED CONFIGS  1400000 CPU TIME                1.917
    SEED CONFIGS  1410000 CPU TIME                2.192
    SEED CONFIGS  1420000 CPU TIME                2.102
    SEED CONFIGS  1430000 CPU TIME                2.208
    SEED CONFIGS  1440000 CPU TIME                1.942
    SEED CONFIGS  1450000 CPU TIME                2.014
    SEED CONFIGS  1460000 CPU TIME                1.598
    SEED CONFIGS  1470000 CPU TIME                1.639
    SEED CONFIGS  1480000 CPU TIME                1.588
    SEED CONFIGS  1490000 CPU TIME                1.773
    SEED CONFIGS  1500000 CPU TIME                1.612
    SEED CONFIGS  1510000 CPU TIME                1.531
    SEED CONFIGS  1520000 CPU TIME                1.114
    SEED CONFIGS  1530000 CPU TIME                1.451
    SEED CONFIGS  1540000 CPU TIME                1.143
    SEED CONFIGS  1550000 CPU TIME                1.166
    SEED CONFIGS  1560000 CPU TIME                1.189
    SEED CONFIGS  1570000 CPU TIME                1.371
    SEED CONFIGS  1580000 CPU TIME                1.248
    SEED CONFIGS  1590000 CPU TIME                1.518
    SEED CONFIGS  1600000 CPU TIME                1.363
    SEED CONFIGS  1610000 CPU TIME                1.265
    SEED CONFIGS  1620000 CPU TIME                1.264
    SEED CONFIGS  1630000 CPU TIME                1.139
    SEED CONFIGS  1640000 CPU TIME                0.814
    SEED CONFIGS  1650000 CPU TIME                0.859
    SEED CONFIGS  1660000 CPU TIME                1.036
    SEED CONFIGS  1670000 CPU TIME                1.066
    SEED CONFIGS  1680000 CPU TIME                0.903
    SEED CONFIGS  1690000 CPU TIME                0.866
    SEED CONFIGS  1700000 CPU TIME                0.861
    SEED CONFIGS  1710000 CPU TIME                0.542
    SEED CONFIGS  1720000 CPU TIME                0.604
    SEED CONFIGS  1730000 CPU TIME                0.619
    SEED CONFIGS  1740000 CPU TIME                0.556
    SEED CONFIGS  1750000 CPU TIME                0.526
    SEED CONFIGS  1760000 CPU TIME                0.530
    SEED CONFIGS  1770000 CPU TIME                0.462
    SEED CONFIGS  1780000 CPU TIME                0.397
    SEED CONFIGS  1790000 CPU TIME                0.460
    SEED CONFIGS  1800000 CPU TIME                0.342
    SEED CONFIGS  1810000 CPU TIME                0.442
    SEED CONFIGS  1820000 CPU TIME                0.426
    SEED CONFIGS  1830000 CPU TIME                0.331
    SEED CONFIGS  1840000 CPU TIME                0.305
    SEED CONFIGS  1850000 CPU TIME                0.308
    SEED CONFIGS  1860000 CPU TIME                0.406
    SEED CONFIGS  1870000 CPU TIME                0.337
    SEED CONFIGS  1880000 CPU TIME                0.307
STEP         10 NEW CONFIGS     623800 CUMMULATIVE CONFIGS    3671516 CPU TIME             2105.839
DISTANCE 0 FOUND 0
DISTANCE 1 FOUND 0
DISTANCE 2 FOUND 0
DISTANCE 3 FOUND 0
DISTANCE 4 FOUND 0
DISTANCE 5 FOUND 0
DISTANCE 6 FOUND 0
DISTANCE 7 FOUND 0
DISTANCE 8 FOUND 3693996
DISTANCE 9 FOUND 10113852
DISTANCE 10 FOUND 2558084
    SEED CONFIGS    10000 CPU TIME                0.763
    SEED CONFIGS    20000 CPU TIME                0.612
    SEED CONFIGS    30000 CPU TIME                0.651
    SEED CONFIGS    40000 CPU TIME                0.612
    SEED CONFIGS    50000 CPU TIME                0.558
    SEED CONFIGS    60000 CPU TIME                0.597
    SEED CONFIGS    70000 CPU TIME                0.413
    SEED CONFIGS    80000 CPU TIME                0.531
    SEED CONFIGS    90000 CPU TIME                0.426
    SEED CONFIGS   100000 CPU TIME                0.474
    SEED CONFIGS   110000 CPU TIME                0.427
    SEED CONFIGS   120000 CPU TIME                0.459
    SEED CONFIGS   130000 CPU TIME                0.424
    SEED CONFIGS   140000 CPU TIME                0.293
    SEED CONFIGS   150000 CPU TIME                0.250
    SEED CONFIGS   160000 CPU TIME                0.191
    SEED CONFIGS   170000 CPU TIME                0.286
    SEED CONFIGS   180000 CPU TIME                0.281
    SEED CONFIGS   190000 CPU TIME                0.314
    SEED CONFIGS   200000 CPU TIME                0.239
    SEED CONFIGS   210000 CPU TIME                0.229
    SEED CONFIGS   220000 CPU TIME                0.171
    SEED CONFIGS   230000 CPU TIME                0.167
    SEED CONFIGS   240000 CPU TIME                0.179
    SEED CONFIGS   250000 CPU TIME                0.241
    SEED CONFIGS   260000 CPU TIME                0.164
    SEED CONFIGS   270000 CPU TIME                0.188
    SEED CONFIGS   280000 CPU TIME                0.171
    SEED CONFIGS   290000 CPU TIME                0.092
    SEED CONFIGS   300000 CPU TIME                0.149
    SEED CONFIGS   310000 CPU TIME                0.106
    SEED CONFIGS   320000 CPU TIME                0.088
    SEED CONFIGS   330000 CPU TIME                0.084
    SEED CONFIGS   340000 CPU TIME                0.092
    SEED CONFIGS   350000 CPU TIME                0.068
    SEED CONFIGS   360000 CPU TIME                0.078
    SEED CONFIGS   370000 CPU TIME                0.119
    SEED CONFIGS   380000 CPU TIME                0.156
    SEED CONFIGS   390000 CPU TIME                0.108
    SEED CONFIGS   400000 CPU TIME                0.133
    SEED CONFIGS   410000 CPU TIME                0.105
    SEED CONFIGS   420000 CPU TIME                0.072
    SEED CONFIGS   430000 CPU TIME                0.085
    SEED CONFIGS   440000 CPU TIME                0.065
    SEED CONFIGS   450000 CPU TIME                0.066
    SEED CONFIGS   460000 CPU TIME                0.081
    SEED CONFIGS   470000 CPU TIME                0.063
    SEED CONFIGS   480000 CPU TIME                0.049
    SEED CONFIGS   490000 CPU TIME                0.063
    SEED CONFIGS   500000 CPU TIME                0.057
    SEED CONFIGS   510000 CPU TIME                0.067
    SEED CONFIGS   520000 CPU TIME                0.049
    SEED CONFIGS   530000 CPU TIME                0.049
    SEED CONFIGS   540000 CPU TIME                0.049
    SEED CONFIGS   550000 CPU TIME                0.055
    SEED CONFIGS   560000 CPU TIME                0.050
    SEED CONFIGS   570000 CPU TIME                0.051
    SEED CONFIGS   580000 CPU TIME                0.065
    SEED CONFIGS   590000 CPU TIME                0.050
    SEED CONFIGS   600000 CPU TIME                0.066
    SEED CONFIGS   610000 CPU TIME                0.056
    SEED CONFIGS   620000 CPU TIME                0.050
STEP         11 NEW CONFIGS       2644 CUMMULATIVE CONFIGS    3674160 CPU TIME               12.970
DISTANCE 0 FOUND 0
DISTANCE 1 FOUND 0
DISTANCE 2 FOUND 0
DISTANCE 3 FOUND 0
DISTANCE 4 FOUND 0
DISTANCE 5 FOUND 0
DISTANCE 6 FOUND 0
DISTANCE 7 FOUND 0
DISTANCE 8 FOUND 0
DISTANCE 9 FOUND 3181884
DISTANCE 10 FOUND 2410632
DISTANCE 11 FOUND 19040
STEP         12 NEW CONFIGS          0 CUMMULATIVE CONFIGS    3674160 CPU TIME                0.014
