2X2X2 RUBIK'S CUBE CONFIGURATION GENERATION
1: QUARTER-TURN METRIC; 2: HALF-TURN METRIC; 3: SEMI-QUARTER-TURN METRIC
SEMI-QUARTER-TURN METRIC
BISECTION SEARCH IN SORTED LIST
TOTAL NUMBER OF CONFIGURATIONS = 3674160
STEP          0 NEW CONFIGS          0 CUMMULATIVE CONFIGS          1
STEP          1 NEW CONFIGS          3 CUMMULATIVE CONFIGS          4 CPU TIME                0.006
STEP          2 NEW CONFIGS          9 CUMMULATIVE CONFIGS         13 CPU TIME                0.001
STEP          3 NEW CONFIGS         27 CUMMULATIVE CONFIGS         40 CPU TIME                0.001
STEP          4 NEW CONFIGS         78 CUMMULATIVE CONFIGS        118 CPU TIME                0.001
STEP          5 NEW CONFIGS        216 CUMMULATIVE CONFIGS        334 CPU TIME                0.001
STEP          6 NEW CONFIGS        583 CUMMULATIVE CONFIGS        917 CPU TIME                0.001
STEP          7 NEW CONFIGS       1546 CUMMULATIVE CONFIGS       2463 CPU TIME                0.004
STEP          8 NEW CONFIGS       4035 CUMMULATIVE CONFIGS       6498 CPU TIME                0.021
STEP          9 NEW CONFIGS      10320 CUMMULATIVE CONFIGS      16818 CPU TIME                0.118
STEP         10 NEW CONFIGS      25824 CUMMULATIVE CONFIGS      42642 CPU TIME                0.671
STEP         11 NEW CONFIGS      62832 CUMMULATIVE CONFIGS     105474 CPU TIME                4.825
STEP         12 NEW CONFIGS     146322 CUMMULATIVE CONFIGS     251796 CPU TIME               28.675
    SEED CONFIGS    10000 CPU TIME                6.831
    SEED CONFIGS    20000 CPU TIME                6.868
    SEED CONFIGS    30000 CPU TIME                7.511
    SEED CONFIGS    40000 CPU TIME                8.023
    SEED CONFIGS    50000 CPU TIME                8.574
    SEED CONFIGS    60000 CPU TIME                8.661
    SEED CONFIGS    70000 CPU TIME                9.506
    SEED CONFIGS    80000 CPU TIME                9.917
    SEED CONFIGS    90000 CPU TIME               10.489
    SEED CONFIGS   100000 CPU TIME               10.839
    SEED CONFIGS   110000 CPU TIME               11.360
    SEED CONFIGS   120000 CPU TIME               11.183
    SEED CONFIGS   130000 CPU TIME               11.928
    SEED CONFIGS   140000 CPU TIME               12.216
STEP         13 NEW CONFIGS     321876 CUMMULATIVE CONFIGS     573672 CPU TIME              141.497
    SEED CONFIGS    10000 CPU TIME               14.134
    SEED CONFIGS    20000 CPU TIME               14.527
    SEED CONFIGS    30000 CPU TIME               14.675
    SEED CONFIGS    40000 CPU TIME               14.781
    SEED CONFIGS    50000 CPU TIME               14.837
    SEED CONFIGS    60000 CPU TIME               16.226
    SEED CONFIGS    70000 CPU TIME               16.061
    SEED CONFIGS    80000 CPU TIME               17.046
    SEED CONFIGS    90000 CPU TIME               17.018
    SEED CONFIGS   100000 CPU TIME               16.892
    SEED CONFIGS   110000 CPU TIME               17.150
    SEED CONFIGS   120000 CPU TIME               18.491
    SEED CONFIGS   130000 CPU TIME               19.075
    SEED CONFIGS   140000 CPU TIME               19.766
    SEED CONFIGS   150000 CPU TIME               19.727
    SEED CONFIGS   160000 CPU TIME               18.835
    SEED CONFIGS   170000 CPU TIME               19.638
    SEED CONFIGS   180000 CPU TIME               19.843
    SEED CONFIGS   190000 CPU TIME               19.821
    SEED CONFIGS   200000 CPU TIME               21.081
    SEED CONFIGS   210000 CPU TIME               21.639
    SEED CONFIGS   220000 CPU TIME               20.516
    SEED CONFIGS   230000 CPU TIME               21.478
    SEED CONFIGS   240000 CPU TIME               22.031
    SEED CONFIGS   250000 CPU TIME               21.957
    SEED CONFIGS   260000 CPU TIME               21.265
    SEED CONFIGS   270000 CPU TIME               20.956
    SEED CONFIGS   280000 CPU TIME               22.550
    SEED CONFIGS   290000 CPU TIME               23.193
    SEED CONFIGS   300000 CPU TIME               22.598
    SEED CONFIGS   310000 CPU TIME               22.325
    SEED CONFIGS   320000 CPU TIME               22.807
STEP         14 NEW CONFIGS     635632 CUMMULATIVE CONFIGS    1209304 CPU TIME              617.155
    SEED CONFIGS    10000 CPU TIME               29.516
    SEED CONFIGS    20000 CPU TIME               28.906
    SEED CONFIGS    30000 CPU TIME               28.039
    SEED CONFIGS    40000 CPU TIME               27.466
    SEED CONFIGS    50000 CPU TIME               27.831
    SEED CONFIGS    60000 CPU TIME               28.505
    SEED CONFIGS    70000 CPU TIME               27.083
    SEED CONFIGS    80000 CPU TIME               27.886
    SEED CONFIGS    90000 CPU TIME               29.694
    SEED CONFIGS   100000 CPU TIME               29.314
    SEED CONFIGS   110000 CPU TIME               28.487
    SEED CONFIGS   120000 CPU TIME               30.394
    SEED CONFIGS   130000 CPU TIME               31.328
    SEED CONFIGS   140000 CPU TIME               30.175
    SEED CONFIGS   150000 CPU TIME               30.919
    SEED CONFIGS   160000 CPU TIME               30.458
    SEED CONFIGS   170000 CPU TIME               30.517
    SEED CONFIGS   180000 CPU TIME               31.146
    SEED CONFIGS   190000 CPU TIME               30.530
    SEED CONFIGS   200000 CPU TIME               31.114
    SEED CONFIGS   210000 CPU TIME               30.943
    SEED CONFIGS   220000 CPU TIME               32.283
    SEED CONFIGS   230000 CPU TIME               31.562
    SEED CONFIGS   240000 CPU TIME               29.756
    SEED CONFIGS   250000 CPU TIME               32.673
    SEED CONFIGS   260000 CPU TIME               32.410
    SEED CONFIGS   270000 CPU TIME               30.609
    SEED CONFIGS   280000 CPU TIME               31.543
    SEED CONFIGS   290000 CPU TIME               30.673
    SEED CONFIGS   300000 CPU TIME               33.213
    SEED CONFIGS   310000 CPU TIME               31.894
    SEED CONFIGS   320000 CPU TIME               30.741
    SEED CONFIGS   330000 CPU TIME               31.572
    SEED CONFIGS   340000 CPU TIME               30.907
    SEED CONFIGS   350000 CPU TIME               30.526
    SEED CONFIGS   360000 CPU TIME               31.707
    SEED CONFIGS   370000 CPU TIME               30.239
    SEED CONFIGS   380000 CPU TIME               31.334
    SEED CONFIGS   390000 CPU TIME               29.944
    SEED CONFIGS   400000 CPU TIME               29.945
    SEED CONFIGS   410000 CPU TIME               29.140
    SEED CONFIGS   420000 CPU TIME               28.857
    SEED CONFIGS   430000 CPU TIME               29.009
    SEED CONFIGS   440000 CPU TIME               30.809
    SEED CONFIGS   450000 CPU TIME               28.646
    SEED CONFIGS   460000 CPU TIME               29.439
    SEED CONFIGS   470000 CPU TIME               29.909
    SEED CONFIGS   480000 CPU TIME               29.567
    SEED CONFIGS   490000 CPU TIME               29.503
    SEED CONFIGS   500000 CPU TIME               29.677
    SEED CONFIGS   510000 CPU TIME               28.146
    SEED CONFIGS   520000 CPU TIME               28.041
    SEED CONFIGS   530000 CPU TIME               28.093
    SEED CONFIGS   540000 CPU TIME               27.717
    SEED CONFIGS   550000 CPU TIME               28.166
    SEED CONFIGS   560000 CPU TIME               27.938
    SEED CONFIGS   570000 CPU TIME               27.817
    SEED CONFIGS   580000 CPU TIME               27.821
    SEED CONFIGS   590000 CPU TIME               27.621
    SEED CONFIGS   600000 CPU TIME               27.513
    SEED CONFIGS   610000 CPU TIME               26.021
    SEED CONFIGS   620000 CPU TIME               25.684
    SEED CONFIGS   630000 CPU TIME               26.198
STEP         15 NEW CONFIGS     988788 CUMMULATIVE CONFIGS    2198092 CPU TIME             1879.796
    SEED CONFIGS    10000 CPU TIME               44.448
    SEED CONFIGS    20000 CPU TIME               45.747
    SEED CONFIGS    30000 CPU TIME               43.580
    SEED CONFIGS    40000 CPU TIME               43.028
    SEED CONFIGS    50000 CPU TIME               44.499
    SEED CONFIGS    60000 CPU TIME               43.821
    SEED CONFIGS    70000 CPU TIME               41.949
    SEED CONFIGS    80000 CPU TIME               43.703
    SEED CONFIGS    90000 CPU TIME               42.791
    SEED CONFIGS   100000 CPU TIME               41.800
    SEED CONFIGS   110000 CPU TIME               41.415
    SEED CONFIGS   120000 CPU TIME               41.414
    SEED CONFIGS   130000 CPU TIME               40.410
    SEED CONFIGS   140000 CPU TIME               40.169
    SEED CONFIGS   150000 CPU TIME               39.998
    SEED CONFIGS   160000 CPU TIME               39.838
    SEED CONFIGS   170000 CPU TIME               40.841
    SEED CONFIGS   180000 CPU TIME               41.481
    SEED CONFIGS   190000 CPU TIME               40.134
    SEED CONFIGS   200000 CPU TIME               41.296
    SEED CONFIGS   210000 CPU TIME               37.370
    SEED CONFIGS   220000 CPU TIME               39.072
    SEED CONFIGS   230000 CPU TIME               39.414
    SEED CONFIGS   240000 CPU TIME               40.808
    SEED CONFIGS   250000 CPU TIME               39.393
    SEED CONFIGS   260000 CPU TIME               37.802
    SEED CONFIGS   270000 CPU TIME               38.611
    SEED CONFIGS   280000 CPU TIME               36.766
    SEED CONFIGS   290000 CPU TIME               38.289
    SEED CONFIGS   300000 CPU TIME               37.254
    SEED CONFIGS   310000 CPU TIME               35.989
    SEED CONFIGS   320000 CPU TIME               35.647
    SEED CONFIGS   330000 CPU TIME               35.534
    SEED CONFIGS   340000 CPU TIME               35.927
    SEED CONFIGS   350000 CPU TIME               34.154
    SEED CONFIGS   360000 CPU TIME               36.585
    SEED CONFIGS   370000 CPU TIME               33.609
    SEED CONFIGS   380000 CPU TIME               35.692
    SEED CONFIGS   390000 CPU TIME               33.455
    SEED CONFIGS   400000 CPU TIME               34.231
    SEED CONFIGS   410000 CPU TIME               34.519
    SEED CONFIGS   420000 CPU TIME               33.055
    SEED CONFIGS   430000 CPU TIME               32.498
    SEED CONFIGS   440000 CPU TIME               33.340
    SEED CONFIGS   450000 CPU TIME               30.955
    SEED CONFIGS   460000 CPU TIME               33.211
    SEED CONFIGS   470000 CPU TIME               31.536
    SEED CONFIGS   480000 CPU TIME               30.784
    SEED CONFIGS   490000 CPU TIME               31.202
    SEED CONFIGS   500000 CPU TIME               30.109
    SEED CONFIGS   510000 CPU TIME               28.467
    SEED CONFIGS   520000 CPU TIME               29.647
    SEED CONFIGS   530000 CPU TIME               28.993
    SEED CONFIGS   540000 CPU TIME               28.907
    SEED CONFIGS   550000 CPU TIME               29.612
    SEED CONFIGS   560000 CPU TIME               28.613
    SEED CONFIGS   570000 CPU TIME               28.124
    SEED CONFIGS   580000 CPU TIME               27.353
    SEED CONFIGS   590000 CPU TIME               26.654
    SEED CONFIGS   600000 CPU TIME               27.017
    SEED CONFIGS   610000 CPU TIME               26.220
    SEED CONFIGS   620000 CPU TIME               25.220
    SEED CONFIGS   630000 CPU TIME               25.631
    SEED CONFIGS   640000 CPU TIME               25.195
    SEED CONFIGS   650000 CPU TIME               24.811
    SEED CONFIGS   660000 CPU TIME               24.313
    SEED CONFIGS   670000 CPU TIME               24.352
    SEED CONFIGS   680000 CPU TIME               22.207
    SEED CONFIGS   690000 CPU TIME               22.507
    SEED CONFIGS   700000 CPU TIME               22.030
    SEED CONFIGS   710000 CPU TIME               21.703
    SEED CONFIGS   720000 CPU TIME               22.747
    SEED CONFIGS   730000 CPU TIME               21.829
    SEED CONFIGS   740000 CPU TIME               20.581
    SEED CONFIGS   750000 CPU TIME               20.449
    SEED CONFIGS   760000 CPU TIME               19.924
    SEED CONFIGS   770000 CPU TIME               18.924
    SEED CONFIGS   780000 CPU TIME               19.208
    SEED CONFIGS   790000 CPU TIME               19.405
    SEED CONFIGS   800000 CPU TIME               18.328
    SEED CONFIGS   810000 CPU TIME               17.497
    SEED CONFIGS   820000 CPU TIME               17.091
    SEED CONFIGS   830000 CPU TIME               18.326
    SEED CONFIGS   840000 CPU TIME               16.579
    SEED CONFIGS   850000 CPU TIME               16.335
    SEED CONFIGS   860000 CPU TIME               16.433
    SEED CONFIGS   870000 CPU TIME               15.112
    SEED CONFIGS   880000 CPU TIME               15.463
    SEED CONFIGS   890000 CPU TIME               14.452
    SEED CONFIGS   900000 CPU TIME               14.304
    SEED CONFIGS   910000 CPU TIME               14.709
    SEED CONFIGS   920000 CPU TIME               13.563
    SEED CONFIGS   930000 CPU TIME               13.534
    SEED CONFIGS   940000 CPU TIME               13.196
    SEED CONFIGS   950000 CPU TIME               12.540
    SEED CONFIGS   960000 CPU TIME               12.762
    SEED CONFIGS   970000 CPU TIME               11.652
    SEED CONFIGS   980000 CPU TIME               11.482
STEP         16 NEW CONFIGS     958176 CUMMULATIVE CONFIGS    3156268 CPU TIME             2903.714
    SEED CONFIGS    10000 CPU TIME               40.301
    SEED CONFIGS    20000 CPU TIME               41.739
    SEED CONFIGS    30000 CPU TIME               38.915
    SEED CONFIGS    40000 CPU TIME               39.149
    SEED CONFIGS    50000 CPU TIME               37.848
    SEED CONFIGS    60000 CPU TIME               38.837
    SEED CONFIGS    70000 CPU TIME               36.784
    SEED CONFIGS    80000 CPU TIME               35.822
    SEED CONFIGS    90000 CPU TIME               37.415
    SEED CONFIGS   100000 CPU TIME               36.350
    SEED CONFIGS   110000 CPU TIME               34.811
    SEED CONFIGS   120000 CPU TIME               33.189
    SEED CONFIGS   130000 CPU TIME               34.555
    SEED CONFIGS   140000 CPU TIME               33.266
    SEED CONFIGS   150000 CPU TIME               33.642
    SEED CONFIGS   160000 CPU TIME               32.553
    SEED CONFIGS   170000 CPU TIME               31.353
    SEED CONFIGS   180000 CPU TIME               31.569
    SEED CONFIGS   190000 CPU TIME               29.560
    SEED CONFIGS   200000 CPU TIME               28.578
    SEED CONFIGS   210000 CPU TIME               27.700
    SEED CONFIGS   220000 CPU TIME               28.799
    SEED CONFIGS   230000 CPU TIME               28.532
    SEED CONFIGS   240000 CPU TIME               27.998
    SEED CONFIGS   250000 CPU TIME               27.686
    SEED CONFIGS   260000 CPU TIME               26.538
    SEED CONFIGS   270000 CPU TIME               26.158
    SEED CONFIGS   280000 CPU TIME               27.406
    SEED CONFIGS   290000 CPU TIME               26.525
    SEED CONFIGS   300000 CPU TIME               25.908
    SEED CONFIGS   310000 CPU TIME               25.271
    SEED CONFIGS   320000 CPU TIME               23.779
    SEED CONFIGS   330000 CPU TIME               22.962
    SEED CONFIGS   340000 CPU TIME               22.143
    SEED CONFIGS   350000 CPU TIME               20.571
    SEED CONFIGS   360000 CPU TIME               24.166
    SEED CONFIGS   370000 CPU TIME               22.553
    SEED CONFIGS   380000 CPU TIME               21.554
    SEED CONFIGS   390000 CPU TIME               21.063
    SEED CONFIGS   400000 CPU TIME               21.215
    SEED CONFIGS   410000 CPU TIME               20.686
    SEED CONFIGS   420000 CPU TIME               19.451
    SEED CONFIGS   430000 CPU TIME               19.935
    SEED CONFIGS   440000 CPU TIME               19.163
    SEED CONFIGS   450000 CPU TIME               18.323
    SEED CONFIGS   460000 CPU TIME               16.755
    SEED CONFIGS   470000 CPU TIME               16.925
    SEED CONFIGS   480000 CPU TIME               16.037
    SEED CONFIGS   490000 CPU TIME               16.475
    SEED CONFIGS   500000 CPU TIME               17.062
    SEED CONFIGS   510000 CPU TIME               14.621
    SEED CONFIGS   520000 CPU TIME               15.931
    SEED CONFIGS   530000 CPU TIME               14.709
    SEED CONFIGS   540000 CPU TIME               15.039
    SEED CONFIGS   550000 CPU TIME               13.855
    SEED CONFIGS   560000 CPU TIME               13.181
    SEED CONFIGS   570000 CPU TIME               13.453
    SEED CONFIGS   580000 CPU TIME               13.062
    SEED CONFIGS   590000 CPU TIME               12.015
    SEED CONFIGS   600000 CPU TIME               11.721
    SEED CONFIGS   610000 CPU TIME               11.384
    SEED CONFIGS   620000 CPU TIME               10.765
    SEED CONFIGS   630000 CPU TIME               10.364
    SEED CONFIGS   640000 CPU TIME               10.099
    SEED CONFIGS   650000 CPU TIME                9.470
    SEED CONFIGS   660000 CPU TIME                9.720
    SEED CONFIGS   670000 CPU TIME                8.717
    SEED CONFIGS   680000 CPU TIME                8.452
    SEED CONFIGS   690000 CPU TIME                8.528
    SEED CONFIGS   700000 CPU TIME                8.826
    SEED CONFIGS   710000 CPU TIME                8.851
    SEED CONFIGS   720000 CPU TIME                8.661
    SEED CONFIGS   730000 CPU TIME                7.738
    SEED CONFIGS   740000 CPU TIME                6.796
    SEED CONFIGS   750000 CPU TIME                7.028
    SEED CONFIGS   760000 CPU TIME                6.587
    SEED CONFIGS   770000 CPU TIME                6.174
    SEED CONFIGS   780000 CPU TIME                6.263
    SEED CONFIGS   790000 CPU TIME                5.708
    SEED CONFIGS   800000 CPU TIME                5.133
    SEED CONFIGS   810000 CPU TIME                4.888
    SEED CONFIGS   820000 CPU TIME                4.758
    SEED CONFIGS   830000 CPU TIME                4.358
    SEED CONFIGS   840000 CPU TIME                4.091
    SEED CONFIGS   850000 CPU TIME                3.793
    SEED CONFIGS   860000 CPU TIME                3.351
    SEED CONFIGS   870000 CPU TIME                2.936
    SEED CONFIGS   880000 CPU TIME                2.764
    SEED CONFIGS   890000 CPU TIME                2.683
    SEED CONFIGS   900000 CPU TIME                2.760
    SEED CONFIGS   910000 CPU TIME                2.142
    SEED CONFIGS   920000 CPU TIME                2.163
    SEED CONFIGS   930000 CPU TIME                1.955
    SEED CONFIGS   940000 CPU TIME                1.706
    SEED CONFIGS   950000 CPU TIME                1.612
STEP         17 NEW CONFIGS     450280 CUMMULATIVE CONFIGS    3606548 CPU TIME             1735.425
    SEED CONFIGS    10000 CPU TIME               14.945
    SEED CONFIGS    20000 CPU TIME               15.524
    SEED CONFIGS    30000 CPU TIME               14.774
    SEED CONFIGS    40000 CPU TIME               13.815
    SEED CONFIGS    50000 CPU TIME               12.704
    SEED CONFIGS    60000 CPU TIME               12.833
    SEED CONFIGS    70000 CPU TIME               12.012
    SEED CONFIGS    80000 CPU TIME               10.938
    SEED CONFIGS    90000 CPU TIME               11.667
    SEED CONFIGS   100000 CPU TIME               11.123
    SEED CONFIGS   110000 CPU TIME                9.542
    SEED CONFIGS   120000 CPU TIME                9.584
    SEED CONFIGS   130000 CPU TIME                9.397
    SEED CONFIGS   140000 CPU TIME                8.955
    SEED CONFIGS   150000 CPU TIME                8.631
    SEED CONFIGS   160000 CPU TIME                7.805
    SEED CONFIGS   170000 CPU TIME                7.587
    SEED CONFIGS   180000 CPU TIME                7.304
    SEED CONFIGS   190000 CPU TIME                6.498
    SEED CONFIGS   200000 CPU TIME                6.574
    SEED CONFIGS   210000 CPU TIME                5.967
    SEED CONFIGS   220000 CPU TIME                5.433
    SEED CONFIGS   230000 CPU TIME                5.322
    SEED CONFIGS   240000 CPU TIME                5.170
    SEED CONFIGS   250000 CPU TIME                4.670
    SEED CONFIGS   260000 CPU TIME                4.210
    SEED CONFIGS   270000 CPU TIME                4.114
    SEED CONFIGS   280000 CPU TIME                3.567
    SEED CONFIGS   290000 CPU TIME                3.520
    SEED CONFIGS   300000 CPU TIME                3.733
    SEED CONFIGS   310000 CPU TIME                3.184
    SEED CONFIGS   320000 CPU TIME                2.889
    SEED CONFIGS   330000 CPU TIME                2.229
    SEED CONFIGS   340000 CPU TIME                2.490
    SEED CONFIGS   350000 CPU TIME                2.016
    SEED CONFIGS   360000 CPU TIME                1.571
    SEED CONFIGS   370000 CPU TIME                1.432
    SEED CONFIGS   380000 CPU TIME                1.150
    SEED CONFIGS   390000 CPU TIME                1.009
    SEED CONFIGS   400000 CPU TIME                1.230
    SEED CONFIGS   410000 CPU TIME                0.959
    SEED CONFIGS   420000 CPU TIME                0.515
    SEED CONFIGS   430000 CPU TIME                0.659
    SEED CONFIGS   440000 CPU TIME                0.248
    SEED CONFIGS   450000 CPU TIME                0.229
STEP         18 NEW CONFIGS      66420 CUMMULATIVE CONFIGS    3672968 CPU TIME              279.749
STEP         19 NEW CONFIGS       1192 CUMMULATIVE CONFIGS    3674160 (CONVERGED) CPU TIME                5.542
