2X2X2 RUBIK'S CUBE CONFIGURATION GENERATION
1: QUARTER-TURN METRIC; 2: HALF-TURN METRIC
2
HALF-TURN METRIC
SEQUENTIAL SEARCH IN UNSORTED LIST
TOTAL NUMBER OF CONFIGURATIONS = 3674160
STEP          0 NEW CONFIGS          0 CUMMULATIVE CONFIGS          1
STEP          1 NEW CONFIGS          9 CUMMULATIVE CONFIGS         10 CPU TIME                0.003
STEP          2 NEW CONFIGS         54 CUMMULATIVE CONFIGS         64 CPU TIME                0.001
STEP          3 NEW CONFIGS        321 CUMMULATIVE CONFIGS        385 CPU TIME                0.001
STEP          4 NEW CONFIGS       1847 CUMMULATIVE CONFIGS       2232 CPU TIME                0.003
STEP          5 NEW CONFIGS       9992 CUMMULATIVE CONFIGS      12224 CPU TIME                0.173
STEP          6 NEW CONFIGS      50136 CUMMULATIVE CONFIGS      62360 CPU TIME                3.209
STEP          7 NEW CONFIGS     227536 CUMMULATIVE CONFIGS     289896 CPU TIME               57.767
    SEED CONFIGS    10000 CPU TIME               16.555
    SEED CONFIGS    20000 CPU TIME               18.270
    SEED CONFIGS    30000 CPU TIME               24.975
    SEED CONFIGS    40000 CPU TIME               25.780
    SEED CONFIGS    50000 CPU TIME               29.494
    SEED CONFIGS    60000 CPU TIME               24.971
    SEED CONFIGS    70000 CPU TIME               27.551
    SEED CONFIGS    80000 CPU TIME               34.057
    SEED CONFIGS    90000 CPU TIME               30.802
    SEED CONFIGS   100000 CPU TIME               47.819
    SEED CONFIGS   110000 CPU TIME               43.880
    SEED CONFIGS   120000 CPU TIME               47.646
    SEED CONFIGS   130000 CPU TIME               44.501
    SEED CONFIGS   140000 CPU TIME               87.658
    SEED CONFIGS   150000 CPU TIME               59.832
    SEED CONFIGS   160000 CPU TIME               82.127
    SEED CONFIGS   170000 CPU TIME               68.461
    SEED CONFIGS   180000 CPU TIME               77.169
    SEED CONFIGS   190000 CPU TIME               64.795
    SEED CONFIGS   200000 CPU TIME               93.865
    SEED CONFIGS   210000 CPU TIME               63.419
    SEED CONFIGS   220000 CPU TIME               60.530
STEP          8 NEW CONFIGS     870072 CUMMULATIVE CONFIGS    1159968 CPU TIME             1125.140
    SEED CONFIGS    10000 CPU TIME               56.436
    SEED CONFIGS    20000 CPU TIME               53.839
    SEED CONFIGS    30000 CPU TIME               51.089
    SEED CONFIGS    40000 CPU TIME               62.316
    SEED CONFIGS    50000 CPU TIME               85.423
    SEED CONFIGS    60000 CPU TIME               77.979
    SEED CONFIGS    70000 CPU TIME               87.584
    SEED CONFIGS    80000 CPU TIME              104.775
    SEED CONFIGS    90000 CPU TIME               72.418
    SEED CONFIGS   100000 CPU TIME              100.070
    SEED CONFIGS   110000 CPU TIME              119.477
    SEED CONFIGS   120000 CPU TIME              102.207
    SEED CONFIGS   130000 CPU TIME              109.281
    SEED CONFIGS   140000 CPU TIME               93.831
    SEED CONFIGS   150000 CPU TIME              123.576
    SEED CONFIGS   160000 CPU TIME               60.952
    SEED CONFIGS   170000 CPU TIME               85.351
    SEED CONFIGS   180000 CPU TIME              120.646
    SEED CONFIGS   190000 CPU TIME              114.707
    SEED CONFIGS   200000 CPU TIME              134.705
    SEED CONFIGS   210000 CPU TIME              132.591
    SEED CONFIGS   220000 CPU TIME              114.225
    SEED CONFIGS   230000 CPU TIME              125.386
    SEED CONFIGS   240000 CPU TIME              107.537
    SEED CONFIGS   250000 CPU TIME              134.310
    SEED CONFIGS   260000 CPU TIME               96.068
    SEED CONFIGS   270000 CPU TIME              113.382
    SEED CONFIGS   280000 CPU TIME              117.663
    SEED CONFIGS   290000 CPU TIME               87.741
    SEED CONFIGS   300000 CPU TIME               93.480
    SEED CONFIGS   310000 CPU TIME              125.229
    SEED CONFIGS   320000 CPU TIME               93.647
    SEED CONFIGS   330000 CPU TIME              105.615
    SEED CONFIGS   340000 CPU TIME               93.618
    SEED CONFIGS   350000 CPU TIME               95.092
    SEED CONFIGS   360000 CPU TIME              102.808
    SEED CONFIGS   370000 CPU TIME               85.663
    SEED CONFIGS   380000 CPU TIME              111.447
    SEED CONFIGS   390000 CPU TIME              128.345
    SEED CONFIGS   400000 CPU TIME              123.465
    SEED CONFIGS   410000 CPU TIME              165.267
    SEED CONFIGS   420000 CPU TIME              128.669
    SEED CONFIGS   430000 CPU TIME              128.183
    SEED CONFIGS   440000 CPU TIME              127.154
    SEED CONFIGS   450000 CPU TIME              125.766
    SEED CONFIGS   460000 CPU TIME               98.709
    SEED CONFIGS   470000 CPU TIME              105.271
    SEED CONFIGS   480000 CPU TIME               98.176
    SEED CONFIGS   490000 CPU TIME              132.767
    SEED CONFIGS   500000 CPU TIME              120.084
    SEED CONFIGS   510000 CPU TIME              124.874
    SEED CONFIGS   520000 CPU TIME              108.876
    SEED CONFIGS   530000 CPU TIME              117.691
    SEED CONFIGS   540000 CPU TIME              126.262
    SEED CONFIGS   550000 CPU TIME              114.950
    SEED CONFIGS   560000 CPU TIME              123.767
    SEED CONFIGS   570000 CPU TIME              105.465
    SEED CONFIGS   580000 CPU TIME               99.069
    SEED CONFIGS   590000 CPU TIME              119.530
    SEED CONFIGS   600000 CPU TIME              116.310
    SEED CONFIGS   610000 CPU TIME              123.797
    SEED CONFIGS   620000 CPU TIME              182.968
    SEED CONFIGS   630000 CPU TIME              190.645
    SEED CONFIGS   640000 CPU TIME              198.095
    SEED CONFIGS   650000 CPU TIME              214.814
    SEED CONFIGS   660000 CPU TIME              174.488
    SEED CONFIGS   670000 CPU TIME              132.922
    SEED CONFIGS   680000 CPU TIME              154.942
    SEED CONFIGS   690000 CPU TIME              172.374
    SEED CONFIGS   700000 CPU TIME              194.961
    SEED CONFIGS   710000 CPU TIME              166.416
    SEED CONFIGS   720000 CPU TIME              172.318
    SEED CONFIGS   730000 CPU TIME              144.954
    SEED CONFIGS   740000 CPU TIME              162.803
    SEED CONFIGS   750000 CPU TIME              107.188
    SEED CONFIGS   760000 CPU TIME              143.423
    SEED CONFIGS   770000 CPU TIME              116.506
    SEED CONFIGS   780000 CPU TIME              118.339
    SEED CONFIGS   790000 CPU TIME              117.835
    SEED CONFIGS   800000 CPU TIME              115.887
    SEED CONFIGS   810000 CPU TIME              127.998
    SEED CONFIGS   820000 CPU TIME              134.170
    SEED CONFIGS   830000 CPU TIME              122.447
    SEED CONFIGS   840000 CPU TIME              112.979
    SEED CONFIGS   850000 CPU TIME              112.144
    SEED CONFIGS   860000 CPU TIME              114.927
    SEED CONFIGS   870000 CPU TIME              112.746
STEP          9 NEW CONFIGS    1887748 CUMMULATIVE CONFIGS    3047716 CPU TIME            10334.917
    SEED CONFIGS    10000 CPU TIME              119.663
    SEED CONFIGS    20000 CPU TIME              149.421
    SEED CONFIGS    30000 CPU TIME              131.129
    SEED CONFIGS    40000 CPU TIME              129.379
    SEED CONFIGS    50000 CPU TIME              118.469
    SEED CONFIGS    60000 CPU TIME              119.363
    SEED CONFIGS    70000 CPU TIME              135.225
    SEED CONFIGS    80000 CPU TIME              133.520
    SEED CONFIGS    90000 CPU TIME              124.240
    SEED CONFIGS   100000 CPU TIME              131.589
    SEED CONFIGS   110000 CPU TIME              156.188
    SEED CONFIGS   120000 CPU TIME              132.238
    SEED CONFIGS   130000 CPU TIME              127.940
    SEED CONFIGS   140000 CPU TIME              134.980
    SEED CONFIGS   150000 CPU TIME              124.269
    SEED CONFIGS   160000 CPU TIME              124.442
    SEED CONFIGS   170000 CPU TIME              125.346
    SEED CONFIGS   180000 CPU TIME              140.275
    SEED CONFIGS   190000 CPU TIME              144.502
    SEED CONFIGS   200000 CPU TIME              123.514
    SEED CONFIGS   210000 CPU TIME              139.509
    SEED CONFIGS   220000 CPU TIME              136.099
    SEED CONFIGS   230000 CPU TIME              150.463
    SEED CONFIGS   240000 CPU TIME              137.068
    SEED CONFIGS   250000 CPU TIME              139.133
    SEED CONFIGS   260000 CPU TIME              142.109
    SEED CONFIGS   270000 CPU TIME              135.756
    SEED CONFIGS   280000 CPU TIME              133.182
    SEED CONFIGS   290000 CPU TIME              200.018
    SEED CONFIGS   300000 CPU TIME              158.171
    SEED CONFIGS   310000 CPU TIME              130.313
    SEED CONFIGS   320000 CPU TIME              149.545
    SEED CONFIGS   330000 CPU TIME              195.596
    SEED CONFIGS   340000 CPU TIME              183.997
    SEED CONFIGS   350000 CPU TIME              179.875
    SEED CONFIGS   360000 CPU TIME              211.391
    SEED CONFIGS   370000 CPU TIME              252.150
    SEED CONFIGS   380000 CPU TIME              197.389
    SEED CONFIGS   390000 CPU TIME              164.057
    SEED CONFIGS   400000 CPU TIME              231.766
    SEED CONFIGS   410000 CPU TIME              205.297
    SEED CONFIGS   420000 CPU TIME              201.906
    SEED CONFIGS   430000 CPU TIME              168.654
    SEED CONFIGS   440000 CPU TIME              203.697
    SEED CONFIGS   450000 CPU TIME              207.984
    SEED CONFIGS   460000 CPU TIME              221.887
    SEED CONFIGS   470000 CPU TIME              166.053
    SEED CONFIGS   480000 CPU TIME              136.928
    SEED CONFIGS   490000 CPU TIME              220.459
    SEED CONFIGS   500000 CPU TIME              145.092
    SEED CONFIGS   510000 CPU TIME              179.111
    SEED CONFIGS   520000 CPU TIME              168.041
    SEED CONFIGS   530000 CPU TIME              167.260
    SEED CONFIGS   540000 CPU TIME              172.375
    SEED CONFIGS   550000 CPU TIME              214.840
    SEED CONFIGS   560000 CPU TIME              245.398
    SEED CONFIGS   570000 CPU TIME              249.762
    SEED CONFIGS   580000 CPU TIME              329.660
    SEED CONFIGS   590000 CPU TIME              342.396
    SEED CONFIGS   600000 CPU TIME              195.961
    SEED CONFIGS   610000 CPU TIME              336.604
    SEED CONFIGS   620000 CPU TIME              393.229
    SEED CONFIGS   630000 CPU TIME              340.785
    SEED CONFIGS   640000 CPU TIME              170.844
    SEED CONFIGS   650000 CPU TIME              159.021
    SEED CONFIGS   660000 CPU TIME              128.221
    SEED CONFIGS   670000 CPU TIME              141.316
    SEED CONFIGS   680000 CPU TIME              209.812
    SEED CONFIGS   690000 CPU TIME              149.061
    SEED CONFIGS   700000 CPU TIME              158.350
    SEED CONFIGS   710000 CPU TIME              150.252
    SEED CONFIGS   720000 CPU TIME              203.787
    SEED CONFIGS   730000 CPU TIME              164.693
    SEED CONFIGS   740000 CPU TIME              240.656
    SEED CONFIGS   750000 CPU TIME              221.654
    SEED CONFIGS   760000 CPU TIME              219.189
    SEED CONFIGS   770000 CPU TIME              215.154
    SEED CONFIGS   780000 CPU TIME              226.018
    SEED CONFIGS   790000 CPU TIME              199.559
    SEED CONFIGS   800000 CPU TIME              200.219
    SEED CONFIGS   810000 CPU TIME              186.479
    SEED CONFIGS   820000 CPU TIME              140.189
    SEED CONFIGS   830000 CPU TIME              146.506
    SEED CONFIGS   840000 CPU TIME              163.857
    SEED CONFIGS   850000 CPU TIME              168.193
    SEED CONFIGS   860000 CPU TIME              154.053
    SEED CONFIGS   870000 CPU TIME              190.939
    SEED CONFIGS   880000 CPU TIME              166.062
    SEED CONFIGS   890000 CPU TIME              189.002
    SEED CONFIGS   900000 CPU TIME              185.041
    SEED CONFIGS   910000 CPU TIME              155.859
    SEED CONFIGS   920000 CPU TIME              192.301
    SEED CONFIGS   930000 CPU TIME              158.162
    SEED CONFIGS   940000 CPU TIME              162.824
    SEED CONFIGS   950000 CPU TIME              199.082
    SEED CONFIGS   960000 CPU TIME              151.330
    SEED CONFIGS   970000 CPU TIME              170.736
    SEED CONFIGS   980000 CPU TIME              179.822
    SEED CONFIGS   990000 CPU TIME              175.941
    SEED CONFIGS  1000000 CPU TIME              188.029
    SEED CONFIGS  1010000 CPU TIME              183.035
    SEED CONFIGS  1020000 CPU TIME              163.090
    SEED CONFIGS  1030000 CPU TIME              179.463
    SEED CONFIGS  1040000 CPU TIME              175.904
    SEED CONFIGS  1050000 CPU TIME              171.588
    SEED CONFIGS  1060000 CPU TIME              173.113
    SEED CONFIGS  1070000 CPU TIME              180.537
    SEED CONFIGS  1080000 CPU TIME              210.537
    SEED CONFIGS  1090000 CPU TIME              159.477
    SEED CONFIGS  1100000 CPU TIME              180.232
    SEED CONFIGS  1110000 CPU TIME              185.355
    SEED CONFIGS  1120000 CPU TIME              165.900
    SEED CONFIGS  1130000 CPU TIME              204.654
    SEED CONFIGS  1140000 CPU TIME              181.600
    SEED CONFIGS  1150000 CPU TIME              238.068
    SEED CONFIGS  1160000 CPU TIME              242.311
    SEED CONFIGS  1170000 CPU TIME              208.074
    SEED CONFIGS  1180000 CPU TIME              212.902
    SEED CONFIGS  1190000 CPU TIME              184.721
    SEED CONFIGS  1200000 CPU TIME              199.898
    SEED CONFIGS  1210000 CPU TIME              215.820
    SEED CONFIGS  1220000 CPU TIME              251.309
    SEED CONFIGS  1230000 CPU TIME              229.848
    SEED CONFIGS  1240000 CPU TIME              182.875
    SEED CONFIGS  1250000 CPU TIME              274.273
    SEED CONFIGS  1260000 CPU TIME              246.711
    SEED CONFIGS  1270000 CPU TIME              239.266
    SEED CONFIGS  1280000 CPU TIME              200.523
    SEED CONFIGS  1290000 CPU TIME              187.707
    SEED CONFIGS  1300000 CPU TIME              181.375
    SEED CONFIGS  1310000 CPU TIME              171.355
    SEED CONFIGS  1320000 CPU TIME              180.973
    SEED CONFIGS  1330000 CPU TIME              231.406
    SEED CONFIGS  1340000 CPU TIME              190.477
    SEED CONFIGS  1350000 CPU TIME              202.633
    SEED CONFIGS  1360000 CPU TIME              212.527
    SEED CONFIGS  1370000 CPU TIME              219.590
    SEED CONFIGS  1380000 CPU TIME              203.926
    SEED CONFIGS  1390000 CPU TIME              217.148
    SEED CONFIGS  1400000 CPU TIME              197.797
    SEED CONFIGS  1410000 CPU TIME              218.355
    SEED CONFIGS  1420000 CPU TIME              193.566
    SEED CONFIGS  1430000 CPU TIME              192.395
    SEED CONFIGS  1440000 CPU TIME              219.648
    SEED CONFIGS  1450000 CPU TIME              165.973
    SEED CONFIGS  1460000 CPU TIME              205.129
    SEED CONFIGS  1470000 CPU TIME              208.637
    SEED CONFIGS  1480000 CPU TIME              192.230
    SEED CONFIGS  1490000 CPU TIME              193.805
    SEED CONFIGS  1500000 CPU TIME              179.484
    SEED CONFIGS  1510000 CPU TIME              233.984
    SEED CONFIGS  1520000 CPU TIME              210.637
    SEED CONFIGS  1530000 CPU TIME              184.379
    SEED CONFIGS  1540000 CPU TIME              165.246
    SEED CONFIGS  1550000 CPU TIME              176.246
    SEED CONFIGS  1560000 CPU TIME              182.059
    SEED CONFIGS  1570000 CPU TIME              170.617
    SEED CONFIGS  1580000 CPU TIME              199.004
    SEED CONFIGS  1590000 CPU TIME              178.625
    SEED CONFIGS  1600000 CPU TIME              181.828
    SEED CONFIGS  1610000 CPU TIME              194.559
    SEED CONFIGS  1620000 CPU TIME              248.715
    SEED CONFIGS  1630000 CPU TIME              167.039
    SEED CONFIGS  1640000 CPU TIME              235.066
    SEED CONFIGS  1650000 CPU TIME              288.676
    SEED CONFIGS  1660000 CPU TIME              236.742
    SEED CONFIGS  1670000 CPU TIME              199.758
    SEED CONFIGS  1680000 CPU TIME              237.676
    SEED CONFIGS  1690000 CPU TIME              244.316
    SEED CONFIGS  1700000 CPU TIME              276.430
    SEED CONFIGS  1710000 CPU TIME              230.668
    SEED CONFIGS  1720000 CPU TIME              261.809
    SEED CONFIGS  1730000 CPU TIME              199.566
    SEED CONFIGS  1740000 CPU TIME              247.000
    SEED CONFIGS  1750000 CPU TIME              272.488
    SEED CONFIGS  1760000 CPU TIME              238.969
    SEED CONFIGS  1770000 CPU TIME              249.180
    SEED CONFIGS  1780000 CPU TIME              247.340
    SEED CONFIGS  1790000 CPU TIME              200.469
    SEED CONFIGS  1800000 CPU TIME              311.656
    SEED CONFIGS  1810000 CPU TIME              296.602
    SEED CONFIGS  1820000 CPU TIME              278.578
    SEED CONFIGS  1830000 CPU TIME              266.914
    SEED CONFIGS  1840000 CPU TIME              298.656
    SEED CONFIGS  1850000 CPU TIME              314.301
    SEED CONFIGS  1860000 CPU TIME              277.680
    SEED CONFIGS  1870000 CPU TIME              292.012
    SEED CONFIGS  1880000 CPU TIME              307.789
STEP         10 NEW CONFIGS     623800 CUMMULATIVE CONFIGS    3671516 CPU TIME            36974.676
    SEED CONFIGS    10000 CPU TIME              248.500
    SEED CONFIGS    20000 CPU TIME              302.539
    SEED CONFIGS    30000 CPU TIME              240.906
    SEED CONFIGS    40000 CPU TIME              273.406
    SEED CONFIGS    50000 CPU TIME              255.449
    SEED CONFIGS    60000 CPU TIME              283.277
    SEED CONFIGS    70000 CPU TIME              260.516
    SEED CONFIGS    80000 CPU TIME              309.531
    SEED CONFIGS    90000 CPU TIME              186.910
    SEED CONFIGS   100000 CPU TIME              279.207
    SEED CONFIGS   110000 CPU TIME              232.336
    SEED CONFIGS   120000 CPU TIME              241.320
    SEED CONFIGS   130000 CPU TIME              237.086
    SEED CONFIGS   140000 CPU TIME              283.453
    SEED CONFIGS   150000 CPU TIME              229.004
    SEED CONFIGS   160000 CPU TIME              297.977
    SEED CONFIGS   170000 CPU TIME              185.074
    SEED CONFIGS   180000 CPU TIME              344.961
    SEED CONFIGS   190000 CPU TIME              259.648
    SEED CONFIGS   200000 CPU TIME              282.086
    SEED CONFIGS   210000 CPU TIME              327.461
    SEED CONFIGS   220000 CPU TIME              267.680
    SEED CONFIGS   230000 CPU TIME              248.504
    SEED CONFIGS   240000 CPU TIME              233.777
    SEED CONFIGS   250000 CPU TIME              222.133
    SEED CONFIGS   260000 CPU TIME              304.789
    SEED CONFIGS   270000 CPU TIME              305.625
    SEED CONFIGS   280000 CPU TIME              251.039
    SEED CONFIGS   290000 CPU TIME              243.031
    SEED CONFIGS   300000 CPU TIME              317.168
    SEED CONFIGS   310000 CPU TIME              266.742
    SEED CONFIGS   320000 CPU TIME              253.805
    SEED CONFIGS   330000 CPU TIME              321.105
    SEED CONFIGS   340000 CPU TIME              288.922
    SEED CONFIGS   350000 CPU TIME              294.641
    SEED CONFIGS   360000 CPU TIME              334.711
    SEED CONFIGS   370000 CPU TIME              269.871
    SEED CONFIGS   380000 CPU TIME              306.418
    SEED CONFIGS   390000 CPU TIME              305.020
    SEED CONFIGS   400000 CPU TIME              303.266
    SEED CONFIGS   410000 CPU TIME              311.473
    SEED CONFIGS   420000 CPU TIME              249.359
    SEED CONFIGS   430000 CPU TIME              280.020
    SEED CONFIGS   440000 CPU TIME              242.320
    SEED CONFIGS   450000 CPU TIME              272.910
    SEED CONFIGS   460000 CPU TIME              305.926
    SEED CONFIGS   470000 CPU TIME              223.129
    SEED CONFIGS   480000 CPU TIME              257.191
    SEED CONFIGS   490000 CPU TIME              247.277
    SEED CONFIGS   500000 CPU TIME              347.293
    SEED CONFIGS   510000 CPU TIME              379.504
    SEED CONFIGS   520000 CPU TIME              286.980
    SEED CONFIGS   530000 CPU TIME              255.336
    SEED CONFIGS   540000 CPU TIME              374.055
    SEED CONFIGS   550000 CPU TIME              277.027
    SEED CONFIGS   560000 CPU TIME              357.258
    SEED CONFIGS   570000 CPU TIME              301.074
    SEED CONFIGS   580000 CPU TIME              328.633
    SEED CONFIGS   590000 CPU TIME              417.828
    SEED CONFIGS   600000 CPU TIME              289.199
    SEED CONFIGS   610000 CPU TIME              337.027
    SEED CONFIGS   620000 CPU TIME              253.500
STEP         11 NEW CONFIGS       2644 CUMMULATIVE CONFIGS    3674160 (CONVERGED) CPU TIME            17632.340
