2X2X2 RUBIK'S CUBE CONFIGURATION GENERATION
1: QUARTER-TURN METRIC; 2: HALF-TURN METRIC; 3: SEMI-QUARTER-TURN METRIC; 4: TWO-QUARTER-TURN METRIC
3
SEMI-QUARTER-TURN METRIC
1: BISECTION SEARCH IN SORTED LIST; 2: SEQUENTIAL SEARCH IN UNSORTED LIST
1
BISECTION SEARCH IN SORTED LIST
TOTAL NUMBER OF CONFIGURATIONS = 3674160
STEP          0 NEW CONFIGS          1 CUMMULATIVE CONFIGS          1
STEP          1 NEW CONFIGS          3 CUMMULATIVE CONFIGS          4 CPU TIME                0.008
DISTANCE 0 FOUND 0
DISTANCE 1 FOUND 0
SUM 3 = 3 X 1
STEP          2 NEW CONFIGS          9 CUMMULATIVE CONFIGS         13 CPU TIME                0.001
DISTANCE 0 FOUND 0
DISTANCE 1 FOUND 0
DISTANCE 2 FOUND 0
SUM 9 = 3 X 3
STEP          3 NEW CONFIGS         27 CUMMULATIVE CONFIGS         40 CPU TIME                0.001
DISTANCE 0 FOUND 0
DISTANCE 1 FOUND 0
DISTANCE 2 FOUND 0
DISTANCE 3 FOUND 0
SUM 27 = 3 X 9
STEP          4 NEW CONFIGS         78 CUMMULATIVE CONFIGS        118 CPU TIME                0.001
DISTANCE 0 FOUND 3
DISTANCE 1 FOUND 0
DISTANCE 2 FOUND 0
DISTANCE 3 FOUND 0
DISTANCE 4 FOUND 0
SUM 81 = 3 X 27
STEP          5 NEW CONFIGS        216 CUMMULATIVE CONFIGS        334 CPU TIME                0.001
DISTANCE 0 FOUND 0
DISTANCE 1 FOUND 6
DISTANCE 2 FOUND 0
DISTANCE 3 FOUND 0
DISTANCE 4 FOUND 0
DISTANCE 5 FOUND 12
SUM 234 = 3 X 78
STEP          6 NEW CONFIGS        583 CUMMULATIVE CONFIGS        917 CPU TIME                0.002
DISTANCE 0 FOUND 0
DISTANCE 1 FOUND 0
DISTANCE 2 FOUND 18
DISTANCE 3 FOUND 0
DISTANCE 4 FOUND 0
DISTANCE 5 FOUND 0
DISTANCE 6 FOUND 47
SUM 648 = 3 X 216
STEP          7 NEW CONFIGS       1546 CUMMULATIVE CONFIGS       2463 CPU TIME                0.005
DISTANCE 0 FOUND 0
DISTANCE 1 FOUND 0
DISTANCE 2 FOUND 0
DISTANCE 3 FOUND 54
DISTANCE 4 FOUND 0
DISTANCE 5 FOUND 0
DISTANCE 6 FOUND 0
DISTANCE 7 FOUND 149
SUM 1749 = 3 X 583
STEP          8 NEW CONFIGS       4035 CUMMULATIVE CONFIGS       6498 CPU TIME                0.026
DISTANCE 0 FOUND 0
DISTANCE 1 FOUND 0
DISTANCE 2 FOUND 0
DISTANCE 3 FOUND 0
DISTANCE 4 FOUND 156
DISTANCE 5 FOUND 0
DISTANCE 6 FOUND 3
DISTANCE 7 FOUND 0
DISTANCE 8 FOUND 444
SUM 4638 = 3 X 1546
STEP          9 NEW CONFIGS      10320 CUMMULATIVE CONFIGS      16818 CPU TIME                0.167
DISTANCE 0 FOUND 0
DISTANCE 1 FOUND 0
DISTANCE 2 FOUND 0
DISTANCE 3 FOUND 0
DISTANCE 4 FOUND 0
DISTANCE 5 FOUND 420
DISTANCE 6 FOUND 0
DISTANCE 7 FOUND 69
DISTANCE 8 FOUND 0
DISTANCE 9 FOUND 1296
SUM 12105 = 3 X 4035
STEP         10 NEW CONFIGS      25824 CUMMULATIVE CONFIGS      42642 CPU TIME                1.068
DISTANCE 0 FOUND 0
DISTANCE 1 FOUND 0
DISTANCE 2 FOUND 0
DISTANCE 3 FOUND 0
DISTANCE 4 FOUND 0
DISTANCE 5 FOUND 0
DISTANCE 6 FOUND 1116
DISTANCE 7 FOUND 0
DISTANCE 8 FOUND 222
DISTANCE 9 FOUND 0
DISTANCE 10 FOUND 3798
SUM 30960 = 3 X 10320
STEP         11 NEW CONFIGS      62832 CUMMULATIVE CONFIGS     105474 CPU TIME                6.192
DISTANCE 0 FOUND 0
DISTANCE 1 FOUND 0
DISTANCE 2 FOUND 0
DISTANCE 3 FOUND 0
DISTANCE 4 FOUND 0
DISTANCE 5 FOUND 0
DISTANCE 6 FOUND 0
DISTANCE 7 FOUND 2874
DISTANCE 8 FOUND 0
DISTANCE 9 FOUND 984
DISTANCE 10 FOUND 0
DISTANCE 11 FOUND 10782
SUM 77472 = 3 X 25824
STEP         12 NEW CONFIGS     146322 CUMMULATIVE CONFIGS     251796 CPU TIME               36.799
DISTANCE 0 FOUND 0
DISTANCE 1 FOUND 0
DISTANCE 2 FOUND 0
DISTANCE 3 FOUND 0
DISTANCE 4 FOUND 0
DISTANCE 5 FOUND 0
DISTANCE 6 FOUND 0
DISTANCE 7 FOUND 0
DISTANCE 8 FOUND 7404
DISTANCE 9 FOUND 0
DISTANCE 10 FOUND 3870
DISTANCE 11 FOUND 0
DISTANCE 12 FOUND 30900
SUM 188496 = 3 X 62832
STEP         13 NEW CONFIGS     321876 CUMMULATIVE CONFIGS     573672 CPU TIME              191.354
DISTANCE 0 FOUND 0
DISTANCE 1 FOUND 0
DISTANCE 2 FOUND 0
DISTANCE 3 FOUND 0
DISTANCE 4 FOUND 0
DISTANCE 5 FOUND 0
DISTANCE 6 FOUND 0
DISTANCE 7 FOUND 0
DISTANCE 8 FOUND 0
DISTANCE 9 FOUND 18360
DISTANCE 10 FOUND 0
DISTANCE 11 FOUND 14334
DISTANCE 12 FOUND 0
DISTANCE 13 FOUND 84396
SUM 438966 = 3 X 146322
STEP         14 NEW CONFIGS     635632 CUMMULATIVE CONFIGS    1209304 CPU TIME              814.759
DISTANCE 0 FOUND 0
DISTANCE 1 FOUND 0
DISTANCE 2 FOUND 0
DISTANCE 3 FOUND 0
DISTANCE 4 FOUND 0
DISTANCE 5 FOUND 0
DISTANCE 6 FOUND 0
DISTANCE 7 FOUND 0
DISTANCE 8 FOUND 0
DISTANCE 9 FOUND 0
DISTANCE 10 FOUND 43980
DISTANCE 11 FOUND 0
DISTANCE 12 FOUND 51840
DISTANCE 13 FOUND 0
DISTANCE 14 FOUND 234176
SUM 965628 = 3 X 321876
STEP         15 NEW CONFIGS     988788 CUMMULATIVE CONFIGS    2198092 CPU TIME             2404.826
DISTANCE 0 FOUND 0
DISTANCE 1 FOUND 0
DISTANCE 2 FOUND 0
DISTANCE 3 FOUND 0
DISTANCE 4 FOUND 0
DISTANCE 5 FOUND 0
DISTANCE 6 FOUND 0
DISTANCE 7 FOUND 0
DISTANCE 8 FOUND 0
DISTANCE 9 FOUND 0
DISTANCE 10 FOUND 0
DISTANCE 11 FOUND 100548
DISTANCE 12 FOUND 0
DISTANCE 13 FOUND 200244
DISTANCE 14 FOUND 0
DISTANCE 15 FOUND 617316
SUM 1906896 = 3 X 635632
STEP         16 NEW CONFIGS     958176 CUMMULATIVE CONFIGS    3156268 CPU TIME             3651.059
DISTANCE 0 FOUND 0
DISTANCE 1 FOUND 0
DISTANCE 2 FOUND 0
DISTANCE 3 FOUND 0
DISTANCE 4 FOUND 0
DISTANCE 5 FOUND 0
DISTANCE 6 FOUND 0
DISTANCE 7 FOUND 0
DISTANCE 8 FOUND 0
DISTANCE 9 FOUND 0
DISTANCE 10 FOUND 0
DISTANCE 11 FOUND 0
DISTANCE 12 FOUND 209904
DISTANCE 13 FOUND 0
DISTANCE 14 FOUND 669984
DISTANCE 15 FOUND 0
DISTANCE 16 FOUND 1128300
SUM 2966364 = 3 X 988788
STEP         17 NEW CONFIGS     450280 CUMMULATIVE CONFIGS    3606548 CPU TIME             2179.036
DISTANCE 0 FOUND 0
DISTANCE 1 FOUND 0
DISTANCE 2 FOUND 0
DISTANCE 3 FOUND 0
DISTANCE 4 FOUND 0
DISTANCE 5 FOUND 0
DISTANCE 6 FOUND 0
DISTANCE 7 FOUND 0
DISTANCE 8 FOUND 0
DISTANCE 9 FOUND 0
DISTANCE 10 FOUND 0
DISTANCE 11 FOUND 0
DISTANCE 12 FOUND 0
DISTANCE 13 FOUND 359112
DISTANCE 14 FOUND 0
DISTANCE 15 FOUND 1252176
DISTANCE 16 FOUND 0
DISTANCE 17 FOUND 812960
SUM 2874528 = 3 X 958176
STEP         18 NEW CONFIGS      66420 CUMMULATIVE CONFIGS    3672968 CPU TIME              351.149
DISTANCE 0 FOUND 0
DISTANCE 1 FOUND 0
DISTANCE 2 FOUND 0
DISTANCE 3 FOUND 0
DISTANCE 4 FOUND 0
DISTANCE 5 FOUND 0
DISTANCE 6 FOUND 0
DISTANCE 7 FOUND 0
DISTANCE 8 FOUND 0
DISTANCE 9 FOUND 0
DISTANCE 10 FOUND 0
DISTANCE 11 FOUND 0
DISTANCE 12 FOUND 0
DISTANCE 13 FOUND 0
DISTANCE 14 FOUND 367104
DISTANCE 15 FOUND 0
DISTANCE 16 FOUND 785208
DISTANCE 17 FOUND 0
DISTANCE 18 FOUND 132108
SUM 1350840 = 3 X 450280
STEP         19 NEW CONFIGS       1192 CUMMULATIVE CONFIGS    3674160 CPU TIME                6.938
DISTANCE 0 FOUND 0
DISTANCE 1 FOUND 0
DISTANCE 2 FOUND 0
DISTANCE 3 FOUND 0
DISTANCE 4 FOUND 0
DISTANCE 5 FOUND 0
DISTANCE 6 FOUND 0
DISTANCE 7 FOUND 0
DISTANCE 8 FOUND 0
DISTANCE 9 FOUND 0
DISTANCE 10 FOUND 0
DISTANCE 11 FOUND 0
DISTANCE 12 FOUND 0
DISTANCE 13 FOUND 0
DISTANCE 14 FOUND 0
DISTANCE 15 FOUND 108084
DISTANCE 16 FOUND 0
DISTANCE 17 FOUND 87600
DISTANCE 18 FOUND 0
DISTANCE 19 FOUND 2384
SUM 199260 = 3 X 66420
POST-ENUMERATION ANALYSIS
RADIUS = 19
DISTANCE 0
   1-TURN 0
   2-TURN 0
   3-TURN 0
   SUM 0
DISTANCE 1
   1-TURN 1
   2-TURN 1
   3-TURN 1
   SUM 3
DISTANCE 2
   1-TURN 6
   2-TURN 6
   3-TURN 6
   SUM 18
DISTANCE 3
   1-TURN 27
   2-TURN 27
   3-TURN 27
   SUM 81
DISTANCE 4
   1-TURN 104
   2-TURN 104
   3-TURN 104
   SUM 312
DISTANCE 5
   1-TURN 363
   2-TURN 362
   3-TURN 355
   SUM 1080
DISTANCE 6
   1-TURN 1190
   2-TURN 1175
   3-TURN 1133
   SUM 3498
DISTANCE 7
   1-TURN 3715
   2-TURN 3640
   3-TURN 3467
   SUM 10822
DISTANCE 8
   1-TURN 11145
   2-TURN 10866
   3-TURN 10269
   SUM 32280
DISTANCE 9
   1-TURN 32257
   2-TURN 31236
   3-TURN 29387
   SUM 92880
DISTANCE 10
   1-TURN 90162
   2-TURN 86738
   3-TURN 81340
   SUM 258240
DISTANCE 11
   1-TURN 242435
   2-TURN 231809
   3-TURN 216908
   SUM 691152
DISTANCE 12
   1-TURN 619412
   2-TURN 587746
   3-TURN 548706
   SUM 1755864
DISTANCE 13
   1-TURN 1484824
   2-TURN 1397416
   3-TURN 1302148
   SUM 4184388
DISTANCE 14
   1-TURN 3189504
   2-TURN 2963241
   3-TURN 2746103
   SUM 8898848
DISTANCE 15
   1-TURN 5430664
   2-TURN 4907667
   3-TURN 4493489
   SUM 14831820
DISTANCE 16
   1-TURN 5868393
   2-TURN 4981954
   3-TURN 4480469
   SUM 15330816
DISTANCE 17
   1-TURN 3116504
   2-TURN 2402146
   3-TURN 2136110
   SUM 7654760
DISTANCE 18
   1-TURN 511334
   2-TURN 364530
   3-TURN 319696
   SUM 1195560
DISTANCE 19
   1-TURN 9988
   2-TURN 6849
   3-TURN 5811
   SUM 22648
SUM 54965070
TOTAL
   1-TURN 20612028
   2-TURN 17977513
   3-TURN 16375529
SUM 54965070
SUM 54965070
fort.31 CONTAINS I,LIST(I),DIST(I),TURN(I)
