2X2X2 RUBIK'S CUBE CONFIGURATION GENERATION
1: QUARTER-TURN METRIC; 2: HALF-TURN METRIC
1
QUARTER-TURN METRIC
BISECTION SEARCH IN SORTED LIST
TOTAL NUMBER OF CONFIGURATIONS = 3674160
STEP          0 NEW CONFIGS          0 CUMMULATIVE CONFIGS          1
STEP          1 NEW CONFIGS          6 CUMMULATIVE CONFIGS          7 CPU TIME                0.004
STEP          2 NEW CONFIGS         27 CUMMULATIVE CONFIGS         34 CPU TIME                0.001
STEP          3 NEW CONFIGS        120 CUMMULATIVE CONFIGS        154 CPU TIME                0.001
STEP          4 NEW CONFIGS        534 CUMMULATIVE CONFIGS        688 CPU TIME                0.001
STEP          5 NEW CONFIGS       2256 CUMMULATIVE CONFIGS       2944 CPU TIME                0.006
STEP          6 NEW CONFIGS       8969 CUMMULATIVE CONFIGS      11913 CPU TIME                0.071
STEP          7 NEW CONFIGS      33058 CUMMULATIVE CONFIGS      44971 CPU TIME                0.993
STEP          8 NEW CONFIGS     114149 CUMMULATIVE CONFIGS     159120 CPU TIME               12.190
    SEED CONFIGS    10000 CPU TIME                6.329
    SEED CONFIGS    20000 CPU TIME                8.049
    SEED CONFIGS    30000 CPU TIME                9.520
    SEED CONFIGS    40000 CPU TIME               11.180
    SEED CONFIGS    50000 CPU TIME               11.531
    SEED CONFIGS    60000 CPU TIME               13.321
    SEED CONFIGS    70000 CPU TIME               13.759
    SEED CONFIGS    80000 CPU TIME               14.433
    SEED CONFIGS    90000 CPU TIME               15.060
    SEED CONFIGS   100000 CPU TIME               16.451
    SEED CONFIGS   110000 CPU TIME               16.641
STEP          9 NEW CONFIGS     360508 CUMMULATIVE CONFIGS     519628 CPU TIME              143.201
    SEED CONFIGS    10000 CPU TIME               20.900
    SEED CONFIGS    20000 CPU TIME               21.177
    SEED CONFIGS    30000 CPU TIME               22.969
    SEED CONFIGS    40000 CPU TIME               22.354
    SEED CONFIGS    50000 CPU TIME               23.838
    SEED CONFIGS    60000 CPU TIME               23.289
    SEED CONFIGS    70000 CPU TIME               25.636
    SEED CONFIGS    80000 CPU TIME               25.676
    SEED CONFIGS    90000 CPU TIME               25.845
    SEED CONFIGS   100000 CPU TIME               28.642
    SEED CONFIGS   110000 CPU TIME               29.834
    SEED CONFIGS   120000 CPU TIME               29.447
    SEED CONFIGS   130000 CPU TIME               28.326
    SEED CONFIGS   140000 CPU TIME               29.688
    SEED CONFIGS   150000 CPU TIME               30.415
    SEED CONFIGS   160000 CPU TIME               30.609
    SEED CONFIGS   170000 CPU TIME               31.537
    SEED CONFIGS   180000 CPU TIME               33.104
    SEED CONFIGS   190000 CPU TIME               32.598
    SEED CONFIGS   200000 CPU TIME               31.966
    SEED CONFIGS   210000 CPU TIME               32.187
    SEED CONFIGS   220000 CPU TIME               32.397
    SEED CONFIGS   230000 CPU TIME               33.339
    SEED CONFIGS   240000 CPU TIME               33.544
    SEED CONFIGS   250000 CPU TIME               32.802
    SEED CONFIGS   260000 CPU TIME               32.296
    SEED CONFIGS   270000 CPU TIME               33.322
    SEED CONFIGS   280000 CPU TIME               35.000     SEED CONFIGS   290000 CPU TIME               36.264
    SEED CONFIGS   300000 CPU TIME               34.220
    SEED CONFIGS   310000 CPU TIME               33.409
    SEED CONFIGS   320000 CPU TIME               32.058
    SEED CONFIGS   330000 CPU TIME               31.646
    SEED CONFIGS   340000 CPU TIME               33.027
    SEED CONFIGS   350000 CPU TIME               33.940
    SEED CONFIGS   360000 CPU TIME               32.793
STEP         10 NEW CONFIGS     930588 CUMMULATIVE CONFIGS    1450216 CPU TIME             1081.581
    SEED CONFIGS    10000 CPU TIME               51.432
    SEED CONFIGS    20000 CPU TIME               48.842
    SEED CONFIGS    30000 CPU TIME               51.201
    SEED CONFIGS    40000 CPU TIME               48.189
    SEED CONFIGS    50000 CPU TIME               48.301
    SEED CONFIGS    60000 CPU TIME               51.309
    SEED CONFIGS    70000 CPU TIME               50.056
    SEED CONFIGS    80000 CPU TIME               52.021
    SEED CONFIGS    90000 CPU TIME               53.389
    SEED CONFIGS   100000 CPU TIME               51.333
    SEED CONFIGS   110000 CPU TIME               48.450
    SEED CONFIGS   120000 CPU TIME               51.618
    SEED CONFIGS   130000 CPU TIME               49.506
    SEED CONFIGS   140000 CPU TIME               52.311
    SEED CONFIGS   150000 CPU TIME               51.795
    SEED CONFIGS   160000 CPU TIME               51.797
    SEED CONFIGS   170000 CPU TIME               49.946
    SEED CONFIGS   180000 CPU TIME               48.842
    SEED CONFIGS   190000 CPU TIME               51.482
    SEED CONFIGS   200000 CPU TIME               51.156
    SEED CONFIGS   210000 CPU TIME               52.490
    SEED CONFIGS   220000 CPU TIME               51.209
    SEED CONFIGS   230000 CPU TIME               48.160
    SEED CONFIGS   240000 CPU TIME               48.762
    SEED CONFIGS   250000 CPU TIME               49.753
    SEED CONFIGS   260000 CPU TIME               50.010
    SEED CONFIGS   270000 CPU TIME               46.158
    SEED CONFIGS   280000 CPU TIME               48.632
    SEED CONFIGS   290000 CPU TIME               48.186
    SEED CONFIGS   300000 CPU TIME               49.322
    SEED CONFIGS   310000 CPU TIME               47.966
    SEED CONFIGS   320000 CPU TIME               46.690
    SEED CONFIGS   330000 CPU TIME               46.714
    SEED CONFIGS   340000 CPU TIME               48.102
    SEED CONFIGS   350000 CPU TIME               45.176
    SEED CONFIGS   360000 CPU TIME               44.004
    SEED CONFIGS   370000 CPU TIME               43.263
    SEED CONFIGS   380000 CPU TIME               44.422
    SEED CONFIGS   390000 CPU TIME               43.056
    SEED CONFIGS   400000 CPU TIME               44.468
    SEED CONFIGS   410000 CPU TIME               41.501
    SEED CONFIGS   420000 CPU TIME               41.295
    SEED CONFIGS   430000 CPU TIME               40.734
    SEED CONFIGS   440000 CPU TIME               40.362
    SEED CONFIGS   450000 CPU TIME               39.877
    SEED CONFIGS   460000 CPU TIME               41.287
    SEED CONFIGS   470000 CPU TIME               38.275
    SEED CONFIGS   480000 CPU TIME               38.701
    SEED CONFIGS   490000 CPU TIME               37.224
    SEED CONFIGS   500000 CPU TIME               37.924
    SEED CONFIGS   510000 CPU TIME               37.462
    SEED CONFIGS   520000 CPU TIME               36.940
    SEED CONFIGS   530000 CPU TIME               36.066
    SEED CONFIGS   540000 CPU TIME               35.411
    SEED CONFIGS   550000 CPU TIME               34.756
    SEED CONFIGS   560000 CPU TIME               32.842
    SEED CONFIGS   570000 CPU TIME               33.834
    SEED CONFIGS   580000 CPU TIME               33.388
    SEED CONFIGS   590000 CPU TIME               30.675
    SEED CONFIGS   600000 CPU TIME               30.747
    SEED CONFIGS   610000 CPU TIME               29.587
    SEED CONFIGS   620000 CPU TIME               29.519
    SEED CONFIGS   630000 CPU TIME               30.700
    SEED CONFIGS   640000 CPU TIME               28.987
    SEED CONFIGS   650000 CPU TIME               28.448
    SEED CONFIGS   660000 CPU TIME               27.115
    SEED CONFIGS   670000 CPU TIME               26.539
    SEED CONFIGS   680000 CPU TIME               25.476
    SEED CONFIGS   690000 CPU TIME               25.024
    SEED CONFIGS   700000 CPU TIME               23.946
    SEED CONFIGS   710000 CPU TIME               24.443
    SEED CONFIGS   720000 CPU TIME               22.366
    SEED CONFIGS   730000 CPU TIME               22.099
    SEED CONFIGS   740000 CPU TIME               23.023
    SEED CONFIGS   750000 CPU TIME               21.119
    SEED CONFIGS   760000 CPU TIME               20.317
    SEED CONFIGS   770000 CPU TIME               21.286
    SEED CONFIGS   780000 CPU TIME               20.231
    SEED CONFIGS   790000 CPU TIME               20.253
    SEED CONFIGS   800000 CPU TIME               19.509
    SEED CONFIGS   810000 CPU TIME               18.378
    SEED CONFIGS   820000 CPU TIME               17.456
    SEED CONFIGS   830000 CPU TIME               16.175
    SEED CONFIGS   840000 CPU TIME               15.886
    SEED CONFIGS   850000 CPU TIME               15.807
    SEED CONFIGS   860000 CPU TIME               14.856
    SEED CONFIGS   870000 CPU TIME               14.203
    SEED CONFIGS   880000 CPU TIME               14.520
    SEED CONFIGS   890000 CPU TIME               13.399
    SEED CONFIGS   900000 CPU TIME               13.700
    SEED CONFIGS   910000 CPU TIME               13.350
    SEED CONFIGS   920000 CPU TIME               12.433
    SEED CONFIGS   930000 CPU TIME               10.603
STEP         11 NEW CONFIGS    1350852 CUMMULATIVE CONFIGS    2801068 CPU TIME             3380.279
    SEED CONFIGS    10000 CPU TIME               62.481
    SEED CONFIGS    20000 CPU TIME               61.028
    SEED CONFIGS    30000 CPU TIME               61.801
    SEED CONFIGS    40000 CPU TIME               59.154
    SEED CONFIGS    50000 CPU TIME               59.502
    SEED CONFIGS    60000 CPU TIME               59.459
    SEED CONFIGS    70000 CPU TIME               61.519
    SEED CONFIGS    80000 CPU TIME               56.458
    SEED CONFIGS    90000 CPU TIME               55.610
    SEED CONFIGS   100000 CPU TIME               56.180
    SEED CONFIGS   110000 CPU TIME               56.145
    SEED CONFIGS   120000 CPU TIME               53.659
    SEED CONFIGS   130000 CPU TIME               56.024
    SEED CONFIGS   140000 CPU TIME               51.595
    SEED CONFIGS   150000 CPU TIME               53.635
    SEED CONFIGS   160000 CPU TIME               54.267
    SEED CONFIGS   170000 CPU TIME               49.439
    SEED CONFIGS   180000 CPU TIME               52.302
    SEED CONFIGS   190000 CPU TIME               52.501
    SEED CONFIGS   200000 CPU TIME               50.547
    SEED CONFIGS   210000 CPU TIME               50.027
    SEED CONFIGS   220000 CPU TIME               47.190
    SEED CONFIGS   230000 CPU TIME               48.276
    SEED CONFIGS   240000 CPU TIME               46.599
    SEED CONFIGS   250000 CPU TIME               47.167
    SEED CONFIGS   260000 CPU TIME               45.115
    SEED CONFIGS   270000 CPU TIME               44.824
    SEED CONFIGS   280000 CPU TIME               43.501
    SEED CONFIGS   290000 CPU TIME               41.015
    SEED CONFIGS   300000 CPU TIME               42.060
    SEED CONFIGS   310000 CPU TIME               42.296
    SEED CONFIGS   320000 CPU TIME               38.022
    SEED CONFIGS   330000 CPU TIME               38.682
    SEED CONFIGS   340000 CPU TIME               37.619
    SEED CONFIGS   350000 CPU TIME               36.195
    SEED CONFIGS   360000 CPU TIME               38.483
    SEED CONFIGS   370000 CPU TIME               36.166
    SEED CONFIGS   380000 CPU TIME               35.724
    SEED CONFIGS   390000 CPU TIME               33.640
    SEED CONFIGS   400000 CPU TIME               34.073
    SEED CONFIGS   410000 CPU TIME               32.984
    SEED CONFIGS   420000 CPU TIME               32.096
    SEED CONFIGS   430000 CPU TIME               31.470
    SEED CONFIGS   440000 CPU TIME               29.404
    SEED CONFIGS   450000 CPU TIME               27.917
    SEED CONFIGS   460000 CPU TIME               26.997
    SEED CONFIGS   470000 CPU TIME               28.176
    SEED CONFIGS   480000 CPU TIME               27.365
    SEED CONFIGS   490000 CPU TIME               26.007
    SEED CONFIGS   500000 CPU TIME               26.185
    SEED CONFIGS   510000 CPU TIME               24.776
    SEED CONFIGS   520000 CPU TIME               24.806
    SEED CONFIGS   530000 CPU TIME               24.624
    SEED CONFIGS   540000 CPU TIME               22.758
    SEED CONFIGS   550000 CPU TIME               22.110
    SEED CONFIGS   560000 CPU TIME               20.647
    SEED CONFIGS   570000 CPU TIME               20.702
    SEED CONFIGS   580000 CPU TIME               20.494
    SEED CONFIGS   590000 CPU TIME               20.145
    SEED CONFIGS   600000 CPU TIME               18.439
    SEED CONFIGS   610000 CPU TIME               17.925
    SEED CONFIGS   620000 CPU TIME               17.095
    SEED CONFIGS   630000 CPU TIME               17.333
    SEED CONFIGS   640000 CPU TIME               15.424
    SEED CONFIGS   650000 CPU TIME               14.657
    SEED CONFIGS   660000 CPU TIME               14.343
    SEED CONFIGS   670000 CPU TIME               17.266
    SEED CONFIGS   680000 CPU TIME               16.017
    SEED CONFIGS   690000 CPU TIME               15.803
    SEED CONFIGS   700000 CPU TIME               15.417
    SEED CONFIGS   710000 CPU TIME               14.805
    SEED CONFIGS   720000 CPU TIME               12.769
    SEED CONFIGS   730000 CPU TIME               13.336
    SEED CONFIGS   740000 CPU TIME               12.968
    SEED CONFIGS   750000 CPU TIME               12.853
    SEED CONFIGS   760000 CPU TIME               12.596
    SEED CONFIGS   770000 CPU TIME               11.884
    SEED CONFIGS   780000 CPU TIME               11.939
    SEED CONFIGS   790000 CPU TIME               10.525
    SEED CONFIGS   800000 CPU TIME                9.926
    SEED CONFIGS   810000 CPU TIME                9.902
    SEED CONFIGS   820000 CPU TIME                9.466
    SEED CONFIGS   830000 CPU TIME                9.035
    SEED CONFIGS   840000 CPU TIME                8.399
    SEED CONFIGS   850000 CPU TIME                8.394
    SEED CONFIGS   860000 CPU TIME                7.847
    SEED CONFIGS   870000 CPU TIME                7.604
    SEED CONFIGS   880000 CPU TIME                7.390
    SEED CONFIGS   890000 CPU TIME                6.410
    SEED CONFIGS   900000 CPU TIME                5.526
    SEED CONFIGS   910000 CPU TIME                5.807
    SEED CONFIGS   920000 CPU TIME                5.809
    SEED CONFIGS   930000 CPU TIME                5.132
    SEED CONFIGS   940000 CPU TIME                4.733
    SEED CONFIGS   950000 CPU TIME                4.451
    SEED CONFIGS   960000 CPU TIME                5.380
    SEED CONFIGS   970000 CPU TIME                5.268
    SEED CONFIGS   980000 CPU TIME                4.892
    SEED CONFIGS   990000 CPU TIME                4.423
    SEED CONFIGS  1000000 CPU TIME                4.202
    SEED CONFIGS  1010000 CPU TIME                4.087
    SEED CONFIGS  1020000 CPU TIME                3.702
    SEED CONFIGS  1030000 CPU TIME                3.573
    SEED CONFIGS  1040000 CPU TIME                3.354
    SEED CONFIGS  1050000 CPU TIME                3.461
    SEED CONFIGS  1060000 CPU TIME                3.023
    SEED CONFIGS  1070000 CPU TIME                2.951
    SEED CONFIGS  1080000 CPU TIME                2.769
    SEED CONFIGS  1090000 CPU TIME                2.265
    SEED CONFIGS  1100000 CPU TIME                2.125
    SEED CONFIGS  1110000 CPU TIME                2.076
    SEED CONFIGS  1120000 CPU TIME                1.924
    SEED CONFIGS  1130000 CPU TIME                1.968
    SEED CONFIGS  1140000 CPU TIME                1.599
    SEED CONFIGS  1150000 CPU TIME                1.380
    SEED CONFIGS  1160000 CPU TIME                1.308
    SEED CONFIGS  1170000 CPU TIME                1.357
    SEED CONFIGS  1180000 CPU TIME                1.384
    SEED CONFIGS  1190000 CPU TIME                1.180
    SEED CONFIGS  1200000 CPU TIME                1.099
    SEED CONFIGS  1210000 CPU TIME                0.894
    SEED CONFIGS  1220000 CPU TIME                0.846
    SEED CONFIGS  1230000 CPU TIME                0.766
    SEED CONFIGS  1240000 CPU TIME                0.570
    SEED CONFIGS  1250000 CPU TIME                0.646
    SEED CONFIGS  1260000 CPU TIME                0.843
    SEED CONFIGS  1270000 CPU TIME                0.685
    SEED CONFIGS  1280000 CPU TIME                0.466
    SEED CONFIGS  1290000 CPU TIME                0.463
    SEED CONFIGS  1300000 CPU TIME                0.357
    SEED CONFIGS  1310000 CPU TIME                0.313
    SEED CONFIGS  1320000 CPU TIME                0.250
    SEED CONFIGS  1330000 CPU TIME                0.227
    SEED CONFIGS  1340000 CPU TIME                0.259
    SEED CONFIGS  1350000 CPU TIME                0.144
STEP         12 NEW CONFIGS     782536 CUMMULATIVE CONFIGS    3583604 CPU TIME             2927.360
    SEED CONFIGS    10000 CPU TIME               18.325
    SEED CONFIGS    20000 CPU TIME               17.001
    SEED CONFIGS    30000 CPU TIME               16.471
    SEED CONFIGS    40000 CPU TIME               15.432
    SEED CONFIGS    50000 CPU TIME               15.550
    SEED CONFIGS    60000 CPU TIME               13.666
    SEED CONFIGS    70000 CPU TIME               13.643
    SEED CONFIGS    80000 CPU TIME               13.830
    SEED CONFIGS    90000 CPU TIME               12.912
    SEED CONFIGS   100000 CPU TIME               12.514
    SEED CONFIGS   110000 CPU TIME               12.457
    SEED CONFIGS   120000 CPU TIME               11.843
    SEED CONFIGS   130000 CPU TIME               11.242
    SEED CONFIGS   140000 CPU TIME               10.626
    SEED CONFIGS   150000 CPU TIME               10.246
    SEED CONFIGS   160000 CPU TIME                9.563
    SEED CONFIGS   170000 CPU TIME                9.556
    SEED CONFIGS   180000 CPU TIME                8.688
    SEED CONFIGS   190000 CPU TIME                8.768
    SEED CONFIGS   200000 CPU TIME                8.017
    SEED CONFIGS   210000 CPU TIME                7.707
    SEED CONFIGS   220000 CPU TIME                7.534
    SEED CONFIGS   230000 CPU TIME                6.905
    SEED CONFIGS   240000 CPU TIME                5.763
    SEED CONFIGS   250000 CPU TIME                6.108
    SEED CONFIGS   260000 CPU TIME                6.002
    SEED CONFIGS   270000 CPU TIME                5.348
    SEED CONFIGS   280000 CPU TIME                5.080
    SEED CONFIGS   290000 CPU TIME                4.467
    SEED CONFIGS   300000 CPU TIME                5.457
    SEED CONFIGS   310000 CPU TIME                5.536
    SEED CONFIGS   320000 CPU TIME                5.006
    SEED CONFIGS   330000 CPU TIME                4.696
    SEED CONFIGS   340000 CPU TIME                4.318
    SEED CONFIGS   350000 CPU TIME                4.140
    SEED CONFIGS   360000 CPU TIME                3.737
    SEED CONFIGS   370000 CPU TIME                3.888
    SEED CONFIGS   380000 CPU TIME                3.411
    SEED CONFIGS   390000 CPU TIME                3.434
    SEED CONFIGS   400000 CPU TIME                2.978
    SEED CONFIGS   410000 CPU TIME                3.072
    SEED CONFIGS   420000 CPU TIME                2.895
    SEED CONFIGS   430000 CPU TIME                2.314
    SEED CONFIGS   440000 CPU TIME                2.089
    SEED CONFIGS   450000 CPU TIME                2.129
    SEED CONFIGS   460000 CPU TIME                2.160
    SEED CONFIGS   470000 CPU TIME                1.942
    SEED CONFIGS   480000 CPU TIME                1.681
    SEED CONFIGS   490000 CPU TIME                1.527
    SEED CONFIGS   500000 CPU TIME                1.323
    SEED CONFIGS   510000 CPU TIME                1.401
    SEED CONFIGS   520000 CPU TIME                1.481
    SEED CONFIGS   530000 CPU TIME                1.205
    SEED CONFIGS   540000 CPU TIME                1.166
    SEED CONFIGS   550000 CPU TIME                0.885
    SEED CONFIGS   560000 CPU TIME                0.850
    SEED CONFIGS   570000 CPU TIME                0.861
    SEED CONFIGS   580000 CPU TIME                0.633
    SEED CONFIGS   590000 CPU TIME                0.615
    SEED CONFIGS   600000 CPU TIME                0.839
    SEED CONFIGS   610000 CPU TIME                0.675
    SEED CONFIGS   620000 CPU TIME                0.497
    SEED CONFIGS   630000 CPU TIME                0.448
    SEED CONFIGS   640000 CPU TIME                0.408
    SEED CONFIGS   650000 CPU TIME                0.300
    SEED CONFIGS   660000 CPU TIME                0.220
    SEED CONFIGS   670000 CPU TIME                0.249
    SEED CONFIGS   680000 CPU TIME                0.217
    SEED CONFIGS   690000 CPU TIME                0.188
    SEED CONFIGS   700000 CPU TIME                0.298
    SEED CONFIGS   710000 CPU TIME                0.340
    SEED CONFIGS   720000 CPU TIME                0.190
    SEED CONFIGS   730000 CPU TIME                0.189
    SEED CONFIGS   740000 CPU TIME                0.121
    SEED CONFIGS   750000 CPU TIME                0.087
    SEED CONFIGS   760000 CPU TIME                0.123
    SEED CONFIGS   770000 CPU TIME                0.059
    SEED CONFIGS   780000 CPU TIME                0.044
STEP         13 NEW CONFIGS      90280 CUMMULATIVE CONFIGS    3673884 CPU TIME              387.596
STEP         14 NEW CONFIGS        276 CUMMULATIVE CONFIGS    3674160 (CONVERGED) CPU TIME                1.531
