2X2X2 RUBIK'S CUBE CONFIGURATION GENERATION
1: QUARTER-TURN METRIC; 2: HALF-TURN METRIC; 3: SEMI-QUARTER-TURN METRIC; 4: TWO-QUARTER-TURN METRIC
2
HALF-TURN METRIC
1: BISECTION SEARCH IN SORTED LIST; 2: SEQUENTIAL SEARCH IN UNSORTED LIST
1
BISECTION SEARCH IN SORTED LIST
TOTAL NUMBER OF CONFIGURATIONS = 3674160
STEP          0 NEW CONFIGS          1 CUMMULATIVE CONFIGS          1
STEP          1 NEW CONFIGS          9 CUMMULATIVE CONFIGS         10 CPU TIME                0.007
DISTANCE 0 FOUND 0
DISTANCE 1 FOUND 0
SUM 9 = 9 X 1
STEP          2 NEW CONFIGS         54 CUMMULATIVE CONFIGS         64 CPU TIME                0.001
DISTANCE 0 FOUND 9
DISTANCE 1 FOUND 18
DISTANCE 2 FOUND 0
SUM 81 = 9 X 9
STEP          3 NEW CONFIGS        321 CUMMULATIVE CONFIGS        385 CPU TIME                0.001
DISTANCE 0 FOUND 0
DISTANCE 1 FOUND 54
DISTANCE 2 FOUND 108
DISTANCE 3 FOUND 3
SUM 486 = 9 X 54
STEP          4 NEW CONFIGS       1847 CUMMULATIVE CONFIGS       2232 CPU TIME                0.005
DISTANCE 0 FOUND 0
DISTANCE 1 FOUND 0
DISTANCE 2 FOUND 324
DISTANCE 3 FOUND 660
DISTANCE 4 FOUND 58
SUM 2889 = 9 X 321
STEP          5 NEW CONFIGS       9992 CUMMULATIVE CONFIGS      12224 CPU TIME                0.097
DISTANCE 0 FOUND 0
DISTANCE 1 FOUND 0
DISTANCE 2 FOUND 0
DISTANCE 3 FOUND 1905
DISTANCE 4 FOUND 4038
DISTANCE 5 FOUND 688
SUM 16623 = 9 X 1847
STEP          6 NEW CONFIGS      50136 CUMMULATIVE CONFIGS      62360 CPU TIME                2.422
DISTANCE 0 FOUND 0
DISTANCE 1 FOUND 0
DISTANCE 2 FOUND 0
DISTANCE 3 FOUND 0
DISTANCE 4 FOUND 10680
DISTANCE 5 FOUND 23304
DISTANCE 6 FOUND 5808
SUM 89928 = 9 X 9992
STEP          7 NEW CONFIGS     227536 CUMMULATIVE CONFIGS     289896 CPU TIME               54.521
DISTANCE 0 FOUND 0
DISTANCE 1 FOUND 0
DISTANCE 2 FOUND 0
DISTANCE 3 FOUND 0
DISTANCE 4 FOUND 0
DISTANCE 5 FOUND 55944
DISTANCE 6 FOUND 125832
DISTANCE 7 FOUND 41912
SUM 451224 = 9 X 50136
STEP          8 NEW CONFIGS     870072 CUMMULATIVE CONFIGS    1159968 CPU TIME              882.390
DISTANCE 0 FOUND 0
DISTANCE 1 FOUND 0
DISTANCE 2 FOUND 0
DISTANCE 3 FOUND 0
DISTANCE 4 FOUND 0
DISTANCE 5 FOUND 0
DISTANCE 6 FOUND 269448
DISTANCE 7 FOUND 631596
DISTANCE 8 FOUND 276708
SUM 2047824 = 9 X 227536
STEP          9 NEW CONFIGS    1887748 CUMMULATIVE CONFIGS    3047716 CPU TIME             5534.635
DISTANCE 0 FOUND 0
DISTANCE 1 FOUND 0
DISTANCE 2 FOUND 0
DISTANCE 3 FOUND 0
DISTANCE 4 FOUND 0
DISTANCE 5 FOUND 0
DISTANCE 6 FOUND 0
DISTANCE 7 FOUND 1146780
DISTANCE 8 FOUND 2989872
DISTANCE 9 FOUND 1806248
SUM 7830648 = 9 X 870072
STEP         10 NEW CONFIGS     623800 CUMMULATIVE CONFIGS    3671516 CPU TIME             2948.926
DISTANCE 0 FOUND 0
DISTANCE 1 FOUND 0
DISTANCE 2 FOUND 0
DISTANCE 3 FOUND 0
DISTANCE 4 FOUND 0
DISTANCE 5 FOUND 0
DISTANCE 6 FOUND 0
DISTANCE 7 FOUND 0
DISTANCE 8 FOUND 3693996
DISTANCE 9 FOUND 10113852
DISTANCE 10 FOUND 2558084
SUM 16989732 = 9 X 1887748
STEP         11 NEW CONFIGS       2644 CUMMULATIVE CONFIGS    3674160 CPU TIME               18.707
DISTANCE 0 FOUND 0
DISTANCE 1 FOUND 0
DISTANCE 2 FOUND 0
DISTANCE 3 FOUND 0
DISTANCE 4 FOUND 0
DISTANCE 5 FOUND 0
DISTANCE 6 FOUND 0
DISTANCE 7 FOUND 0
DISTANCE 8 FOUND 0
DISTANCE 9 FOUND 3181884
DISTANCE 10 FOUND 2410632
DISTANCE 11 FOUND 19040
SUM 5614200 = 9 X 623800
POST-ENUMERATION ANALYSIS
RADIUS = 11
1-TURN 4250079
2-TURN 3415668
3-TURN 3640905
4-TURN 3835110
5-TURN 3249471
6-TURN 3547816
7-TURN 3646581
8-TURN 3149979
9-TURN 3433779
SUM 32169388
