2X2X2 RUBIK'S CUBE CONFIGURATION GENERATION
1: QUARTER-TURN METRIC; 2: HALF-TURN METRIC; 3: SEMI-QUARTER-TURN METRIC; 4: TWO-QUARTER-TURN METRIC
2
HALF-TURN METRIC
1: BISECTION SEARCH IN SORTED LIST; 2: SEQUENTIAL SEARCH IN UNSORTED LIST
1
BISECTION SEARCH IN SORTED LIST
TOTAL NUMBER OF CONFIGURATIONS = 3674160
STEP          0 NEW CONFIGS          1 CUMMULATIVE CONFIGS          1
STEP          1 NEW CONFIGS          9 CUMMULATIVE CONFIGS         10 CPU TIME                0.006
DISTANCE 0 FOUND 0
DISTANCE 1 FOUND 0
SUM 9 = 9 X 1
STEP          2 NEW CONFIGS         54 CUMMULATIVE CONFIGS         64 CPU TIME                0.001
DISTANCE 0 FOUND 9
DISTANCE 1 FOUND 18
DISTANCE 2 FOUND 0
SUM 81 = 9 X 9
STEP          3 NEW CONFIGS        321 CUMMULATIVE CONFIGS        385 CPU TIME                0.001
DISTANCE 0 FOUND 0
DISTANCE 1 FOUND 54
DISTANCE 2 FOUND 108
DISTANCE 3 FOUND 3
SUM 486 = 9 X 54
STEP          4 NEW CONFIGS       1847 CUMMULATIVE CONFIGS       2232 CPU TIME                0.005
DISTANCE 0 FOUND 0
DISTANCE 1 FOUND 0
DISTANCE 2 FOUND 324
DISTANCE 3 FOUND 660
DISTANCE 4 FOUND 58
SUM 2889 = 9 X 321
STEP          5 NEW CONFIGS       9992 CUMMULATIVE CONFIGS      12224 CPU TIME                0.099
DISTANCE 0 FOUND 0
DISTANCE 1 FOUND 0
DISTANCE 2 FOUND 0
DISTANCE 3 FOUND 1905
DISTANCE 4 FOUND 4038
DISTANCE 5 FOUND 688
SUM 16623 = 9 X 1847
STEP          6 NEW CONFIGS      50136 CUMMULATIVE CONFIGS      62360 CPU TIME                2.511
DISTANCE 0 FOUND 0
DISTANCE 1 FOUND 0
DISTANCE 2 FOUND 0
DISTANCE 3 FOUND 0
DISTANCE 4 FOUND 10680
DISTANCE 5 FOUND 23304
DISTANCE 6 FOUND 5808
SUM 89928 = 9 X 9992
STEP          7 NEW CONFIGS     227536 CUMMULATIVE CONFIGS     289896 CPU TIME               56.206
DISTANCE 0 FOUND 0
DISTANCE 1 FOUND 0
DISTANCE 2 FOUND 0
DISTANCE 3 FOUND 0
DISTANCE 4 FOUND 0
DISTANCE 5 FOUND 55944
DISTANCE 6 FOUND 125832
DISTANCE 7 FOUND 41912
SUM 451224 = 9 X 50136
STEP          8 NEW CONFIGS     870072 CUMMULATIVE CONFIGS    1159968 CPU TIME              906.271
DISTANCE 0 FOUND 0
DISTANCE 1 FOUND 0
DISTANCE 2 FOUND 0
DISTANCE 3 FOUND 0
DISTANCE 4 FOUND 0
DISTANCE 5 FOUND 0
DISTANCE 6 FOUND 269448
DISTANCE 7 FOUND 631596
DISTANCE 8 FOUND 276708
SUM 2047824 = 9 X 227536
STEP          9 NEW CONFIGS    1887748 CUMMULATIVE CONFIGS    3047716 CPU TIME             5666.158
DISTANCE 0 FOUND 0
DISTANCE 1 FOUND 0
DISTANCE 2 FOUND 0
DISTANCE 3 FOUND 0
DISTANCE 4 FOUND 0
DISTANCE 5 FOUND 0
DISTANCE 6 FOUND 0
DISTANCE 7 FOUND 1146780
DISTANCE 8 FOUND 2989872
DISTANCE 9 FOUND 1806248
SUM 7830648 = 9 X 870072
STEP         10 NEW CONFIGS     623800 CUMMULATIVE CONFIGS    3671516 CPU TIME             3007.989
DISTANCE 0 FOUND 0
DISTANCE 1 FOUND 0
DISTANCE 2 FOUND 0
DISTANCE 3 FOUND 0
DISTANCE 4 FOUND 0
DISTANCE 5 FOUND 0
DISTANCE 6 FOUND 0
DISTANCE 7 FOUND 0
DISTANCE 8 FOUND 3693996
DISTANCE 9 FOUND 10113852
DISTANCE 10 FOUND 2558084
SUM 16989732 = 9 X 1887748
STEP         11 NEW CONFIGS       2644 CUMMULATIVE CONFIGS    3674160 CPU TIME               18.312
DISTANCE 0 FOUND 0
DISTANCE 1 FOUND 0
DISTANCE 2 FOUND 0
DISTANCE 3 FOUND 0
DISTANCE 4 FOUND 0
DISTANCE 5 FOUND 0
DISTANCE 6 FOUND 0
DISTANCE 7 FOUND 0
DISTANCE 8 FOUND 0
DISTANCE 9 FOUND 3181884
DISTANCE 10 FOUND 2410632
DISTANCE 11 FOUND 19040
SUM 5614200 = 9 X 623800
POST-ENUMERATION ANALYSIS
RADIUS = 11
DISTANCE 0
   1-TURN 0
   2-TURN 0
   3-TURN 0
   4-TURN 0
   5-TURN 0
   6-TURN 0
   7-TURN 0
   8-TURN 0
   9-TURN 0
   SUM 0
DISTANCE 1
   1-TURN 1
   2-TURN 1
   3-TURN 1
   4-TURN 1
   5-TURN 1
   6-TURN 1
   7-TURN 1
   8-TURN 1
   9-TURN 1
   SUM 9
DISTANCE 2
   1-TURN 12
   2-TURN 12
   3-TURN 12
   4-TURN 12
   5-TURN 12
   6-TURN 12
   7-TURN 12
   8-TURN 12
   9-TURN 12
   SUM 108
DISTANCE 3
   1-TURN 108
   2-TURN 106
   3-TURN 108
   4-TURN 108
   5-TURN 105
   6-TURN 108
   7-TURN 108
   8-TURN 104
   9-TURN 108
   SUM 963
DISTANCE 4
   1-TURN 851
   2-TURN 773
   3-TURN 847
   4-TURN 851
   5-TURN 764
   6-TURN 847
   7-TURN 851
   8-TURN 757
   9-TURN 847
   SUM 7388
DISTANCE 5
   1-TURN 5916
   2-TURN 5044
   3-TURN 5801
   4-TURN 5875
   5-TURN 5010
   6-TURN 5766
   7-TURN 5841
   8-TURN 4978
   9-TURN 5729
   SUM 49960
DISTANCE 6
   1-TURN 35967
   2-TURN 30510
   3-TURN 34702
   4-TURN 35569
   5-TURN 30242
   6-TURN 34455
   7-TURN 35224
   8-TURN 29976
   9-TURN 34171
   SUM 300816
DISTANCE 7
   1-TURN 191401
   2-TURN 163668
   3-TURN 182561
   4-TURN 188208
   5-TURN 161898
   6-TURN 180678
   7-TURN 185693
   8-TURN 160170
   9-TURN 178475
   SUM 1592752
DISTANCE 8
   1-TURN 844619
   2-TURN 725777
   3-TURN 793715
   4-TURN 824242
   5-TURN 713755
   6-TURN 780706
   7-TURN 807978
   8-TURN 703056
   9-TURN 766728
   SUM 6960576
DISTANCE 9
   1-TURN 2172654
   2-TURN 1816947
   3-TURN 1948487
   4-TURN 2029668
   5-TURN 1729492
   6-TURN 1876592
   7-TURN 1932319
   8-TURN 1671845
   9-TURN 1811728
   SUM 16989732
DISTANCE 10
   1-TURN 993074
   2-TURN 670044
   3-TURN 671819
   4-TURN 746577
   5-TURN 605334
   6-TURN 665696
   7-TURN 675528
   8-TURN 576550
   9-TURN 633378
   SUM 6238000
DISTANCE 11
   1-TURN 5476
   2-TURN 2786
   3-TURN 2852
   4-TURN 3999
   5-TURN 2858
   6-TURN 2955
   7-TURN 3026
   8-TURN 2530
   9-TURN 2602
   SUM 29084
SUM 32169388
TOTAL
   1-TURN 4250079
   2-TURN 3415668
   3-TURN 3640905
   4-TURN 3835110
   5-TURN 3249471
   6-TURN 3547816
   7-TURN 3646581
   8-TURN 3149979
   9-TURN 3433779
SUM 32169388
SUM 32169388
fort.21 CONTAINS I,LIST(I),DIST(I),TURN(I)
