3X3X3 RUBIK'S CUBE CONFIGURATION GENERATION
1: QUARTER-TURN METRIC; 2: HALF-TURN METRIC; 3: SQUARE-SLICE SUBGROUP; 4: SQUARE SUBGROUP
4
SQUARE SUBGROUP
MAX NUMBER OF CONFIGURATIONS = 1000000
STEP          0 NEW CONFIGS          1 CUMMULATIVE CONFIGS          1
STEP          1 NEW CONFIGS          6 CUMMULATIVE CONFIGS          7 CPU TIME                0.012
STEP          2 NEW CONFIGS         27 CUMMULATIVE CONFIGS         34 CPU TIME                0.002
STEP          3 NEW CONFIGS        120 CUMMULATIVE CONFIGS        154 CPU TIME                0.002
STEP          4 NEW CONFIGS        519 CUMMULATIVE CONFIGS        673 CPU TIME                0.003
STEP          5 NEW CONFIGS       1932 CUMMULATIVE CONFIGS       2605 CPU TIME                0.019
STEP          6 NEW CONFIGS       6484 CUMMULATIVE CONFIGS       9089 CPU TIME                0.290
STEP          7 NEW CONFIGS      20310 CUMMULATIVE CONFIGS      29399 CPU TIME                3.761
STEP          8 NEW CONFIGS      55034 CUMMULATIVE CONFIGS      84433 CPU TIME               37.278
STEP          9 NEW CONFIGS     113892 CUMMULATIVE CONFIGS     198325 CPU TIME              350.233
    SEED CONFIGS    10000 CPU TIME               87.602
    SEED CONFIGS    20000 CPU TIME              109.538
    SEED CONFIGS    30000 CPU TIME              120.489
    SEED CONFIGS    40000 CPU TIME              129.503
    SEED CONFIGS    50000 CPU TIME              137.387
    SEED CONFIGS    60000 CPU TIME              149.968
    SEED CONFIGS    70000 CPU TIME              147.958
    SEED CONFIGS    80000 CPU TIME              164.449
    SEED CONFIGS    90000 CPU TIME              170.664
    SEED CONFIGS   100000 CPU TIME              178.135
    SEED CONFIGS   110000 CPU TIME              184.244
STEP         10 NEW CONFIGS     178495 CUMMULATIVE CONFIGS     376820 CPU TIME             1652.993
    SEED CONFIGS    10000 CPU TIME              166.832
    SEED CONFIGS    20000 CPU TIME              190.421
    SEED CONFIGS    30000 CPU TIME              185.684
    SEED CONFIGS    40000 CPU TIME              204.622
    SEED CONFIGS    50000 CPU TIME              211.889
    SEED CONFIGS    60000 CPU TIME              219.406
    SEED CONFIGS    70000 CPU TIME              225.985
    SEED CONFIGS    80000 CPU TIME              232.813
    SEED CONFIGS    90000 CPU TIME              239.385
    SEED CONFIGS   100000 CPU TIME              236.187
    SEED CONFIGS   110000 CPU TIME              234.576
    SEED CONFIGS   120000 CPU TIME              229.167
    SEED CONFIGS   130000 CPU TIME              250.895
    SEED CONFIGS   140000 CPU TIME              250.578
    SEED CONFIGS   150000 CPU TIME              252.675
    SEED CONFIGS   160000 CPU TIME              267.069
    SEED CONFIGS   170000 CPU TIME              279.905
STEP         11 NEW CONFIGS     179196 CUMMULATIVE CONFIGS     556016 CPU TIME             4105.511
    SEED CONFIGS    10000 CPU TIME              241.762
    SEED CONFIGS    20000 CPU TIME              256.650
    SEED CONFIGS    30000 CPU TIME              252.721
    SEED CONFIGS    40000 CPU TIME              260.599
    SEED CONFIGS    50000 CPU TIME              271.913
    SEED CONFIGS    60000 CPU TIME              272.814
    SEED CONFIGS    70000 CPU TIME              274.006
    SEED CONFIGS    80000 CPU TIME              290.980
    SEED CONFIGS    90000 CPU TIME              294.179
    SEED CONFIGS   100000 CPU TIME              291.904
    SEED CONFIGS   110000 CPU TIME              272.097
    SEED CONFIGS   120000 CPU TIME              303.236
    SEED CONFIGS   130000 CPU TIME              311.854
    SEED CONFIGS   140000 CPU TIME              322.121
    SEED CONFIGS   150000 CPU TIME              321.157
    SEED CONFIGS   160000 CPU TIME              334.790
    SEED CONFIGS   170000 CPU TIME              339.767
STEP         12 NEW CONFIGS      89728 CUMMULATIVE CONFIGS     645744 CPU TIME             5242.607
STEP         13 NEW CONFIGS      16176 CUMMULATIVE CONFIGS     661920 CPU TIME             3212.432
STEP         14 NEW CONFIGS       1488 CUMMULATIVE CONFIGS     663408 CPU TIME              701.992
STEP         15 NEW CONFIGS        144 CUMMULATIVE CONFIGS     663552 CPU TIME               68.868
ILLEGAL TERMINATION WITH CUMMULATIVE CONFIGURATIONS 663552
